ARM GAS  C:\Users\siman\AppData\Local\Temp\ccYQRLdU.s 			page 1


   1              		.syntax unified
   2              		.cpu cortex-m3
   3              		.fpu softvfp
   4              		.eabi_attribute 20, 1
   5              		.eabi_attribute 21, 1
   6              		.eabi_attribute 23, 3
   7              		.eabi_attribute 24, 1
   8              		.eabi_attribute 25, 1
   9              		.eabi_attribute 26, 1
  10              		.eabi_attribute 30, 1
  11              		.eabi_attribute 34, 1
  12              		.eabi_attribute 18, 4
  13              		.thumb
  14              		.syntax unified
  15              		.file	"cymetadata.c"
  16              		.text
  17              	.Ltext0:
  18              		.cfi_sections	.debug_frame
  19              		.global	cy_metadata
  20              		.global	cy_meta_flashprotect
  21              		.global	cy_meta_wonvl
  22              		.global	cy_meta_custnvl
  23              		.global	cy_meta_configecc
  24              		.section	.cyconfigecc,"a",%progbits
  25              		.align	2
  26              		.type	cy_meta_configecc, %object
  27              		.size	cy_meta_configecc, 1388
  28              	cy_meta_configecc:
  29 0000 01       		.byte	1
  30 0001 4F       		.byte	79
  31 0002 00       		.byte	0
  32 0003 40       		.byte	64
  33 0004 04       		.byte	4
  34 0005 52       		.byte	82
  35 0006 00       		.byte	0
  36 0007 40       		.byte	64
  37 0008 03       		.byte	3
  38 0009 64       		.byte	100
  39 000a 00       		.byte	0
  40 000b 40       		.byte	64
  41 000c 02       		.byte	2
  42 000d 65       		.byte	101
  43 000e 00       		.byte	0
  44 000f 40       		.byte	64
  45 0010 30       		.byte	48
  46 0011 01       		.byte	1
  47 0012 01       		.byte	1
  48 0013 40       		.byte	64
  49 0014 4D       		.byte	77
  50 0015 02       		.byte	2
  51 0016 01       		.byte	1
  52 0017 40       		.byte	64
  53 0018 40       		.byte	64
  54 0019 03       		.byte	3
  55 001a 01       		.byte	1
  56 001b 40       		.byte	64
  57 001c 4E       		.byte	78
ARM GAS  C:\Users\siman\AppData\Local\Temp\ccYQRLdU.s 			page 2


  58 001d 04       		.byte	4
  59 001e 01       		.byte	1
  60 001f 40       		.byte	64
  61 0020 3D       		.byte	61
  62 0021 05       		.byte	5
  63 0022 01       		.byte	1
  64 0023 40       		.byte	64
  65 0024 01       		.byte	1
  66 0025 0B       		.byte	11
  67 0026 01       		.byte	1
  68 0027 40       		.byte	64
  69 0028 04       		.byte	4
  70 0029 0C       		.byte	12
  71 002a 01       		.byte	1
  72 002b 40       		.byte	64
  73 002c 01       		.byte	1
  74 002d 0D       		.byte	13
  75 002e 01       		.byte	1
  76 002f 40       		.byte	64
  77 0030 45       		.byte	69
  78 0031 18       		.byte	24
  79 0032 01       		.byte	1
  80 0033 40       		.byte	64
  81 0034 20       		.byte	32
  82 0035 19       		.byte	25
  83 0036 01       		.byte	1
  84 0037 40       		.byte	64
  85 0038 42       		.byte	66
  86 0039 1A       		.byte	26
  87 003a 01       		.byte	1
  88 003b 40       		.byte	64
  89 003c 1C       		.byte	28
  90 003d 1B       		.byte	27
  91 003e 01       		.byte	1
  92 003f 40       		.byte	64
  93 0040 04       		.byte	4
  94 0041 40       		.byte	64
  95 0042 01       		.byte	1
  96 0043 40       		.byte	64
  97 0044 09       		.byte	9
  98 0045 41       		.byte	65
  99 0046 01       		.byte	1
 100 0047 40       		.byte	64
 101 0048 07       		.byte	7
 102 0049 42       		.byte	66
 103 004a 01       		.byte	1
 104 004b 40       		.byte	64
 105 004c 06       		.byte	6
 106 004d 4C       		.byte	76
 107 004e 01       		.byte	1
 108 004f 40       		.byte	64
 109 0050 03       		.byte	3
 110 0051 4D       		.byte	77
 111 0052 01       		.byte	1
 112 0053 40       		.byte	64
 113 0054 05       		.byte	5
 114 0055 50       		.byte	80
ARM GAS  C:\Users\siman\AppData\Local\Temp\ccYQRLdU.s 			page 3


 115 0056 01       		.byte	1
 116 0057 40       		.byte	64
 117 0058 01       		.byte	1
 118 0059 51       		.byte	81
 119 005a 01       		.byte	1
 120 005b 40       		.byte	64
 121 005c 0A       		.byte	10
 122 005d 4B       		.byte	75
 123 005e 00       		.byte	0
 124 005f 10       		.byte	16
 125 0060 04       		.byte	4
 126 0061 20       		.byte	32
 127 0062 08       		.byte	8
 128 0063 80       		.byte	-128
 129 0064 09       		.byte	9
 130 0065 80       		.byte	-128
 131 0066 81       		.byte	-127
 132 0067 72       		.byte	114
 133 0068 82       		.byte	-126
 134 0069 38       		.byte	56
 135 006a 84       		.byte	-124
 136 006b 0F       		.byte	15
 137 006c 89       		.byte	-119
 138 006d 0D       		.byte	13
 139 006e 8B       		.byte	-117
 140 006f 0D       		.byte	13
 141 0070 04       		.byte	4
 142 0071 02       		.byte	2
 143 0072 05       		.byte	5
 144 0073 18       		.byte	24
 145 0074 06       		.byte	6
 146 0075 02       		.byte	2
 147 0076 0A       		.byte	10
 148 0077 0C       		.byte	12
 149 0078 0B       		.byte	11
 150 0079 08       		.byte	8
 151 007a 0D       		.byte	13
 152 007b 08       		.byte	8
 153 007c 0E       		.byte	14
 154 007d 44       		.byte	68
 155 007e 0F       		.byte	15
 156 007f 02       		.byte	2
 157 0080 14       		.byte	20
 158 0081 C0       		.byte	-64
 159 0082 17       		.byte	23
 160 0083 48       		.byte	72
 161 0084 1D       		.byte	29
 162 0085 04       		.byte	4
 163 0086 1E       		.byte	30
 164 0087 09       		.byte	9
 165 0088 1F       		.byte	31
 166 0089 04       		.byte	4
 167 008a 24       		.byte	36
 168 008b 02       		.byte	2
 169 008c 25       		.byte	37
 170 008d 60       		.byte	96
 171 008e 27       		.byte	39
ARM GAS  C:\Users\siman\AppData\Local\Temp\ccYQRLdU.s 			page 4


 172 008f A0       		.byte	-96
 173 0090 2C       		.byte	44
 174 0091 40       		.byte	64
 175 0092 2E       		.byte	46
 176 0093 60       		.byte	96
 177 0094 2F       		.byte	47
 178 0095 21       		.byte	33
 179 0096 35       		.byte	53
 180 0097 14       		.byte	20
 181 0098 37       		.byte	55
 182 0099 41       		.byte	65
 183 009a 3D       		.byte	61
 184 009b 26       		.byte	38
 185 009c 3E       		.byte	62
 186 009d 01       		.byte	1
 187 009e 3F       		.byte	63
 188 009f 80       		.byte	-128
 189 00a0 45       		.byte	69
 190 00a1 09       		.byte	9
 191 00a2 46       		.byte	70
 192 00a3 20       		.byte	32
 193 00a4 47       		.byte	71
 194 00a5 80       		.byte	-128
 195 00a6 4C       		.byte	76
 196 00a7 01       		.byte	1
 197 00a8 4E       		.byte	78
 198 00a9 04       		.byte	4
 199 00aa 4F       		.byte	79
 200 00ab 08       		.byte	8
 201 00ac 57       		.byte	87
 202 00ad 40       		.byte	64
 203 00ae 5E       		.byte	94
 204 00af 08       		.byte	8
 205 00b0 6D       		.byte	109
 206 00b1 24       		.byte	36
 207 00b2 6F       		.byte	111
 208 00b3 15       		.byte	21
 209 00b4 75       		.byte	117
 210 00b5 08       		.byte	8
 211 00b6 76       		.byte	118
 212 00b7 02       		.byte	2
 213 00b8 77       		.byte	119
 214 00b9 08       		.byte	8
 215 00ba 85       		.byte	-123
 216 00bb 20       		.byte	32
 217 00bc 86       		.byte	-122
 218 00bd 40       		.byte	64
 219 00be C0       		.byte	-64
 220 00bf F0       		.byte	-16
 221 00c0 C2       		.byte	-62
 222 00c1 F0       		.byte	-16
 223 00c2 C4       		.byte	-60
 224 00c3 B0       		.byte	-80
 225 00c4 CA       		.byte	-54
 226 00c5 F0       		.byte	-16
 227 00c6 CC       		.byte	-52
 228 00c7 F0       		.byte	-16
ARM GAS  C:\Users\siman\AppData\Local\Temp\ccYQRLdU.s 			page 5


 229 00c8 CE       		.byte	-50
 230 00c9 F0       		.byte	-16
 231 00ca D0       		.byte	-48
 232 00cb D0       		.byte	-48
 233 00cc D2       		.byte	-46
 234 00cd 30       		.byte	48
 235 00ce D6       		.byte	-42
 236 00cf 40       		.byte	64
 237 00d0 00       		.byte	0
 238 00d1 12       		.byte	18
 239 00d2 01       		.byte	1
 240 00d3 10       		.byte	16
 241 00d4 02       		.byte	2
 242 00d5 2C       		.byte	44
 243 00d6 04       		.byte	4
 244 00d7 76       		.byte	118
 245 00d8 05       		.byte	5
 246 00d9 E7       		.byte	-25
 247 00da 07       		.byte	7
 248 00db 18       		.byte	24
 249 00dc 08       		.byte	8
 250 00dd 44       		.byte	68
 251 00de 09       		.byte	9
 252 00df 19       		.byte	25
 253 00e0 0A       		.byte	10
 254 00e1 22       		.byte	34
 255 00e2 0B       		.byte	11
 256 00e3 E4       		.byte	-28
 257 00e4 0C       		.byte	12
 258 00e5 20       		.byte	32
 259 00e6 0E       		.byte	14
 260 00e7 50       		.byte	80
 261 00e8 0F       		.byte	15
 262 00e9 E6       		.byte	-26
 263 00ea 13       		.byte	19
 264 00eb 01       		.byte	1
 265 00ec 15       		.byte	21
 266 00ed 08       		.byte	8
 267 00ee 19       		.byte	25
 268 00ef FF       		.byte	-1
 269 00f0 1A       		.byte	26
 270 00f1 01       		.byte	1
 271 00f2 1D       		.byte	29
 272 00f3 19       		.byte	25
 273 00f4 1F       		.byte	31
 274 00f5 E2       		.byte	-30
 275 00f6 21       		.byte	33
 276 00f7 41       		.byte	65
 277 00f8 24       		.byte	36
 278 00f9 76       		.byte	118
 279 00fa 25       		.byte	37
 280 00fb 18       		.byte	24
 281 00fc 29       		.byte	41
 282 00fd 80       		.byte	-128
 283 00fe 2A       		.byte	42
 284 00ff 01       		.byte	1
 285 0100 2D       		.byte	45
ARM GAS  C:\Users\siman\AppData\Local\Temp\ccYQRLdU.s 			page 6


 286 0101 C0       		.byte	-64
 287 0102 30       		.byte	48
 288 0103 70       		.byte	112
 289 0104 31       		.byte	49
 290 0105 38       		.byte	56
 291 0106 32       		.byte	50
 292 0107 01       		.byte	1
 293 0108 34       		.byte	52
 294 0109 06       		.byte	6
 295 010a 35       		.byte	53
 296 010b 1F       		.byte	31
 297 010c 36       		.byte	54
 298 010d 08       		.byte	8
 299 010e 37       		.byte	55
 300 010f C0       		.byte	-64
 301 0110 3B       		.byte	59
 302 0111 2A       		.byte	42
 303 0112 3E       		.byte	62
 304 0113 04       		.byte	4
 305 0114 54       		.byte	84
 306 0115 18       		.byte	24
 307 0116 58       		.byte	88
 308 0117 04       		.byte	4
 309 0118 59       		.byte	89
 310 0119 04       		.byte	4
 311 011a 5B       		.byte	91
 312 011b 04       		.byte	4
 313 011c 5C       		.byte	92
 314 011d 11       		.byte	17
 315 011e 5D       		.byte	93
 316 011f 10       		.byte	16
 317 0120 5F       		.byte	95
 318 0121 01       		.byte	1
 319 0122 84       		.byte	-124
 320 0123 03       		.byte	3
 321 0124 89       		.byte	-119
 322 0125 01       		.byte	1
 323 0126 8C       		.byte	-116
 324 0127 02       		.byte	2
 325 0128 90       		.byte	-112
 326 0129 03       		.byte	3
 327 012a 93       		.byte	-109
 328 012b 02       		.byte	2
 329 012c 99       		.byte	-103
 330 012d 04       		.byte	4
 331 012e A6       		.byte	-90
 332 012f 01       		.byte	1
 333 0130 A9       		.byte	-87
 334 0131 02       		.byte	2
 335 0132 AD       		.byte	-83
 336 0133 02       		.byte	2
 337 0134 B3       		.byte	-77
 338 0135 01       		.byte	1
 339 0136 B4       		.byte	-76
 340 0137 03       		.byte	3
 341 0138 B5       		.byte	-75
 342 0139 06       		.byte	6
ARM GAS  C:\Users\siman\AppData\Local\Temp\ccYQRLdU.s 			page 7


 343 013a B8       		.byte	-72
 344 013b 20       		.byte	32
 345 013c B9       		.byte	-71
 346 013d 20       		.byte	32
 347 013e BE       		.byte	-66
 348 013f 10       		.byte	16
 349 0140 BF       		.byte	-65
 350 0141 04       		.byte	4
 351 0142 C0       		.byte	-64
 352 0143 02       		.byte	2
 353 0144 C6       		.byte	-58
 354 0145 04       		.byte	4
 355 0146 C9       		.byte	-55
 356 0147 FF       		.byte	-1
 357 0148 CA       		.byte	-54
 358 0149 07       		.byte	7
 359 014a CB       		.byte	-53
 360 014b FF       		.byte	-1
 361 014c CC       		.byte	-52
 362 014d 40       		.byte	64
 363 014e CD       		.byte	-51
 364 014f 20       		.byte	32
 365 0150 CE       		.byte	-50
 366 0151 F0       		.byte	-16
 367 0152 CF       		.byte	-49
 368 0153 05       		.byte	5
 369 0154 D0       		.byte	-48
 370 0155 08       		.byte	8
 371 0156 D8       		.byte	-40
 372 0157 04       		.byte	4
 373 0158 D9       		.byte	-39
 374 0159 04       		.byte	4
 375 015a DA       		.byte	-38
 376 015b 04       		.byte	4
 377 015c DC       		.byte	-36
 378 015d 10       		.byte	16
 379 015e DD       		.byte	-35
 380 015f 01       		.byte	1
 381 0160 DF       		.byte	-33
 382 0161 01       		.byte	1
 383 0162 E0       		.byte	-32
 384 0163 40       		.byte	64
 385 0164 E1       		.byte	-31
 386 0165 A8       		.byte	-88
 387 0166 E2       		.byte	-30
 388 0167 40       		.byte	64
 389 0168 E3       		.byte	-29
 390 0169 20       		.byte	32
 391 016a 00       		.byte	0
 392 016b 08       		.byte	8
 393 016c 02       		.byte	2
 394 016d 10       		.byte	16
 395 016e 03       		.byte	3
 396 016f 01       		.byte	1
 397 0170 04       		.byte	4
 398 0171 40       		.byte	64
 399 0172 05       		.byte	5
ARM GAS  C:\Users\siman\AppData\Local\Temp\ccYQRLdU.s 			page 8


 400 0173 12       		.byte	18
 401 0174 07       		.byte	7
 402 0175 10       		.byte	16
 403 0176 0A       		.byte	10
 404 0177 40       		.byte	64
 405 0178 0F       		.byte	15
 406 0179 08       		.byte	8
 407 017a 10       		.byte	16
 408 017b 20       		.byte	32
 409 017c 17       		.byte	23
 410 017d 24       		.byte	36
 411 017e 18       		.byte	24
 412 017f 04       		.byte	4
 413 0180 1C       		.byte	28
 414 0181 40       		.byte	64
 415 0182 1D       		.byte	29
 416 0183 10       		.byte	16
 417 0184 1E       		.byte	30
 418 0185 02       		.byte	2
 419 0186 1F       		.byte	31
 420 0187 05       		.byte	5
 421 0188 22       		.byte	34
 422 0189 10       		.byte	16
 423 018a 23       		.byte	35
 424 018b 10       		.byte	16
 425 018c 24       		.byte	36
 426 018d 09       		.byte	9
 427 018e 25       		.byte	37
 428 018f 18       		.byte	24
 429 0190 27       		.byte	39
 430 0191 40       		.byte	64
 431 0192 2A       		.byte	42
 432 0193 10       		.byte	16
 433 0194 2B       		.byte	43
 434 0195 02       		.byte	2
 435 0196 2C       		.byte	44
 436 0197 08       		.byte	8
 437 0198 2D       		.byte	45
 438 0199 0A       		.byte	10
 439 019a 2F       		.byte	47
 440 019b 01       		.byte	1
 441 019c 30       		.byte	48
 442 019d 20       		.byte	32
 443 019e 33       		.byte	51
 444 019f 01       		.byte	1
 445 01a0 34       		.byte	52
 446 01a1 10       		.byte	16
 447 01a2 36       		.byte	54
 448 01a3 01       		.byte	1
 449 01a4 37       		.byte	55
 450 01a5 48       		.byte	72
 451 01a6 38       		.byte	56
 452 01a7 10       		.byte	16
 453 01a8 3D       		.byte	61
 454 01a9 A0       		.byte	-96
 455 01aa 3E       		.byte	62
 456 01ab 06       		.byte	6
ARM GAS  C:\Users\siman\AppData\Local\Temp\ccYQRLdU.s 			page 9


 457 01ac 40       		.byte	64
 458 01ad 04       		.byte	4
 459 01ae 44       		.byte	68
 460 01af 10       		.byte	16
 461 01b0 45       		.byte	69
 462 01b1 08       		.byte	8
 463 01b2 48       		.byte	72
 464 01b3 28       		.byte	40
 465 01b4 49       		.byte	73
 466 01b5 10       		.byte	16
 467 01b6 50       		.byte	80
 468 01b7 40       		.byte	64
 469 01b8 5C       		.byte	92
 470 01b9 01       		.byte	1
 471 01ba 66       		.byte	102
 472 01bb 40       		.byte	64
 473 01bc 67       		.byte	103
 474 01bd 08       		.byte	8
 475 01be 80       		.byte	-128
 476 01bf 84       		.byte	-124
 477 01c0 92       		.byte	-110
 478 01c1 04       		.byte	4
 479 01c2 97       		.byte	-105
 480 01c3 02       		.byte	2
 481 01c4 99       		.byte	-103
 482 01c5 08       		.byte	8
 483 01c6 9A       		.byte	-102
 484 01c7 42       		.byte	66
 485 01c8 9B       		.byte	-101
 486 01c9 3C       		.byte	60
 487 01ca 9C       		.byte	-100
 488 01cb 80       		.byte	-128
 489 01cc 9D       		.byte	-99
 490 01cd 10       		.byte	16
 491 01ce 9F       		.byte	-97
 492 01cf 40       		.byte	64
 493 01d0 A1       		.byte	-95
 494 01d1 40       		.byte	64
 495 01d2 A3       		.byte	-93
 496 01d3 04       		.byte	4
 497 01d4 A5       		.byte	-91
 498 01d5 08       		.byte	8
 499 01d6 A7       		.byte	-89
 500 01d7 21       		.byte	33
 501 01d8 C0       		.byte	-64
 502 01d9 F5       		.byte	-11
 503 01da C2       		.byte	-62
 504 01db 48       		.byte	72
 505 01dc C4       		.byte	-60
 506 01dd 64       		.byte	100
 507 01de CA       		.byte	-54
 508 01df FC       		.byte	-4
 509 01e0 CC       		.byte	-52
 510 01e1 F5       		.byte	-11
 511 01e2 CE       		.byte	-50
 512 01e3 F4       		.byte	-12
 513 01e4 D0       		.byte	-48
ARM GAS  C:\Users\siman\AppData\Local\Temp\ccYQRLdU.s 			page 10


 514 01e5 04       		.byte	4
 515 01e6 D6       		.byte	-42
 516 01e7 80       		.byte	-128
 517 01e8 D8       		.byte	-40
 518 01e9 30       		.byte	48
 519 01ea 04       		.byte	4
 520 01eb 30       		.byte	48
 521 01ec 06       		.byte	6
 522 01ed 0C       		.byte	12
 523 01ee 09       		.byte	9
 524 01ef 03       		.byte	3
 525 01f0 0A       		.byte	10
 526 01f1 03       		.byte	3
 527 01f2 0B       		.byte	11
 528 01f3 0C       		.byte	12
 529 01f4 0C       		.byte	12
 530 01f5 1C       		.byte	28
 531 01f6 0E       		.byte	14
 532 01f7 22       		.byte	34
 533 01f8 10       		.byte	16
 534 01f9 2C       		.byte	44
 535 01fa 11       		.byte	17
 536 01fb 0A       		.byte	10
 537 01fc 12       		.byte	18
 538 01fd 11       		.byte	17
 539 01fe 13       		.byte	19
 540 01ff 04       		.byte	4
 541 0200 14       		.byte	20
 542 0201 09       		.byte	9
 543 0202 15       		.byte	21
 544 0203 03       		.byte	3
 545 0204 16       		.byte	22
 546 0205 10       		.byte	16
 547 0206 17       		.byte	23
 548 0207 04       		.byte	4
 549 0208 18       		.byte	24
 550 0209 14       		.byte	20
 551 020a 1B       		.byte	27
 552 020b 05       		.byte	5
 553 020c 1D       		.byte	29
 554 020d 10       		.byte	16
 555 020e 20       		.byte	32
 556 020f 10       		.byte	16
 557 0210 26       		.byte	38
 558 0211 20       		.byte	32
 559 0212 2A       		.byte	42
 560 0213 20       		.byte	32
 561 0214 2B       		.byte	43
 562 0215 08       		.byte	8
 563 0216 2D       		.byte	45
 564 0217 03       		.byte	3
 565 0218 2F       		.byte	47
 566 0219 04       		.byte	4
 567 021a 32       		.byte	50
 568 021b 1F       		.byte	31
 569 021c 33       		.byte	51
 570 021d 10       		.byte	16
ARM GAS  C:\Users\siman\AppData\Local\Temp\ccYQRLdU.s 			page 11


 571 021e 35       		.byte	53
 572 021f 0F       		.byte	15
 573 0220 36       		.byte	54
 574 0221 20       		.byte	32
 575 0222 3B       		.byte	59
 576 0223 20       		.byte	32
 577 0224 3E       		.byte	62
 578 0225 40       		.byte	64
 579 0226 3F       		.byte	63
 580 0227 04       		.byte	4
 581 0228 40       		.byte	64
 582 0229 62       		.byte	98
 583 022a 41       		.byte	65
 584 022b 04       		.byte	4
 585 022c 45       		.byte	69
 586 022d E0       		.byte	-32
 587 022e 46       		.byte	70
 588 022f B0       		.byte	-80
 589 0230 47       		.byte	71
 590 0231 0C       		.byte	12
 591 0232 48       		.byte	72
 592 0233 1A       		.byte	26
 593 0234 49       		.byte	73
 594 0235 FF       		.byte	-1
 595 0236 4A       		.byte	74
 596 0237 FF       		.byte	-1
 597 0238 4B       		.byte	75
 598 0239 FF       		.byte	-1
 599 023a 4E       		.byte	78
 600 023b F0       		.byte	-16
 601 023c 4F       		.byte	79
 602 023d 44       		.byte	68
 603 023e 50       		.byte	80
 604 023f 0C       		.byte	12
 605 0240 54       		.byte	84
 606 0241 01       		.byte	1
 607 0242 58       		.byte	88
 608 0243 04       		.byte	4
 609 0244 59       		.byte	89
 610 0245 04       		.byte	4
 611 0246 5A       		.byte	90
 612 0247 04       		.byte	4
 613 0248 5B       		.byte	91
 614 0249 04       		.byte	4
 615 024a 5C       		.byte	92
 616 024b 11       		.byte	17
 617 024c 5D       		.byte	93
 618 024d 11       		.byte	17
 619 024e 5F       		.byte	95
 620 024f 01       		.byte	1
 621 0250 66       		.byte	102
 622 0251 C0       		.byte	-64
 623 0252 6A       		.byte	106
 624 0253 40       		.byte	64
 625 0254 6B       		.byte	107
 626 0255 02       		.byte	2
 627 0256 85       		.byte	-123
ARM GAS  C:\Users\siman\AppData\Local\Temp\ccYQRLdU.s 			page 12


 628 0257 01       		.byte	1
 629 0258 87       		.byte	-121
 630 0259 06       		.byte	6
 631 025a 8A       		.byte	-118
 632 025b 05       		.byte	5
 633 025c 8B       		.byte	-117
 634 025d 0C       		.byte	12
 635 025e 8E       		.byte	-114
 636 025f 02       		.byte	2
 637 0260 91       		.byte	-111
 638 0261 0C       		.byte	12
 639 0262 92       		.byte	-110
 640 0263 03       		.byte	3
 641 0264 93       		.byte	-109
 642 0265 03       		.byte	3
 643 0266 96       		.byte	-106
 644 0267 06       		.byte	6
 645 0268 9A       		.byte	-102
 646 0269 01       		.byte	1
 647 026a A0       		.byte	-96
 648 026b 06       		.byte	6
 649 026c A2       		.byte	-94
 650 026d 01       		.byte	1
 651 026e A3       		.byte	-93
 652 026f 08       		.byte	8
 653 0270 A7       		.byte	-89
 654 0271 03       		.byte	3
 655 0272 AD       		.byte	-83
 656 0273 01       		.byte	1
 657 0274 AF       		.byte	-81
 658 0275 0E       		.byte	14
 659 0276 B0       		.byte	-80
 660 0277 07       		.byte	7
 661 0278 B7       		.byte	-73
 662 0279 0F       		.byte	15
 663 027a BA       		.byte	-70
 664 027b 02       		.byte	2
 665 027c BB       		.byte	-69
 666 027d 80       		.byte	-128
 667 027e D8       		.byte	-40
 668 027f 04       		.byte	4
 669 0280 D9       		.byte	-39
 670 0281 04       		.byte	4
 671 0282 DC       		.byte	-36
 672 0283 11       		.byte	17
 673 0284 DF       		.byte	-33
 674 0285 01       		.byte	1
 675 0286 00       		.byte	0
 676 0287 18       		.byte	24
 677 0288 03       		.byte	3
 678 0289 01       		.byte	1
 679 028a 04       		.byte	4
 680 028b 80       		.byte	-128
 681 028c 06       		.byte	6
 682 028d 02       		.byte	2
 683 028e 07       		.byte	7
 684 028f 0A       		.byte	10
ARM GAS  C:\Users\siman\AppData\Local\Temp\ccYQRLdU.s 			page 13


 685 0290 08       		.byte	8
 686 0291 08       		.byte	8
 687 0292 09       		.byte	9
 688 0293 20       		.byte	32
 689 0294 0A       		.byte	10
 690 0295 70       		.byte	112
 691 0296 0C       		.byte	12
 692 0297 20       		.byte	32
 693 0298 0E       		.byte	14
 694 0299 50       		.byte	80
 695 029a 10       		.byte	16
 696 029b 28       		.byte	40
 697 029c 13       		.byte	19
 698 029d 22       		.byte	34
 699 029e 17       		.byte	23
 700 029f 01       		.byte	1
 701 02a0 18       		.byte	24
 702 02a1 10       		.byte	16
 703 02a2 19       		.byte	25
 704 02a3 80       		.byte	-128
 705 02a4 1E       		.byte	30
 706 02a5 40       		.byte	64
 707 02a6 1F       		.byte	31
 708 02a7 02       		.byte	2
 709 02a8 20       		.byte	32
 710 02a9 08       		.byte	8
 711 02aa 21       		.byte	33
 712 02ab 10       		.byte	16
 713 02ac 22       		.byte	34
 714 02ad 04       		.byte	4
 715 02ae 23       		.byte	35
 716 02af 08       		.byte	8
 717 02b0 27       		.byte	39
 718 02b1 01       		.byte	1
 719 02b2 28       		.byte	40
 720 02b3 08       		.byte	8
 721 02b4 2B       		.byte	43
 722 02b5 02       		.byte	2
 723 02b6 2C       		.byte	44
 724 02b7 20       		.byte	32
 725 02b8 2E       		.byte	46
 726 02b9 06       		.byte	6
 727 02ba 2F       		.byte	47
 728 02bb 02       		.byte	2
 729 02bc 30       		.byte	48
 730 02bd A8       		.byte	-88
 731 02be 33       		.byte	51
 732 02bf 01       		.byte	1
 733 02c0 37       		.byte	55
 734 02c1 01       		.byte	1
 735 02c2 39       		.byte	57
 736 02c3 20       		.byte	32
 737 02c4 3C       		.byte	60
 738 02c5 08       		.byte	8
 739 02c6 3E       		.byte	62
 740 02c7 10       		.byte	16
 741 02c8 42       		.byte	66
ARM GAS  C:\Users\siman\AppData\Local\Temp\ccYQRLdU.s 			page 14


 742 02c9 44       		.byte	68
 743 02ca 48       		.byte	72
 744 02cb 84       		.byte	-124
 745 02cc 49       		.byte	73
 746 02cd 02       		.byte	2
 747 02ce 50       		.byte	80
 748 02cf 08       		.byte	8
 749 02d0 51       		.byte	81
 750 02d1 20       		.byte	32
 751 02d2 59       		.byte	89
 752 02d3 82       		.byte	-126
 753 02d4 5A       		.byte	90
 754 02d5 08       		.byte	8
 755 02d6 5B       		.byte	91
 756 02d7 20       		.byte	32
 757 02d8 90       		.byte	-112
 758 02d9 80       		.byte	-128
 759 02da 92       		.byte	-110
 760 02db 20       		.byte	32
 761 02dc 94       		.byte	-108
 762 02dd 10       		.byte	16
 763 02de 96       		.byte	-106
 764 02df 40       		.byte	64
 765 02e0 9F       		.byte	-97
 766 02e1 01       		.byte	1
 767 02e2 A0       		.byte	-96
 768 02e3 20       		.byte	32
 769 02e4 A4       		.byte	-92
 770 02e5 04       		.byte	4
 771 02e6 A7       		.byte	-89
 772 02e7 02       		.byte	2
 773 02e8 AD       		.byte	-83
 774 02e9 02       		.byte	2
 775 02ea AF       		.byte	-81
 776 02eb 31       		.byte	49
 777 02ec C0       		.byte	-64
 778 02ed C7       		.byte	-57
 779 02ee C2       		.byte	-62
 780 02ef 7E       		.byte	126
 781 02f0 C4       		.byte	-60
 782 02f1 1E       		.byte	30
 783 02f2 CA       		.byte	-54
 784 02f3 DC       		.byte	-36
 785 02f4 CC       		.byte	-52
 786 02f5 8F       		.byte	-113
 787 02f6 CE       		.byte	-50
 788 02f7 64       		.byte	100
 789 02f8 D0       		.byte	-48
 790 02f9 05       		.byte	5
 791 02fa D2       		.byte	-46
 792 02fb 04       		.byte	4
 793 02fc D6       		.byte	-42
 794 02fd 0F       		.byte	15
 795 02fe EA       		.byte	-22
 796 02ff 02       		.byte	2
 797 0300 AF       		.byte	-81
 798 0301 20       		.byte	32
ARM GAS  C:\Users\siman\AppData\Local\Temp\ccYQRLdU.s 			page 15


 799 0302 39       		.byte	57
 800 0303 08       		.byte	8
 801 0304 3F       		.byte	63
 802 0305 04       		.byte	4
 803 0306 59       		.byte	89
 804 0307 04       		.byte	4
 805 0308 5F       		.byte	95
 806 0309 01       		.byte	1
 807 030a 27       		.byte	39
 808 030b 20       		.byte	32
 809 030c 26       		.byte	38
 810 030d 01       		.byte	1
 811 030e 36       		.byte	54
 812 030f 01       		.byte	1
 813 0310 40       		.byte	64
 814 0311 60       		.byte	96
 815 0312 41       		.byte	65
 816 0313 02       		.byte	2
 817 0314 49       		.byte	73
 818 0315 FF       		.byte	-1
 819 0316 4A       		.byte	74
 820 0317 FF       		.byte	-1
 821 0318 4B       		.byte	75
 822 0319 FF       		.byte	-1
 823 031a 4D       		.byte	77
 824 031b A0       		.byte	-96
 825 031c 4F       		.byte	79
 826 031d 04       		.byte	4
 827 031e 50       		.byte	80
 828 031f 18       		.byte	24
 829 0320 58       		.byte	88
 830 0321 04       		.byte	4
 831 0322 5A       		.byte	90
 832 0323 04       		.byte	4
 833 0324 5C       		.byte	92
 834 0325 02       		.byte	2
 835 0326 5D       		.byte	93
 836 0327 02       		.byte	2
 837 0328 5F       		.byte	95
 838 0329 01       		.byte	1
 839 032a 60       		.byte	96
 840 032b 40       		.byte	64
 841 032c 62       		.byte	98
 842 032d C0       		.byte	-64
 843 032e 64       		.byte	100
 844 032f 40       		.byte	64
 845 0330 65       		.byte	101
 846 0331 40       		.byte	64
 847 0332 66       		.byte	102
 848 0333 C0       		.byte	-64
 849 0334 68       		.byte	104
 850 0335 C0       		.byte	-64
 851 0336 6A       		.byte	106
 852 0337 C0       		.byte	-64
 853 0338 6C       		.byte	108
 854 0339 C0       		.byte	-64
 855 033a 6E       		.byte	110
ARM GAS  C:\Users\siman\AppData\Local\Temp\ccYQRLdU.s 			page 16


 856 033b C0       		.byte	-64
 857 033c 87       		.byte	-121
 858 033d 02       		.byte	2
 859 033e 8A       		.byte	-118
 860 033f 02       		.byte	2
 861 0340 8B       		.byte	-117
 862 0341 01       		.byte	1
 863 0342 92       		.byte	-110
 864 0343 01       		.byte	1
 865 0344 96       		.byte	-106
 866 0345 02       		.byte	2
 867 0346 A7       		.byte	-89
 868 0347 02       		.byte	2
 869 0348 AD       		.byte	-83
 870 0349 01       		.byte	1
 871 034a B0       		.byte	-80
 872 034b 02       		.byte	2
 873 034c B2       		.byte	-78
 874 034d 01       		.byte	1
 875 034e B3       		.byte	-77
 876 034f 02       		.byte	2
 877 0350 B4       		.byte	-76
 878 0351 01       		.byte	1
 879 0352 B6       		.byte	-74
 880 0353 01       		.byte	1
 881 0354 B7       		.byte	-73
 882 0355 01       		.byte	1
 883 0356 BF       		.byte	-65
 884 0357 04       		.byte	4
 885 0358 C0       		.byte	-64
 886 0359 10       		.byte	16
 887 035a C1       		.byte	-63
 888 035b 03       		.byte	3
 889 035c C5       		.byte	-59
 890 035d D0       		.byte	-48
 891 035e C6       		.byte	-58
 892 035f 10       		.byte	16
 893 0360 C7       		.byte	-57
 894 0361 02       		.byte	2
 895 0362 C8       		.byte	-56
 896 0363 1A       		.byte	26
 897 0364 C9       		.byte	-55
 898 0365 FF       		.byte	-1
 899 0366 CA       		.byte	-54
 900 0367 FF       		.byte	-1
 901 0368 CB       		.byte	-53
 902 0369 FF       		.byte	-1
 903 036a CD       		.byte	-51
 904 036b AF       		.byte	-81
 905 036c CE       		.byte	-50
 906 036d 0F       		.byte	15
 907 036e CF       		.byte	-49
 908 036f 04       		.byte	4
 909 0370 D0       		.byte	-48
 910 0371 18       		.byte	24
 911 0372 D2       		.byte	-46
 912 0373 80       		.byte	-128
ARM GAS  C:\Users\siman\AppData\Local\Temp\ccYQRLdU.s 			page 17


 913 0374 D4       		.byte	-44
 914 0375 05       		.byte	5
 915 0376 D8       		.byte	-40
 916 0377 04       		.byte	4
 917 0378 D9       		.byte	-39
 918 0379 04       		.byte	4
 919 037a DA       		.byte	-38
 920 037b 04       		.byte	4
 921 037c DB       		.byte	-37
 922 037d 04       		.byte	4
 923 037e DC       		.byte	-36
 924 037f 22       		.byte	34
 925 0380 DD       		.byte	-35
 926 0381 22       		.byte	34
 927 0382 DF       		.byte	-33
 928 0383 01       		.byte	1
 929 0384 E0       		.byte	-32
 930 0385 40       		.byte	64
 931 0386 E2       		.byte	-30
 932 0387 C0       		.byte	-64
 933 0388 E4       		.byte	-28
 934 0389 40       		.byte	64
 935 038a E5       		.byte	-27
 936 038b 40       		.byte	64
 937 038c E6       		.byte	-26
 938 038d C0       		.byte	-64
 939 038e E8       		.byte	-24
 940 038f C0       		.byte	-64
 941 0390 EA       		.byte	-22
 942 0391 C0       		.byte	-64
 943 0392 EC       		.byte	-20
 944 0393 C0       		.byte	-64
 945 0394 EE       		.byte	-18
 946 0395 C0       		.byte	-64
 947 0396 00       		.byte	0
 948 0397 10       		.byte	16
 949 0398 09       		.byte	9
 950 0399 02       		.byte	2
 951 039a 0B       		.byte	11
 952 039b 20       		.byte	32
 953 039c 16       		.byte	22
 954 039d 10       		.byte	16
 955 039e 18       		.byte	24
 956 039f 11       		.byte	17
 957 03a0 19       		.byte	25
 958 03a1 08       		.byte	8
 959 03a2 1A       		.byte	26
 960 03a3 40       		.byte	64
 961 03a4 1B       		.byte	27
 962 03a5 10       		.byte	16
 963 03a6 1D       		.byte	29
 964 03a7 40       		.byte	64
 965 03a8 22       		.byte	34
 966 03a9 44       		.byte	68
 967 03aa 29       		.byte	41
 968 03ab 48       		.byte	72
 969 03ac 3A       		.byte	58
ARM GAS  C:\Users\siman\AppData\Local\Temp\ccYQRLdU.s 			page 18


 970 03ad 04       		.byte	4
 971 03ae 3B       		.byte	59
 972 03af 20       		.byte	32
 973 03b0 40       		.byte	64
 974 03b1 01       		.byte	1
 975 03b2 43       		.byte	67
 976 03b3 08       		.byte	8
 977 03b4 46       		.byte	70
 978 03b5 04       		.byte	4
 979 03b6 49       		.byte	73
 980 03b7 01       		.byte	1
 981 03b8 4F       		.byte	79
 982 03b9 20       		.byte	32
 983 03ba 52       		.byte	82
 984 03bb 14       		.byte	20
 985 03bc 53       		.byte	83
 986 03bd 18       		.byte	24
 987 03be 59       		.byte	89
 988 03bf 01       		.byte	1
 989 03c0 5A       		.byte	90
 990 03c1 88       		.byte	-120
 991 03c2 71       		.byte	113
 992 03c3 02       		.byte	2
 993 03c4 8E       		.byte	-114
 994 03c5 40       		.byte	64
 995 03c6 C0       		.byte	-64
 996 03c7 02       		.byte	2
 997 03c8 C2       		.byte	-62
 998 03c9 0C       		.byte	12
 999 03ca C4       		.byte	-60
 1000 03cb 20       		.byte	32
 1001 03cc CA       		.byte	-54
 1002 03cd 0A       		.byte	10
 1003 03ce CE       		.byte	-50
 1004 03cf 06       		.byte	6
 1005 03d0 D0       		.byte	-48
 1006 03d1 2A       		.byte	42
 1007 03d2 D2       		.byte	-46
 1008 03d3 20       		.byte	32
 1009 03d4 D6       		.byte	-42
 1010 03d5 0B       		.byte	11
 1011 03d6 0E       		.byte	14
 1012 03d7 01       		.byte	1
 1013 03d8 2E       		.byte	46
 1014 03d9 01       		.byte	1
 1015 03da 32       		.byte	50
 1016 03db 01       		.byte	1
 1017 03dc 40       		.byte	64
 1018 03dd 40       		.byte	64
 1019 03de 41       		.byte	65
 1020 03df 03       		.byte	3
 1021 03e0 49       		.byte	73
 1022 03e1 FF       		.byte	-1
 1023 03e2 4A       		.byte	74
 1024 03e3 FF       		.byte	-1
 1025 03e4 4B       		.byte	75
 1026 03e5 FF       		.byte	-1
ARM GAS  C:\Users\siman\AppData\Local\Temp\ccYQRLdU.s 			page 19


 1027 03e6 4D       		.byte	77
 1028 03e7 A0       		.byte	-96
 1029 03e8 4F       		.byte	79
 1030 03e9 04       		.byte	4
 1031 03ea 50       		.byte	80
 1032 03eb 18       		.byte	24
 1033 03ec 58       		.byte	88
 1034 03ed 04       		.byte	4
 1035 03ee 5A       		.byte	90
 1036 03ef 04       		.byte	4
 1037 03f0 5C       		.byte	92
 1038 03f1 02       		.byte	2
 1039 03f2 5D       		.byte	93
 1040 03f3 02       		.byte	2
 1041 03f4 5F       		.byte	95
 1042 03f5 01       		.byte	1
 1043 03f6 60       		.byte	96
 1044 03f7 40       		.byte	64
 1045 03f8 62       		.byte	98
 1046 03f9 C0       		.byte	-64
 1047 03fa 64       		.byte	100
 1048 03fb 40       		.byte	64
 1049 03fc 65       		.byte	101
 1050 03fd 40       		.byte	64
 1051 03fe 66       		.byte	102
 1052 03ff C0       		.byte	-64
 1053 0400 68       		.byte	104
 1054 0401 C0       		.byte	-64
 1055 0402 6A       		.byte	106
 1056 0403 C0       		.byte	-64
 1057 0404 6C       		.byte	108
 1058 0405 C0       		.byte	-64
 1059 0406 6E       		.byte	110
 1060 0407 C0       		.byte	-64
 1061 0408 82       		.byte	-126
 1062 0409 02       		.byte	2
 1063 040a 83       		.byte	-125
 1064 040b 01       		.byte	1
 1065 040c 89       		.byte	-119
 1066 040d 01       		.byte	1
 1067 040e 8A       		.byte	-118
 1068 040f 02       		.byte	2
 1069 0410 8E       		.byte	-114
 1070 0411 04       		.byte	4
 1071 0412 A2       		.byte	-94
 1072 0413 01       		.byte	1
 1073 0414 B0       		.byte	-80
 1074 0415 01       		.byte	1
 1075 0416 B1       		.byte	-79
 1076 0417 01       		.byte	1
 1077 0418 B2       		.byte	-78
 1078 0419 04       		.byte	4
 1079 041a B4       		.byte	-76
 1080 041b 02       		.byte	2
 1081 041c BE       		.byte	-66
 1082 041d 10       		.byte	16
 1083 041e C0       		.byte	-64
ARM GAS  C:\Users\siman\AppData\Local\Temp\ccYQRLdU.s 			page 20


 1084 041f 40       		.byte	64
 1085 0420 C1       		.byte	-63
 1086 0421 02       		.byte	2
 1087 0422 C5       		.byte	-59
 1088 0423 D0       		.byte	-48
 1089 0424 C7       		.byte	-57
 1090 0425 12       		.byte	18
 1091 0426 C8       		.byte	-56
 1092 0427 32       		.byte	50
 1093 0428 C9       		.byte	-55
 1094 0429 FF       		.byte	-1
 1095 042a CA       		.byte	-54
 1096 042b FF       		.byte	-1
 1097 042c CB       		.byte	-53
 1098 042d FF       		.byte	-1
 1099 042e CD       		.byte	-51
 1100 042f AF       		.byte	-81
 1101 0430 CE       		.byte	-50
 1102 0431 0F       		.byte	15
 1103 0432 CF       		.byte	-49
 1104 0433 04       		.byte	4
 1105 0434 D0       		.byte	-48
 1106 0435 18       		.byte	24
 1107 0436 D2       		.byte	-46
 1108 0437 80       		.byte	-128
 1109 0438 D4       		.byte	-44
 1110 0439 05       		.byte	5
 1111 043a D8       		.byte	-40
 1112 043b 04       		.byte	4
 1113 043c D9       		.byte	-39
 1114 043d 04       		.byte	4
 1115 043e DA       		.byte	-38
 1116 043f 04       		.byte	4
 1117 0440 DB       		.byte	-37
 1118 0441 04       		.byte	4
 1119 0442 DC       		.byte	-36
 1120 0443 22       		.byte	34
 1121 0444 DD       		.byte	-35
 1122 0445 22       		.byte	34
 1123 0446 DF       		.byte	-33
 1124 0447 01       		.byte	1
 1125 0448 E0       		.byte	-32
 1126 0449 40       		.byte	64
 1127 044a E2       		.byte	-30
 1128 044b C0       		.byte	-64
 1129 044c E4       		.byte	-28
 1130 044d 40       		.byte	64
 1131 044e E5       		.byte	-27
 1132 044f 40       		.byte	64
 1133 0450 E6       		.byte	-26
 1134 0451 C0       		.byte	-64
 1135 0452 E8       		.byte	-24
 1136 0453 C0       		.byte	-64
 1137 0454 EA       		.byte	-22
 1138 0455 C0       		.byte	-64
 1139 0456 EC       		.byte	-20
 1140 0457 C0       		.byte	-64
ARM GAS  C:\Users\siman\AppData\Local\Temp\ccYQRLdU.s 			page 21


 1141 0458 EE       		.byte	-18
 1142 0459 C0       		.byte	-64
 1143 045a 03       		.byte	3
 1144 045b 02       		.byte	2
 1145 045c 05       		.byte	5
 1146 045d 01       		.byte	1
 1147 045e 06       		.byte	6
 1148 045f 05       		.byte	5
 1149 0460 12       		.byte	18
 1150 0461 01       		.byte	1
 1151 0462 16       		.byte	22
 1152 0463 40       		.byte	64
 1153 0464 19       		.byte	25
 1154 0465 08       		.byte	8
 1155 0466 1D       		.byte	29
 1156 0467 03       		.byte	3
 1157 0468 1E       		.byte	30
 1158 0469 18       		.byte	24
 1159 046a 1F       		.byte	31
 1160 046b 02       		.byte	2
 1161 046c 24       		.byte	36
 1162 046d 40       		.byte	64
 1163 046e 3E       		.byte	62
 1164 046f 10       		.byte	16
 1165 0470 3F       		.byte	63
 1166 0471 02       		.byte	2
 1167 0472 43       		.byte	67
 1168 0473 0A       		.byte	10
 1169 0474 45       		.byte	69
 1170 0475 02       		.byte	2
 1171 0476 46       		.byte	70
 1172 0477 04       		.byte	4
 1173 0478 4D       		.byte	77
 1174 0479 01       		.byte	1
 1175 047a 56       		.byte	86
 1176 047b 05       		.byte	5
 1177 047c 57       		.byte	87
 1178 047d 09       		.byte	9
 1179 047e 5C       		.byte	92
 1180 047f 40       		.byte	64
 1181 0480 5D       		.byte	93
 1182 0481 01       		.byte	1
 1183 0482 5E       		.byte	94
 1184 0483 08       		.byte	8
 1185 0484 76       		.byte	118
 1186 0485 40       		.byte	64
 1187 0486 89       		.byte	-119
 1188 0487 08       		.byte	8
 1189 0488 C0       		.byte	-64
 1190 0489 D1       		.byte	-47
 1191 048a C4       		.byte	-60
 1192 048b 11       		.byte	17
 1193 048c CE       		.byte	-50
 1194 048d A0       		.byte	-96
 1195 048e D0       		.byte	-48
 1196 048f A3       		.byte	-93
 1197 0490 D6       		.byte	-42
ARM GAS  C:\Users\siman\AppData\Local\Temp\ccYQRLdU.s 			page 22


 1198 0491 D0       		.byte	-48
 1199 0492 33       		.byte	51
 1200 0493 10       		.byte	16
 1201 0494 35       		.byte	53
 1202 0495 80       		.byte	-128
 1203 0496 6B       		.byte	107
 1204 0497 14       		.byte	20
 1205 0498 CC       		.byte	-52
 1206 0499 30       		.byte	48
 1207 049a 03       		.byte	3
 1208 049b 04       		.byte	4
 1209 049c 05       		.byte	5
 1210 049d 80       		.byte	-128
 1211 049e 0E       		.byte	14
 1212 049f 20       		.byte	32
 1213 04a0 5E       		.byte	94
 1214 04a1 01       		.byte	1
 1215 04a2 9D       		.byte	-99
 1216 04a3 80       		.byte	-128
 1217 04a4 9F       		.byte	-97
 1218 04a5 04       		.byte	4
 1219 04a6 C0       		.byte	-64
 1220 04a7 C0       		.byte	-64
 1221 04a8 C2       		.byte	-62
 1222 04a9 20       		.byte	32
 1223 04aa D6       		.byte	-42
 1224 04ab 80       		.byte	-128
 1225 04ac 5B       		.byte	91
 1226 04ad 01       		.byte	1
 1227 04ae 9B       		.byte	-101
 1228 04af 01       		.byte	1
 1229 04b0 AE       		.byte	-82
 1230 04b1 11       		.byte	17
 1231 04b2 AF       		.byte	-81
 1232 04b3 01       		.byte	1
 1233 04b4 D6       		.byte	-42
 1234 04b5 40       		.byte	64
 1235 04b6 EA       		.byte	-22
 1236 04b7 50       		.byte	80
 1237 04b8 EC       		.byte	-20
 1238 04b9 10       		.byte	16
 1239 04ba 63       		.byte	99
 1240 04bb 02       		.byte	2
 1241 04bc 66       		.byte	102
 1242 04bd 01       		.byte	1
 1243 04be 8E       		.byte	-114
 1244 04bf 01       		.byte	1
 1245 04c0 D6       		.byte	-42
 1246 04c1 02       		.byte	2
 1247 04c2 D8       		.byte	-40
 1248 04c3 01       		.byte	1
 1249 04c4 E4       		.byte	-28
 1250 04c5 02       		.byte	2
 1251 04c6 8B       		.byte	-117
 1252 04c7 01       		.byte	1
 1253 04c8 A7       		.byte	-89
 1254 04c9 01       		.byte	1
ARM GAS  C:\Users\siman\AppData\Local\Temp\ccYQRLdU.s 			page 23


 1255 04ca E0       		.byte	-32
 1256 04cb 01       		.byte	1
 1257 04cc 00       		.byte	0
 1258 04cd 02       		.byte	2
 1259 04ce 08       		.byte	8
 1260 04cf 02       		.byte	2
 1261 04d0 0A       		.byte	10
 1262 04d1 02       		.byte	2
 1263 04d2 10       		.byte	16
 1264 04d3 04       		.byte	4
 1265 04d4 1C       		.byte	28
 1266 04d5 04       		.byte	4
 1267 04d6 00       		.byte	0
 1268 04d7 0F       		.byte	15
 1269 04d8 00       		.byte	0
 1270 04d9 00       		.byte	0
 1271 04da 23       		.byte	35
 1272 04db 01       		.byte	1
 1273 04dc 0C       		.byte	12
 1274 04dd 02       		.byte	2
 1275 04de 00       		.byte	0
 1276 04df 00       		.byte	0
 1277 04e0 02       		.byte	2
 1278 04e1 02       		.byte	2
 1279 04e2 00       		.byte	0
 1280 04e3 00       		.byte	0
 1281 04e4 08       		.byte	8
 1282 04e5 00       		.byte	0
 1283 04e6 00       		.byte	0
 1284 04e7 01       		.byte	1
 1285 04e8 03       		.byte	3
 1286 04e9 02       		.byte	2
 1287 04ea 00       		.byte	0
 1288 04eb 00       		.byte	0
 1289 04ec 3F       		.byte	63
 1290 04ed 04       		.byte	4
 1291 04ee 00       		.byte	0
 1292 04ef 00       		.byte	0
 1293 04f0 33       		.byte	51
 1294 04f1 00       		.byte	0
 1295 04f2 0C       		.byte	12
 1296 04f3 08       		.byte	8
 1297 04f4 01       		.byte	1
 1298 04f5 00       		.byte	0
 1299 04f6 00       		.byte	0
 1300 04f7 04       		.byte	4
 1301 04f8 3C       		.byte	60
 1302 04f9 00       		.byte	0
 1303 04fa 03       		.byte	3
 1304 04fb 04       		.byte	4
 1305 04fc 04       		.byte	4
 1306 04fd 00       		.byte	0
 1307 04fe 00       		.byte	0
 1308 04ff 08       		.byte	8
 1309 0500 00       		.byte	0
 1310 0501 04       		.byte	4
 1311 0502 00       		.byte	0
ARM GAS  C:\Users\siman\AppData\Local\Temp\ccYQRLdU.s 			page 24


 1312 0503 00       		.byte	0
 1313 0504 1F       		.byte	31
 1314 0505 00       		.byte	0
 1315 0506 20       		.byte	32
 1316 0507 10       		.byte	16
 1317 0508 00       		.byte	0
 1318 0509 18       		.byte	24
 1319 050a 0F       		.byte	15
 1320 050b 04       		.byte	4
 1321 050c 10       		.byte	16
 1322 050d 01       		.byte	1
 1323 050e 2C       		.byte	44
 1324 050f 02       		.byte	2
 1325 0510 00       		.byte	0
 1326 0511 08       		.byte	8
 1327 0512 08       		.byte	8
 1328 0513 00       		.byte	0
 1329 0514 00       		.byte	0
 1330 0515 00       		.byte	0
 1331 0516 10       		.byte	16
 1332 0517 11       		.byte	17
 1333 0518 65       		.byte	101
 1334 0519 03       		.byte	3
 1335 051a 04       		.byte	4
 1336 051b 00       		.byte	0
 1337 051c 01       		.byte	1
 1338 051d 0E       		.byte	14
 1339 051e 0C       		.byte	12
 1340 051f 00       		.byte	0
 1341 0520 05       		.byte	5
 1342 0521 FF       		.byte	-1
 1343 0522 FF       		.byte	-1
 1344 0523 FF       		.byte	-1
 1345 0524 62       		.byte	98
 1346 0525 A0       		.byte	-96
 1347 0526 F0       		.byte	-16
 1348 0527 41       		.byte	65
 1349 0528 0C       		.byte	12
 1350 0529 00       		.byte	0
 1351 052a 00       		.byte	0
 1352 052b 00       		.byte	0
 1353 052c 00       		.byte	0
 1354 052d 00       		.byte	0
 1355 052e 02       		.byte	2
 1356 052f 12       		.byte	18
 1357 0530 04       		.byte	4
 1358 0531 04       		.byte	4
 1359 0532 04       		.byte	4
 1360 0533 04       		.byte	4
 1361 0534 11       		.byte	17
 1362 0535 11       		.byte	17
 1363 0536 00       		.byte	0
 1364 0537 01       		.byte	1
 1365 0538 00       		.byte	0
 1366 0539 00       		.byte	0
 1367 053a 00       		.byte	0
 1368 053b 00       		.byte	0
ARM GAS  C:\Users\siman\AppData\Local\Temp\ccYQRLdU.s 			page 25


 1369 053c 00       		.byte	0
 1370 053d 00       		.byte	0
 1371 053e 40       		.byte	64
 1372 053f 02       		.byte	2
 1373 0540 00       		.byte	0
 1374 0541 10       		.byte	16
 1375 0542 30       		.byte	48
 1376 0543 10       		.byte	16
 1377 0544 00       		.byte	0
 1378 0545 10       		.byte	16
 1379 0546 10       		.byte	16
 1380 0547 12       		.byte	18
 1381 0548 00       		.byte	0
 1382 0549 00       		.byte	0
 1383 054a 00       		.byte	0
 1384 054b 00       		.byte	0
 1385 054c 00       		.byte	0
 1386 054d 00       		.byte	0
 1387 054e 00       		.byte	0
 1388 054f 00       		.byte	0
 1389 0550 00       		.byte	0
 1390 0551 00       		.byte	0
 1391 0552 00       		.byte	0
 1392 0553 00       		.byte	0
 1393 0554 00       		.byte	0
 1394 0555 00       		.byte	0
 1395 0556 00       		.byte	0
 1396 0557 00       		.byte	0
 1397 0558 1C       		.byte	28
 1398 0559 00       		.byte	0
 1399 055a 20       		.byte	32
 1400 055b 1C       		.byte	28
 1401 055c 10       		.byte	16
 1402 055d 00       		.byte	0
 1403 055e 10       		.byte	16
 1404 055f 00       		.byte	0
 1405 0560 00       		.byte	0
 1406 0561 00       		.byte	0
 1407 0562 00       		.byte	0
 1408 0563 00       		.byte	0
 1409 0564 00       		.byte	0
 1410 0565 CB       		.byte	-53
 1411 0566 CB       		.byte	-53
 1412 0567 00       		.byte	0
 1413 0568 C0       		.byte	-64
 1414 0569 00       		.byte	0
 1415 056a 00       		.byte	0
 1416 056b 00       		.byte	0
 1417              		.section	.cywolatch,"a",%progbits
 1418              		.align	2
 1419              		.type	cy_meta_wonvl, %object
 1420              		.size	cy_meta_wonvl, 4
 1421              	cy_meta_wonvl:
 1422 0000 BC       		.byte	-68
 1423 0001 90       		.byte	-112
 1424 0002 AC       		.byte	-84
 1425 0003 AF       		.byte	-81
ARM GAS  C:\Users\siman\AppData\Local\Temp\ccYQRLdU.s 			page 26


 1426              		.section	.cycustnvl,"a",%progbits
 1427              		.align	2
 1428              		.type	cy_meta_custnvl, %object
 1429              		.size	cy_meta_custnvl, 4
 1430              	cy_meta_custnvl:
 1431 0000 00       		.byte	0
 1432 0001 00       		.byte	0
 1433 0002 40       		.byte	64
 1434 0003 05       		.byte	5
 1435              		.section	.cymeta,"a",%progbits
 1436              		.align	2
 1437              		.type	cy_metadata, %object
 1438              		.size	cy_metadata, 12
 1439              	cy_metadata:
 1440 0000 00       		.byte	0
 1441 0001 01       		.byte	1
 1442 0002 2E       		.byte	46
 1443 0003 12       		.byte	18
 1444 0004 30       		.byte	48
 1445 0005 69       		.byte	105
 1446 0006 00       		.byte	0
 1447 0007 01       		.byte	1
 1448 0008 00       		.byte	0
 1449 0009 00       		.byte	0
 1450 000a 00       		.byte	0
 1451 000b 00       		.byte	0
 1452              		.section	.cyflashprotect,"a",%progbits
 1453              		.align	2
 1454              		.type	cy_meta_flashprotect, %object
 1455              		.size	cy_meta_flashprotect, 256
 1456              	cy_meta_flashprotect:
 1457 0000 00000000 		.space	256
 1457      00000000 
 1457      00000000 
 1457      00000000 
 1457      00000000 
 1458              		.text
 1459              	.Letext0:
 1460              		.file 1 "c:\\program files (x86)\\cypress\\psoc creator\\4.4\\psoc creator\\import\\gnu\\arm\\5.4.
 1461              		.file 2 "c:\\program files (x86)\\cypress\\psoc creator\\4.4\\psoc creator\\import\\gnu\\arm\\5.4.
 1462              		.file 3 "Generated_Source\\PSoC5\\cymetadata.c"
 1463              		.section	.debug_info,"",%progbits
 1464              	.Ldebug_info0:
 1465 0000 32010000 		.4byte	0x132
 1466 0004 0400     		.2byte	0x4
 1467 0006 00000000 		.4byte	.Ldebug_abbrev0
 1468 000a 04       		.byte	0x4
 1469 000b 01       		.uleb128 0x1
 1470 000c 24000000 		.4byte	.LASF17
 1471 0010 0C       		.byte	0xc
 1472 0011 C8010000 		.4byte	.LASF18
 1473 0015 72010000 		.4byte	.LASF19
 1474 0019 00000000 		.4byte	.Ldebug_line0
 1475 001d 02       		.uleb128 0x2
 1476 001e 01       		.byte	0x1
 1477 001f 06       		.byte	0x6
 1478 0020 BC010000 		.4byte	.LASF0
ARM GAS  C:\Users\siman\AppData\Local\Temp\ccYQRLdU.s 			page 27


 1479 0024 03       		.uleb128 0x3
 1480 0025 00000000 		.4byte	.LASF9
 1481 0029 01       		.byte	0x1
 1482 002a 1D       		.byte	0x1d
 1483 002b 2F000000 		.4byte	0x2f
 1484 002f 02       		.uleb128 0x2
 1485 0030 01       		.byte	0x1
 1486 0031 08       		.byte	0x8
 1487 0032 16000000 		.4byte	.LASF1
 1488 0036 02       		.uleb128 0x2
 1489 0037 02       		.byte	0x2
 1490 0038 05       		.byte	0x5
 1491 0039 5F010000 		.4byte	.LASF2
 1492 003d 02       		.uleb128 0x2
 1493 003e 02       		.byte	0x2
 1494 003f 07       		.byte	0x7
 1495 0040 C4000000 		.4byte	.LASF3
 1496 0044 02       		.uleb128 0x2
 1497 0045 04       		.byte	0x4
 1498 0046 05       		.byte	0x5
 1499 0047 69010000 		.4byte	.LASF4
 1500 004b 02       		.uleb128 0x2
 1501 004c 04       		.byte	0x4
 1502 004d 07       		.byte	0x7
 1503 004e B2000000 		.4byte	.LASF5
 1504 0052 02       		.uleb128 0x2
 1505 0053 08       		.byte	0x8
 1506 0054 05       		.byte	0x5
 1507 0055 51010000 		.4byte	.LASF6
 1508 0059 02       		.uleb128 0x2
 1509 005a 08       		.byte	0x8
 1510 005b 07       		.byte	0x7
 1511 005c 06010000 		.4byte	.LASF7
 1512 0060 04       		.uleb128 0x4
 1513 0061 04       		.byte	0x4
 1514 0062 05       		.byte	0x5
 1515 0063 696E7400 		.ascii	"int\000"
 1516 0067 02       		.uleb128 0x2
 1517 0068 04       		.byte	0x4
 1518 0069 07       		.byte	0x7
 1519 006a F9000000 		.4byte	.LASF8
 1520 006e 03       		.uleb128 0x3
 1521 006f 1D010000 		.4byte	.LASF10
 1522 0073 02       		.byte	0x2
 1523 0074 18       		.byte	0x18
 1524 0075 24000000 		.4byte	0x24
 1525 0079 05       		.uleb128 0x5
 1526 007a 91000000 		.4byte	0x91
 1527 007e 8A000000 		.4byte	0x8a
 1528 0082 06       		.uleb128 0x6
 1529 0083 8A000000 		.4byte	0x8a
 1530 0087 6B05     		.2byte	0x56b
 1531 0089 00       		.byte	0
 1532 008a 02       		.uleb128 0x2
 1533 008b 04       		.byte	0x4
 1534 008c 07       		.byte	0x7
 1535 008d 48010000 		.4byte	.LASF11
ARM GAS  C:\Users\siman\AppData\Local\Temp\ccYQRLdU.s 			page 28


 1536 0091 07       		.uleb128 0x7
 1537 0092 6E000000 		.4byte	0x6e
 1538 0096 08       		.uleb128 0x8
 1539 0097 E7000000 		.4byte	.LASF12
 1540 009b 03       		.byte	0x3
 1541 009c 1F       		.byte	0x1f
 1542 009d A7000000 		.4byte	0xa7
 1543 00a1 05       		.uleb128 0x5
 1544 00a2 03       		.byte	0x3
 1545 00a3 00000000 		.4byte	cy_meta_configecc
 1546 00a7 07       		.uleb128 0x7
 1547 00a8 79000000 		.4byte	0x79
 1548 00ac 05       		.uleb128 0x5
 1549 00ad 91000000 		.4byte	0x91
 1550 00b1 BC000000 		.4byte	0xbc
 1551 00b5 09       		.uleb128 0x9
 1552 00b6 8A000000 		.4byte	0x8a
 1553 00ba 03       		.byte	0x3
 1554 00bb 00       		.byte	0
 1555 00bc 08       		.uleb128 0x8
 1556 00bd D7000000 		.4byte	.LASF13
 1557 00c1 03       		.byte	0x3
 1558 00c2 DA       		.byte	0xda
 1559 00c3 CD000000 		.4byte	0xcd
 1560 00c7 05       		.uleb128 0x5
 1561 00c8 03       		.byte	0x3
 1562 00c9 00000000 		.4byte	cy_meta_custnvl
 1563 00cd 07       		.uleb128 0x7
 1564 00ce AC000000 		.4byte	0xac
 1565 00d2 08       		.uleb128 0x8
 1566 00d3 3A010000 		.4byte	.LASF14
 1567 00d7 03       		.byte	0x3
 1568 00d8 E8       		.byte	0xe8
 1569 00d9 E3000000 		.4byte	0xe3
 1570 00dd 05       		.uleb128 0x5
 1571 00de 03       		.byte	0x3
 1572 00df 00000000 		.4byte	cy_meta_wonvl
 1573 00e3 07       		.uleb128 0x7
 1574 00e4 AC000000 		.4byte	0xac
 1575 00e8 05       		.uleb128 0x5
 1576 00e9 91000000 		.4byte	0x91
 1577 00ed F8000000 		.4byte	0xf8
 1578 00f1 09       		.uleb128 0x9
 1579 00f2 8A000000 		.4byte	0x8a
 1580 00f6 FF       		.byte	0xff
 1581 00f7 00       		.byte	0
 1582 00f8 08       		.uleb128 0x8
 1583 00f9 25010000 		.4byte	.LASF15
 1584 00fd 03       		.byte	0x3
 1585 00fe F6       		.byte	0xf6
 1586 00ff 09010000 		.4byte	0x109
 1587 0103 05       		.uleb128 0x5
 1588 0104 03       		.byte	0x3
 1589 0105 00000000 		.4byte	cy_meta_flashprotect
 1590 0109 07       		.uleb128 0x7
 1591 010a E8000000 		.4byte	0xe8
 1592 010e 05       		.uleb128 0x5
ARM GAS  C:\Users\siman\AppData\Local\Temp\ccYQRLdU.s 			page 29


 1593 010f 91000000 		.4byte	0x91
 1594 0113 1E010000 		.4byte	0x11e
 1595 0117 09       		.uleb128 0x9
 1596 0118 8A000000 		.4byte	0x8a
 1597 011c 0B       		.byte	0xb
 1598 011d 00       		.byte	0
 1599 011e 0A       		.uleb128 0xa
 1600 011f 0A000000 		.4byte	.LASF16
 1601 0123 03       		.byte	0x3
 1602 0124 2301     		.2byte	0x123
 1603 0126 30010000 		.4byte	0x130
 1604 012a 05       		.uleb128 0x5
 1605 012b 03       		.byte	0x3
 1606 012c 00000000 		.4byte	cy_metadata
 1607 0130 07       		.uleb128 0x7
 1608 0131 0E010000 		.4byte	0x10e
 1609 0135 00       		.byte	0
 1610              		.section	.debug_abbrev,"",%progbits
 1611              	.Ldebug_abbrev0:
 1612 0000 01       		.uleb128 0x1
 1613 0001 11       		.uleb128 0x11
 1614 0002 01       		.byte	0x1
 1615 0003 25       		.uleb128 0x25
 1616 0004 0E       		.uleb128 0xe
 1617 0005 13       		.uleb128 0x13
 1618 0006 0B       		.uleb128 0xb
 1619 0007 03       		.uleb128 0x3
 1620 0008 0E       		.uleb128 0xe
 1621 0009 1B       		.uleb128 0x1b
 1622 000a 0E       		.uleb128 0xe
 1623 000b 10       		.uleb128 0x10
 1624 000c 17       		.uleb128 0x17
 1625 000d 00       		.byte	0
 1626 000e 00       		.byte	0
 1627 000f 02       		.uleb128 0x2
 1628 0010 24       		.uleb128 0x24
 1629 0011 00       		.byte	0
 1630 0012 0B       		.uleb128 0xb
 1631 0013 0B       		.uleb128 0xb
 1632 0014 3E       		.uleb128 0x3e
 1633 0015 0B       		.uleb128 0xb
 1634 0016 03       		.uleb128 0x3
 1635 0017 0E       		.uleb128 0xe
 1636 0018 00       		.byte	0
 1637 0019 00       		.byte	0
 1638 001a 03       		.uleb128 0x3
 1639 001b 16       		.uleb128 0x16
 1640 001c 00       		.byte	0
 1641 001d 03       		.uleb128 0x3
 1642 001e 0E       		.uleb128 0xe
 1643 001f 3A       		.uleb128 0x3a
 1644 0020 0B       		.uleb128 0xb
 1645 0021 3B       		.uleb128 0x3b
 1646 0022 0B       		.uleb128 0xb
 1647 0023 49       		.uleb128 0x49
 1648 0024 13       		.uleb128 0x13
 1649 0025 00       		.byte	0
ARM GAS  C:\Users\siman\AppData\Local\Temp\ccYQRLdU.s 			page 30


 1650 0026 00       		.byte	0
 1651 0027 04       		.uleb128 0x4
 1652 0028 24       		.uleb128 0x24
 1653 0029 00       		.byte	0
 1654 002a 0B       		.uleb128 0xb
 1655 002b 0B       		.uleb128 0xb
 1656 002c 3E       		.uleb128 0x3e
 1657 002d 0B       		.uleb128 0xb
 1658 002e 03       		.uleb128 0x3
 1659 002f 08       		.uleb128 0x8
 1660 0030 00       		.byte	0
 1661 0031 00       		.byte	0
 1662 0032 05       		.uleb128 0x5
 1663 0033 01       		.uleb128 0x1
 1664 0034 01       		.byte	0x1
 1665 0035 49       		.uleb128 0x49
 1666 0036 13       		.uleb128 0x13
 1667 0037 01       		.uleb128 0x1
 1668 0038 13       		.uleb128 0x13
 1669 0039 00       		.byte	0
 1670 003a 00       		.byte	0
 1671 003b 06       		.uleb128 0x6
 1672 003c 21       		.uleb128 0x21
 1673 003d 00       		.byte	0
 1674 003e 49       		.uleb128 0x49
 1675 003f 13       		.uleb128 0x13
 1676 0040 2F       		.uleb128 0x2f
 1677 0041 05       		.uleb128 0x5
 1678 0042 00       		.byte	0
 1679 0043 00       		.byte	0
 1680 0044 07       		.uleb128 0x7
 1681 0045 26       		.uleb128 0x26
 1682 0046 00       		.byte	0
 1683 0047 49       		.uleb128 0x49
 1684 0048 13       		.uleb128 0x13
 1685 0049 00       		.byte	0
 1686 004a 00       		.byte	0
 1687 004b 08       		.uleb128 0x8
 1688 004c 34       		.uleb128 0x34
 1689 004d 00       		.byte	0
 1690 004e 03       		.uleb128 0x3
 1691 004f 0E       		.uleb128 0xe
 1692 0050 3A       		.uleb128 0x3a
 1693 0051 0B       		.uleb128 0xb
 1694 0052 3B       		.uleb128 0x3b
 1695 0053 0B       		.uleb128 0xb
 1696 0054 49       		.uleb128 0x49
 1697 0055 13       		.uleb128 0x13
 1698 0056 3F       		.uleb128 0x3f
 1699 0057 19       		.uleb128 0x19
 1700 0058 02       		.uleb128 0x2
 1701 0059 18       		.uleb128 0x18
 1702 005a 00       		.byte	0
 1703 005b 00       		.byte	0
 1704 005c 09       		.uleb128 0x9
 1705 005d 21       		.uleb128 0x21
 1706 005e 00       		.byte	0
ARM GAS  C:\Users\siman\AppData\Local\Temp\ccYQRLdU.s 			page 31


 1707 005f 49       		.uleb128 0x49
 1708 0060 13       		.uleb128 0x13
 1709 0061 2F       		.uleb128 0x2f
 1710 0062 0B       		.uleb128 0xb
 1711 0063 00       		.byte	0
 1712 0064 00       		.byte	0
 1713 0065 0A       		.uleb128 0xa
 1714 0066 34       		.uleb128 0x34
 1715 0067 00       		.byte	0
 1716 0068 03       		.uleb128 0x3
 1717 0069 0E       		.uleb128 0xe
 1718 006a 3A       		.uleb128 0x3a
 1719 006b 0B       		.uleb128 0xb
 1720 006c 3B       		.uleb128 0x3b
 1721 006d 05       		.uleb128 0x5
 1722 006e 49       		.uleb128 0x49
 1723 006f 13       		.uleb128 0x13
 1724 0070 3F       		.uleb128 0x3f
 1725 0071 19       		.uleb128 0x19
 1726 0072 02       		.uleb128 0x2
 1727 0073 18       		.uleb128 0x18
 1728 0074 00       		.byte	0
 1729 0075 00       		.byte	0
 1730 0076 00       		.byte	0
 1731              		.section	.debug_aranges,"",%progbits
 1732 0000 14000000 		.4byte	0x14
 1733 0004 0200     		.2byte	0x2
 1734 0006 00000000 		.4byte	.Ldebug_info0
 1735 000a 04       		.byte	0x4
 1736 000b 00       		.byte	0
 1737 000c 0000     		.2byte	0
 1738 000e 0000     		.2byte	0
 1739 0010 00000000 		.4byte	0
 1740 0014 00000000 		.4byte	0
 1741              		.section	.debug_line,"",%progbits
 1742              	.Ldebug_line0:
 1743 0000 3D010000 		.section	.debug_str,"MS",%progbits,1
 1743      02003701 
 1743      00000201 
 1743      FB0E0D00 
 1743      01010101 
 1744              	.LASF9:
 1745 0000 5F5F7569 		.ascii	"__uint8_t\000"
 1745      6E74385F 
 1745      7400
 1746              	.LASF16:
 1747 000a 63795F6D 		.ascii	"cy_metadata\000"
 1747      65746164 
 1747      61746100 
 1748              	.LASF1:
 1749 0016 756E7369 		.ascii	"unsigned char\000"
 1749      676E6564 
 1749      20636861 
 1749      7200
 1750              	.LASF17:
 1751 0024 474E5520 		.ascii	"GNU C11 5.4.1 20160609 (release) [ARM/embedded-5-br"
 1751      43313120 
ARM GAS  C:\Users\siman\AppData\Local\Temp\ccYQRLdU.s 			page 32


 1751      352E342E 
 1751      31203230 
 1751      31363036 
 1752 0057 616E6368 		.ascii	"anch revision 237715] -mcpu=cortex-m3 -mthumb -g -O"
 1752      20726576 
 1752      6973696F 
 1752      6E203233 
 1752      37373135 
 1753 008a 67202D66 		.ascii	"g -ffunction-sections -ffat-lto-objects\000"
 1753      66756E63 
 1753      74696F6E 
 1753      2D736563 
 1753      74696F6E 
 1754              	.LASF5:
 1755 00b2 6C6F6E67 		.ascii	"long unsigned int\000"
 1755      20756E73 
 1755      69676E65 
 1755      6420696E 
 1755      7400
 1756              	.LASF3:
 1757 00c4 73686F72 		.ascii	"short unsigned int\000"
 1757      7420756E 
 1757      7369676E 
 1757      65642069 
 1757      6E7400
 1758              	.LASF13:
 1759 00d7 63795F6D 		.ascii	"cy_meta_custnvl\000"
 1759      6574615F 
 1759      63757374 
 1759      6E766C00 
 1760              	.LASF12:
 1761 00e7 63795F6D 		.ascii	"cy_meta_configecc\000"
 1761      6574615F 
 1761      636F6E66 
 1761      69676563 
 1761      6300
 1762              	.LASF8:
 1763 00f9 756E7369 		.ascii	"unsigned int\000"
 1763      676E6564 
 1763      20696E74 
 1763      00
 1764              	.LASF7:
 1765 0106 6C6F6E67 		.ascii	"long long unsigned int\000"
 1765      206C6F6E 
 1765      6720756E 
 1765      7369676E 
 1765      65642069 
 1766              	.LASF10:
 1767 011d 75696E74 		.ascii	"uint8_t\000"
 1767      385F7400 
 1768              	.LASF15:
 1769 0125 63795F6D 		.ascii	"cy_meta_flashprotect\000"
 1769      6574615F 
 1769      666C6173 
 1769      6870726F 
 1769      74656374 
 1770              	.LASF14:
ARM GAS  C:\Users\siman\AppData\Local\Temp\ccYQRLdU.s 			page 33


 1771 013a 63795F6D 		.ascii	"cy_meta_wonvl\000"
 1771      6574615F 
 1771      776F6E76 
 1771      6C00
 1772              	.LASF11:
 1773 0148 73697A65 		.ascii	"sizetype\000"
 1773      74797065 
 1773      00
 1774              	.LASF6:
 1775 0151 6C6F6E67 		.ascii	"long long int\000"
 1775      206C6F6E 
 1775      6720696E 
 1775      7400
 1776              	.LASF2:
 1777 015f 73686F72 		.ascii	"short int\000"
 1777      7420696E 
 1777      7400
 1778              	.LASF4:
 1779 0169 6C6F6E67 		.ascii	"long int\000"
 1779      20696E74 
 1779      00
 1780              	.LASF19:
 1781 0172 433A5C55 		.ascii	"C:\\Users\\siman\\OneDrive\\Documents\\PSoC Creator"
 1781      73657273 
 1781      5C73696D 
 1781      616E5C4F 
 1781      6E654472 
 1782 01a0 5C417373 		.ascii	"\\Assignment\\MoonRider.cydsn\000"
 1782      69676E6D 
 1782      656E745C 
 1782      4D6F6F6E 
 1782      52696465 
 1783              	.LASF0:
 1784 01bc 7369676E 		.ascii	"signed char\000"
 1784      65642063 
 1784      68617200 
 1785              	.LASF18:
 1786 01c8 47656E65 		.ascii	"Generated_Source\\PSoC5\\cymetadata.c\000"
 1786      72617465 
 1786      645F536F 
 1786      75726365 
 1786      5C50536F 
 1787              		.ident	"GCC: (GNU Tools for ARM Embedded Processors) 5.4.1 20160609 (release) [ARM/embedded-5-bran
