ARM GAS  C:\Users\siman\AppData\Local\Temp\ccQevCCw.s 			page 1


   1              		.syntax unified
   2              		.cpu cortex-m3
   3              		.fpu softvfp
   4              		.eabi_attribute 20, 1
   5              		.eabi_attribute 21, 1
   6              		.eabi_attribute 23, 3
   7              		.eabi_attribute 24, 1
   8              		.eabi_attribute 25, 1
   9              		.eabi_attribute 26, 1
  10              		.eabi_attribute 30, 1
  11              		.eabi_attribute 34, 1
  12              		.eabi_attribute 18, 4
  13              		.thumb
  14              		.syntax unified
  15              		.file	"indicator_control_model.c"
  16              		.text
  17              	.Ltext0:
  18              		.cfi_sections	.debug_frame
  19              		.section	.text.indicator_control_model_step,"ax",%progbits
  20              		.align	2
  21              		.global	indicator_control_model_step
  22              		.thumb
  23              		.thumb_func
  24              		.type	indicator_control_model_step, %function
  25              	indicator_control_model_step:
  26              	.LFB0:
  27              		.file 1 "application\\indicator_control_model.c"
   1:application/indicator_control_model.c **** /*
   2:application/indicator_control_model.c ****  * Academic License - for use in teaching, academic research, and meeting
   3:application/indicator_control_model.c ****  * course requirements at degree granting institutions only.  Not for
   4:application/indicator_control_model.c ****  * government, commercial, or other organizational use.
   5:application/indicator_control_model.c ****  *
   6:application/indicator_control_model.c ****  * File: indicator_control_model.c
   7:application/indicator_control_model.c ****  *
   8:application/indicator_control_model.c ****  * Code generated for Simulink model 'indicator_control_model'.
   9:application/indicator_control_model.c ****  *
  10:application/indicator_control_model.c ****  * Model version                  : 1.8
  11:application/indicator_control_model.c ****  * Simulink Coder version         : 24.2 (R2024b) 21-Jun-2024
  12:application/indicator_control_model.c ****  * C/C++ source code generated on : Tue May 20 23:18:10 2025
  13:application/indicator_control_model.c ****  *
  14:application/indicator_control_model.c ****  * Target selection: ert.tlc
  15:application/indicator_control_model.c ****  * Embedded hardware selection: Intel->x86-64 (Windows64)
  16:application/indicator_control_model.c ****  * Code generation objectives: Unspecified
  17:application/indicator_control_model.c ****  * Validation result: Not run
  18:application/indicator_control_model.c ****  */
  19:application/indicator_control_model.c **** 
  20:application/indicator_control_model.c **** #include "indicator_control_model.h"
  21:application/indicator_control_model.c **** #include "rtwtypes.h"
  22:application/indicator_control_model.c **** 
  23:application/indicator_control_model.c **** /* Named constants for Chart: '<Root>/Chart' */
  24:application/indicator_control_model.c **** #define indicator_control_m_IN_RIGHT_ON ((uint8_T)4U)
  25:application/indicator_control_model.c **** #define indicator_control_mo_IN_LEFT_ON ((uint8_T)2U)
  26:application/indicator_control_model.c **** #define indicator_control_mod_IN_HAZARD ((uint8_T)1U)
  27:application/indicator_control_model.c **** #define indicator_control_model_IN_OFF ((uint8_T)3U)
  28:application/indicator_control_model.c **** 
  29:application/indicator_control_model.c **** /* Block states (default storage) */
  30:application/indicator_control_model.c **** DW_indicator_control_model_T indicator_control_model_DW;
ARM GAS  C:\Users\siman\AppData\Local\Temp\ccQevCCw.s 			page 2


  31:application/indicator_control_model.c **** 
  32:application/indicator_control_model.c **** /* External inputs (root inport signals with default storage) */
  33:application/indicator_control_model.c **** ExtU_indicator_control_model_T indicator_control_model_U;
  34:application/indicator_control_model.c **** 
  35:application/indicator_control_model.c **** /* External outputs (root outports fed by signals with default storage) */
  36:application/indicator_control_model.c **** ExtY_indicator_control_model_T indicator_control_model_Y;
  37:application/indicator_control_model.c **** 
  38:application/indicator_control_model.c **** /* Real-time model */
  39:application/indicator_control_model.c **** static RT_MODEL_indicator_control_mo_T indicator_control_model_M_;
  40:application/indicator_control_model.c **** RT_MODEL_indicator_control_mo_T *const indicator_control_model_M =
  41:application/indicator_control_model.c ****   &indicator_control_model_M_;
  42:application/indicator_control_model.c **** 
  43:application/indicator_control_model.c **** /* Model step function */
  44:application/indicator_control_model.c **** void indicator_control_model_step(void)
  45:application/indicator_control_model.c **** {
  28              		.loc 1 45 0
  29              		.cfi_startproc
  30              		@ args = 0, pretend = 0, frame = 0
  31              		@ frame_needed = 0, uses_anonymous_args = 0
  32              		@ link register save eliminated.
  46:application/indicator_control_model.c ****   /* Chart: '<Root>/Chart' incorporates:
  47:application/indicator_control_model.c ****    *  Inport: '<Root>/left_btn'
  48:application/indicator_control_model.c ****    *  Inport: '<Root>/right_btn'
  49:application/indicator_control_model.c ****    */
  50:application/indicator_control_model.c ****   if (indicator_control_model_DW.is_active_c3_indicator_control_ == 0) {
  33              		.loc 1 50 0
  34 0000 484B     		ldr	r3, .L12
  35 0002 1B78     		ldrb	r3, [r3]	@ zero_extendqisi2
  36 0004 53B9     		cbnz	r3, .L2
  51:application/indicator_control_model.c ****     indicator_control_model_DW.is_active_c3_indicator_control_ = 1U;
  37              		.loc 1 51 0
  38 0006 474B     		ldr	r3, .L12
  39 0008 0122     		movs	r2, #1
  40 000a 1A70     		strb	r2, [r3]
  52:application/indicator_control_model.c ****     indicator_control_model_DW.is_c3_indicator_control_model =
  41              		.loc 1 52 0
  42 000c 0322     		movs	r2, #3
  43 000e 5A70     		strb	r2, [r3, #1]
  53:application/indicator_control_model.c ****       indicator_control_model_IN_OFF;
  54:application/indicator_control_model.c **** 
  55:application/indicator_control_model.c ****     /* Outport: '<Root>/left_led_pwm' */
  56:application/indicator_control_model.c ****     indicator_control_model_Y.left_led_pwm = false;
  44              		.loc 1 56 0
  45 0010 454B     		ldr	r3, .L12+4
  46 0012 0022     		movs	r2, #0
  47 0014 1A70     		strb	r2, [r3]
  57:application/indicator_control_model.c **** 
  58:application/indicator_control_model.c ****     /* Outport: '<Root>/right_led_pwm' */
  59:application/indicator_control_model.c ****     indicator_control_model_Y.right_led_pwm = false;
  48              		.loc 1 59 0
  49 0016 5A70     		strb	r2, [r3, #1]
  60:application/indicator_control_model.c **** 
  61:application/indicator_control_model.c ****     /* Outport: '<Root>/uart_status' */
  62:application/indicator_control_model.c ****     indicator_control_model_Y.uart_status = 0U;
  50              		.loc 1 62 0
  51 0018 9A70     		strb	r2, [r3, #2]
  52 001a 7047     		bx	lr
ARM GAS  C:\Users\siman\AppData\Local\Temp\ccQevCCw.s 			page 3


  53              	.L2:
  63:application/indicator_control_model.c ****   } else {
  64:application/indicator_control_model.c ****     switch (indicator_control_model_DW.is_c3_indicator_control_model) {
  54              		.loc 1 64 0
  55 001c 414B     		ldr	r3, .L12
  56 001e 5B78     		ldrb	r3, [r3, #1]	@ zero_extendqisi2
  57 0020 022B     		cmp	r3, #2
  58 0022 27D0     		beq	.L5
  59 0024 032B     		cmp	r3, #3
  60 0026 36D0     		beq	.L6
  61 0028 012B     		cmp	r3, #1
  62 002a 6CD1     		bne	.L11
  65:application/indicator_control_model.c ****      case indicator_control_mod_IN_HAZARD:
  66:application/indicator_control_model.c ****       if (indicator_control_model_U.left_btn &&
  63              		.loc 1 66 0
  64 002c 3F4B     		ldr	r3, .L12+8
  65 002e 1B78     		ldrb	r3, [r3]	@ zero_extendqisi2
  66 0030 73B1     		cbz	r3, .L8
  67:application/indicator_control_model.c ****           (!indicator_control_model_U.right_btn)) {
  67              		.loc 1 67 0 discriminator 1
  68 0032 3E4A     		ldr	r2, .L12+8
  69 0034 5278     		ldrb	r2, [r2, #1]	@ zero_extendqisi2
  66:application/indicator_control_model.c ****           (!indicator_control_model_U.right_btn)) {
  70              		.loc 1 66 0 discriminator 1
  71 0036 5AB9     		cbnz	r2, .L8
  68:application/indicator_control_model.c ****         indicator_control_model_DW.is_c3_indicator_control_model =
  72              		.loc 1 68 0
  73 0038 0222     		movs	r2, #2
  74 003a 3A4B     		ldr	r3, .L12
  75 003c 5A70     		strb	r2, [r3, #1]
  69:application/indicator_control_model.c ****           indicator_control_mo_IN_LEFT_ON;
  70:application/indicator_control_model.c **** 
  71:application/indicator_control_model.c ****         /* Outport: '<Root>/left_led_pwm' */
  72:application/indicator_control_model.c ****         indicator_control_model_Y.left_led_pwm =
  73:application/indicator_control_model.c ****           !indicator_control_model_Y.left_led_pwm;
  76              		.loc 1 73 0
  77 003e 3A4A     		ldr	r2, .L12+4
  78 0040 1378     		ldrb	r3, [r2]	@ zero_extendqisi2
  79 0042 B3FA83F3 		clz	r3, r3
  80 0046 5B09     		lsrs	r3, r3, #5
  72:application/indicator_control_model.c ****           !indicator_control_model_Y.left_led_pwm;
  81              		.loc 1 72 0
  82 0048 1370     		strb	r3, [r2]
  74:application/indicator_control_model.c **** 
  75:application/indicator_control_model.c ****         /* Outport: '<Root>/right_led_pwm' */
  76:application/indicator_control_model.c ****         indicator_control_model_Y.right_led_pwm = false;
  83              		.loc 1 76 0
  84 004a 0023     		movs	r3, #0
  85 004c 5370     		strb	r3, [r2, #1]
  86 004e 7047     		bx	lr
  87              	.L8:
  77:application/indicator_control_model.c ****       } else if (indicator_control_model_U.right_btn &&
  88              		.loc 1 77 0
  89 0050 364A     		ldr	r2, .L12+8
  90 0052 5278     		ldrb	r2, [r2, #1]	@ zero_extendqisi2
  91 0054 002A     		cmp	r2, #0
  92 0056 64D0     		beq	.L1
ARM GAS  C:\Users\siman\AppData\Local\Temp\ccQevCCw.s 			page 4


  93              		.loc 1 77 0 is_stmt 0 discriminator 1
  94 0058 002B     		cmp	r3, #0
  95 005a 62D1     		bne	.L1
  78:application/indicator_control_model.c ****                  (!indicator_control_model_U.left_btn)) {
  79:application/indicator_control_model.c ****         indicator_control_model_DW.is_c3_indicator_control_model =
  96              		.loc 1 79 0 is_stmt 1
  97 005c 0422     		movs	r2, #4
  98 005e 314B     		ldr	r3, .L12
  99 0060 5A70     		strb	r2, [r3, #1]
  80:application/indicator_control_model.c ****           indicator_control_m_IN_RIGHT_ON;
  81:application/indicator_control_model.c **** 
  82:application/indicator_control_model.c ****         /* Outport: '<Root>/right_led_pwm' */
  83:application/indicator_control_model.c ****         indicator_control_model_Y.right_led_pwm =
  84:application/indicator_control_model.c ****           !indicator_control_model_Y.right_led_pwm;
 100              		.loc 1 84 0
 101 0062 314A     		ldr	r2, .L12+4
 102 0064 5378     		ldrb	r3, [r2, #1]	@ zero_extendqisi2
 103 0066 B3FA83F3 		clz	r3, r3
 104 006a 5B09     		lsrs	r3, r3, #5
  83:application/indicator_control_model.c ****           !indicator_control_model_Y.right_led_pwm;
 105              		.loc 1 83 0
 106 006c 5370     		strb	r3, [r2, #1]
  85:application/indicator_control_model.c **** 
  86:application/indicator_control_model.c ****         /* Outport: '<Root>/left_led_pwm' */
  87:application/indicator_control_model.c ****         indicator_control_model_Y.left_led_pwm = false;
 107              		.loc 1 87 0
 108 006e 0023     		movs	r3, #0
 109 0070 1370     		strb	r3, [r2]
 110 0072 7047     		bx	lr
 111              	.L5:
  88:application/indicator_control_model.c ****       }
  89:application/indicator_control_model.c ****       break;
  90:application/indicator_control_model.c **** 
  91:application/indicator_control_model.c ****      case indicator_control_mo_IN_LEFT_ON:
  92:application/indicator_control_model.c ****       if ((!indicator_control_model_U.left_btn) &&
 112              		.loc 1 92 0
 113 0074 2D4B     		ldr	r3, .L12+8
 114 0076 1B78     		ldrb	r3, [r3]	@ zero_extendqisi2
 115 0078 002B     		cmp	r3, #0
 116 007a 52D1     		bne	.L1
  93:application/indicator_control_model.c ****           (!indicator_control_model_U.right_btn)) {
 117              		.loc 1 93 0 discriminator 1
 118 007c 2B4B     		ldr	r3, .L12+8
 119 007e 5B78     		ldrb	r3, [r3, #1]	@ zero_extendqisi2
  92:application/indicator_control_model.c ****           (!indicator_control_model_U.right_btn)) {
 120              		.loc 1 92 0 discriminator 1
 121 0080 002B     		cmp	r3, #0
 122 0082 4ED1     		bne	.L1
  94:application/indicator_control_model.c ****         indicator_control_model_DW.is_c3_indicator_control_model =
 123              		.loc 1 94 0
 124 0084 0322     		movs	r2, #3
 125 0086 274B     		ldr	r3, .L12
 126 0088 5A70     		strb	r2, [r3, #1]
  95:application/indicator_control_model.c ****           indicator_control_model_IN_OFF;
  96:application/indicator_control_model.c **** 
  97:application/indicator_control_model.c ****         /* Outport: '<Root>/left_led_pwm' */
  98:application/indicator_control_model.c ****         indicator_control_model_Y.left_led_pwm = false;
ARM GAS  C:\Users\siman\AppData\Local\Temp\ccQevCCw.s 			page 5


 127              		.loc 1 98 0
 128 008a 274B     		ldr	r3, .L12+4
 129 008c 0022     		movs	r2, #0
 130 008e 1A70     		strb	r2, [r3]
  99:application/indicator_control_model.c **** 
 100:application/indicator_control_model.c ****         /* Outport: '<Root>/right_led_pwm' */
 101:application/indicator_control_model.c ****         indicator_control_model_Y.right_led_pwm = false;
 131              		.loc 1 101 0
 132 0090 5A70     		strb	r2, [r3, #1]
 102:application/indicator_control_model.c **** 
 103:application/indicator_control_model.c ****         /* Outport: '<Root>/uart_status' */
 104:application/indicator_control_model.c ****         indicator_control_model_Y.uart_status = 0U;
 133              		.loc 1 104 0
 134 0092 9A70     		strb	r2, [r3, #2]
 135 0094 7047     		bx	lr
 136              	.L6:
 105:application/indicator_control_model.c ****       }
 106:application/indicator_control_model.c ****       break;
 107:application/indicator_control_model.c **** 
 108:application/indicator_control_model.c ****      case indicator_control_model_IN_OFF:
 109:application/indicator_control_model.c ****       /* Outport: '<Root>/uart_status' */
 110:application/indicator_control_model.c ****       indicator_control_model_Y.uart_status = 0U;
 137              		.loc 1 110 0
 138 0096 0022     		movs	r2, #0
 139 0098 234B     		ldr	r3, .L12+4
 140 009a 9A70     		strb	r2, [r3, #2]
 111:application/indicator_control_model.c ****       if (indicator_control_model_U.left_btn &&
 141              		.loc 1 111 0
 142 009c 234B     		ldr	r3, .L12+8
 143 009e 1B78     		ldrb	r3, [r3]	@ zero_extendqisi2
 144 00a0 73B1     		cbz	r3, .L9
 112:application/indicator_control_model.c ****           (!indicator_control_model_U.right_btn)) {
 145              		.loc 1 112 0 discriminator 1
 146 00a2 224A     		ldr	r2, .L12+8
 147 00a4 5278     		ldrb	r2, [r2, #1]	@ zero_extendqisi2
 111:application/indicator_control_model.c ****       if (indicator_control_model_U.left_btn &&
 148              		.loc 1 111 0 discriminator 1
 149 00a6 5AB9     		cbnz	r2, .L9
 113:application/indicator_control_model.c ****         indicator_control_model_DW.is_c3_indicator_control_model =
 150              		.loc 1 113 0
 151 00a8 0222     		movs	r2, #2
 152 00aa 1E4B     		ldr	r3, .L12
 153 00ac 5A70     		strb	r2, [r3, #1]
 114:application/indicator_control_model.c ****           indicator_control_mo_IN_LEFT_ON;
 115:application/indicator_control_model.c **** 
 116:application/indicator_control_model.c ****         /* Outport: '<Root>/left_led_pwm' */
 117:application/indicator_control_model.c ****         indicator_control_model_Y.left_led_pwm =
 118:application/indicator_control_model.c ****           !indicator_control_model_Y.left_led_pwm;
 154              		.loc 1 118 0
 155 00ae 1E4A     		ldr	r2, .L12+4
 156 00b0 1378     		ldrb	r3, [r2]	@ zero_extendqisi2
 157 00b2 B3FA83F3 		clz	r3, r3
 158 00b6 5B09     		lsrs	r3, r3, #5
 117:application/indicator_control_model.c ****           !indicator_control_model_Y.left_led_pwm;
 159              		.loc 1 117 0
 160 00b8 1370     		strb	r3, [r2]
 119:application/indicator_control_model.c **** 
ARM GAS  C:\Users\siman\AppData\Local\Temp\ccQevCCw.s 			page 6


 120:application/indicator_control_model.c ****         /* Outport: '<Root>/right_led_pwm' */
 121:application/indicator_control_model.c ****         indicator_control_model_Y.right_led_pwm = false;
 161              		.loc 1 121 0
 162 00ba 0023     		movs	r3, #0
 163 00bc 5370     		strb	r3, [r2, #1]
 164 00be 7047     		bx	lr
 165              	.L9:
 122:application/indicator_control_model.c ****       } else if (indicator_control_model_U.left_btn &&
 166              		.loc 1 122 0
 167 00c0 8BB1     		cbz	r3, .L10
 123:application/indicator_control_model.c ****                  indicator_control_model_U.right_btn) {
 168              		.loc 1 123 0 discriminator 1
 169 00c2 1A4A     		ldr	r2, .L12+8
 170 00c4 5278     		ldrb	r2, [r2, #1]	@ zero_extendqisi2
 122:application/indicator_control_model.c ****       } else if (indicator_control_model_U.left_btn &&
 171              		.loc 1 122 0 discriminator 1
 172 00c6 72B1     		cbz	r2, .L10
 124:application/indicator_control_model.c ****         indicator_control_model_DW.is_c3_indicator_control_model =
 173              		.loc 1 124 0
 174 00c8 0122     		movs	r2, #1
 175 00ca 164B     		ldr	r3, .L12
 176 00cc 5A70     		strb	r2, [r3, #1]
 125:application/indicator_control_model.c ****           indicator_control_mod_IN_HAZARD;
 126:application/indicator_control_model.c **** 
 127:application/indicator_control_model.c ****         /* Outport: '<Root>/left_led_pwm' */
 128:application/indicator_control_model.c ****         indicator_control_model_Y.left_led_pwm =
 129:application/indicator_control_model.c ****           !indicator_control_model_Y.left_led_pwm;
 177              		.loc 1 129 0
 178 00ce 164A     		ldr	r2, .L12+4
 179 00d0 1378     		ldrb	r3, [r2]	@ zero_extendqisi2
 180 00d2 B3FA83F3 		clz	r3, r3
 181 00d6 5B09     		lsrs	r3, r3, #5
 128:application/indicator_control_model.c ****           !indicator_control_model_Y.left_led_pwm;
 182              		.loc 1 128 0
 183 00d8 1370     		strb	r3, [r2]
 130:application/indicator_control_model.c **** 
 131:application/indicator_control_model.c ****         /* Outport: '<Root>/right_led_pwm' */
 132:application/indicator_control_model.c ****         indicator_control_model_Y.right_led_pwm =
 133:application/indicator_control_model.c ****           !indicator_control_model_Y.right_led_pwm;
 184              		.loc 1 133 0
 185 00da 5378     		ldrb	r3, [r2, #1]	@ zero_extendqisi2
 186 00dc B3FA83F3 		clz	r3, r3
 187 00e0 5B09     		lsrs	r3, r3, #5
 132:application/indicator_control_model.c ****           !indicator_control_model_Y.right_led_pwm;
 188              		.loc 1 132 0
 189 00e2 5370     		strb	r3, [r2, #1]
 190 00e4 7047     		bx	lr
 191              	.L10:
 134:application/indicator_control_model.c ****       } else if (indicator_control_model_U.right_btn &&
 192              		.loc 1 134 0
 193 00e6 114A     		ldr	r2, .L12+8
 194 00e8 5278     		ldrb	r2, [r2, #1]	@ zero_extendqisi2
 195 00ea D2B1     		cbz	r2, .L1
 196              		.loc 1 134 0 is_stmt 0 discriminator 1
 197 00ec CBB9     		cbnz	r3, .L1
 135:application/indicator_control_model.c ****                  (!indicator_control_model_U.left_btn)) {
 136:application/indicator_control_model.c ****         indicator_control_model_DW.is_c3_indicator_control_model =
ARM GAS  C:\Users\siman\AppData\Local\Temp\ccQevCCw.s 			page 7


 198              		.loc 1 136 0 is_stmt 1
 199 00ee 0422     		movs	r2, #4
 200 00f0 0C4B     		ldr	r3, .L12
 201 00f2 5A70     		strb	r2, [r3, #1]
 137:application/indicator_control_model.c ****           indicator_control_m_IN_RIGHT_ON;
 138:application/indicator_control_model.c **** 
 139:application/indicator_control_model.c ****         /* Outport: '<Root>/right_led_pwm' */
 140:application/indicator_control_model.c ****         indicator_control_model_Y.right_led_pwm =
 141:application/indicator_control_model.c ****           !indicator_control_model_Y.right_led_pwm;
 202              		.loc 1 141 0
 203 00f4 0C4A     		ldr	r2, .L12+4
 204 00f6 5378     		ldrb	r3, [r2, #1]	@ zero_extendqisi2
 205 00f8 B3FA83F3 		clz	r3, r3
 206 00fc 5B09     		lsrs	r3, r3, #5
 140:application/indicator_control_model.c ****           !indicator_control_model_Y.right_led_pwm;
 207              		.loc 1 140 0
 208 00fe 5370     		strb	r3, [r2, #1]
 142:application/indicator_control_model.c **** 
 143:application/indicator_control_model.c ****         /* Outport: '<Root>/left_led_pwm' */
 144:application/indicator_control_model.c ****         indicator_control_model_Y.left_led_pwm = false;
 209              		.loc 1 144 0
 210 0100 0023     		movs	r3, #0
 211 0102 1370     		strb	r3, [r2]
 212 0104 7047     		bx	lr
 213              	.L11:
 145:application/indicator_control_model.c ****       }
 146:application/indicator_control_model.c ****       break;
 147:application/indicator_control_model.c **** 
 148:application/indicator_control_model.c ****      default:
 149:application/indicator_control_model.c ****       /* case IN_RIGHT_ON: */
 150:application/indicator_control_model.c ****       if ((!indicator_control_model_U.left_btn) &&
 214              		.loc 1 150 0
 215 0106 094B     		ldr	r3, .L12+8
 216 0108 1B78     		ldrb	r3, [r3]	@ zero_extendqisi2
 217 010a 53B9     		cbnz	r3, .L1
 151:application/indicator_control_model.c ****           (!indicator_control_model_U.right_btn)) {
 218              		.loc 1 151 0 discriminator 1
 219 010c 074B     		ldr	r3, .L12+8
 220 010e 5B78     		ldrb	r3, [r3, #1]	@ zero_extendqisi2
 150:application/indicator_control_model.c ****           (!indicator_control_model_U.right_btn)) {
 221              		.loc 1 150 0 discriminator 1
 222 0110 3BB9     		cbnz	r3, .L1
 152:application/indicator_control_model.c ****         indicator_control_model_DW.is_c3_indicator_control_model =
 223              		.loc 1 152 0
 224 0112 0322     		movs	r2, #3
 225 0114 034B     		ldr	r3, .L12
 226 0116 5A70     		strb	r2, [r3, #1]
 153:application/indicator_control_model.c ****           indicator_control_model_IN_OFF;
 154:application/indicator_control_model.c **** 
 155:application/indicator_control_model.c ****         /* Outport: '<Root>/left_led_pwm' */
 156:application/indicator_control_model.c ****         indicator_control_model_Y.left_led_pwm = false;
 227              		.loc 1 156 0
 228 0118 034B     		ldr	r3, .L12+4
 229 011a 0022     		movs	r2, #0
 230 011c 1A70     		strb	r2, [r3]
 157:application/indicator_control_model.c **** 
 158:application/indicator_control_model.c ****         /* Outport: '<Root>/right_led_pwm' */
ARM GAS  C:\Users\siman\AppData\Local\Temp\ccQevCCw.s 			page 8


 159:application/indicator_control_model.c ****         indicator_control_model_Y.right_led_pwm = false;
 231              		.loc 1 159 0
 232 011e 5A70     		strb	r2, [r3, #1]
 160:application/indicator_control_model.c **** 
 161:application/indicator_control_model.c ****         /* Outport: '<Root>/uart_status' */
 162:application/indicator_control_model.c ****         indicator_control_model_Y.uart_status = 0U;
 233              		.loc 1 162 0
 234 0120 9A70     		strb	r2, [r3, #2]
 235              	.L1:
 236 0122 7047     		bx	lr
 237              	.L13:
 238              		.align	2
 239              	.L12:
 240 0124 00000000 		.word	indicator_control_model_DW
 241 0128 00000000 		.word	indicator_control_model_Y
 242 012c 00000000 		.word	indicator_control_model_U
 243              		.cfi_endproc
 244              	.LFE0:
 245              		.size	indicator_control_model_step, .-indicator_control_model_step
 246              		.section	.text.indicator_control_model_initialize,"ax",%progbits
 247              		.align	2
 248              		.global	indicator_control_model_initialize
 249              		.thumb
 250              		.thumb_func
 251              		.type	indicator_control_model_initialize, %function
 252              	indicator_control_model_initialize:
 253              	.LFB1:
 163:application/indicator_control_model.c ****       }
 164:application/indicator_control_model.c ****       break;
 165:application/indicator_control_model.c ****     }
 166:application/indicator_control_model.c ****   }
 167:application/indicator_control_model.c **** 
 168:application/indicator_control_model.c ****   /* End of Chart: '<Root>/Chart' */
 169:application/indicator_control_model.c **** }
 170:application/indicator_control_model.c **** 
 171:application/indicator_control_model.c **** /* Model initialize function */
 172:application/indicator_control_model.c **** void indicator_control_model_initialize(void)
 173:application/indicator_control_model.c **** {
 254              		.loc 1 173 0
 255              		.cfi_startproc
 256              		@ args = 0, pretend = 0, frame = 0
 257              		@ frame_needed = 0, uses_anonymous_args = 0
 258              		@ link register save eliminated.
 259 0000 7047     		bx	lr
 260              		.cfi_endproc
 261              	.LFE1:
 262              		.size	indicator_control_model_initialize, .-indicator_control_model_initialize
 263 0002 00BF     		.section	.text.indicator_control_model_terminate,"ax",%progbits
 264              		.align	2
 265              		.global	indicator_control_model_terminate
 266              		.thumb
 267              		.thumb_func
 268              		.type	indicator_control_model_terminate, %function
 269              	indicator_control_model_terminate:
 270              	.LFB2:
 174:application/indicator_control_model.c ****   /* (no initialization code required) */
 175:application/indicator_control_model.c **** }
ARM GAS  C:\Users\siman\AppData\Local\Temp\ccQevCCw.s 			page 9


 176:application/indicator_control_model.c **** 
 177:application/indicator_control_model.c **** /* Model terminate function */
 178:application/indicator_control_model.c **** void indicator_control_model_terminate(void)
 179:application/indicator_control_model.c **** {
 271              		.loc 1 179 0
 272              		.cfi_startproc
 273              		@ args = 0, pretend = 0, frame = 0
 274              		@ frame_needed = 0, uses_anonymous_args = 0
 275              		@ link register save eliminated.
 276 0000 7047     		bx	lr
 277              		.cfi_endproc
 278              	.LFE2:
 279              		.size	indicator_control_model_terminate, .-indicator_control_model_terminate
 280              		.global	indicator_control_model_M
 281              		.comm	indicator_control_model_Y,3,4
 282              		.comm	indicator_control_model_U,2,4
 283              		.comm	indicator_control_model_DW,2,4
 284 0002 00BF     		.section	.rodata
 285              		.align	2
 286              		.type	indicator_control_model_M, %object
 287              		.size	indicator_control_model_M, 4
 288              	indicator_control_model_M:
 289 0000 00000000 		.word	indicator_control_model_M_
 290              		.bss
 291              		.align	2
 292              		.type	indicator_control_model_M_, %object
 293              		.size	indicator_control_model_M_, 4
 294              	indicator_control_model_M_:
 295 0000 00000000 		.space	4
 296              		.text
 297              	.Letext0:
 298              		.file 2 "../rtwtypes.h"
 299              		.file 3 "./indicator_control_model_types.h"
 300              		.file 4 "../indicator_control_model.h"
 301              		.section	.debug_info,"",%progbits
 302              	.Ldebug_info0:
 303 0000 03020000 		.4byte	0x203
 304 0004 0400     		.2byte	0x4
 305 0006 00000000 		.4byte	.Ldebug_abbrev0
 306 000a 04       		.byte	0x4
 307 000b 01       		.uleb128 0x1
 308 000c 7F000000 		.4byte	.LASF36
 309 0010 0C       		.byte	0xc
 310 0011 47020000 		.4byte	.LASF37
 311 0015 56030000 		.4byte	.LASF38
 312 0019 00000000 		.4byte	.Ldebug_ranges0+0
 313 001d 00000000 		.4byte	0
 314 0021 00000000 		.4byte	.Ldebug_line0
 315 0025 02       		.uleb128 0x2
 316 0026 01       		.byte	0x1
 317 0027 06       		.byte	0x6
 318 0028 A0030000 		.4byte	.LASF0
 319 002c 03       		.uleb128 0x3
 320 002d 3F020000 		.4byte	.LASF7
 321 0031 02       		.byte	0x2
 322 0032 34       		.byte	0x34
 323 0033 37000000 		.4byte	0x37
ARM GAS  C:\Users\siman\AppData\Local\Temp\ccQevCCw.s 			page 10


 324 0037 02       		.uleb128 0x2
 325 0038 01       		.byte	0x1
 326 0039 08       		.byte	0x8
 327 003a 71000000 		.4byte	.LASF1
 328 003e 02       		.uleb128 0x2
 329 003f 02       		.byte	0x2
 330 0040 05       		.byte	0x5
 331 0041 CA020000 		.4byte	.LASF2
 332 0045 02       		.uleb128 0x2
 333 0046 02       		.byte	0x2
 334 0047 07       		.byte	0x7
 335 0048 41010000 		.4byte	.LASF3
 336 004c 04       		.uleb128 0x4
 337 004d 04       		.byte	0x4
 338 004e 05       		.byte	0x5
 339 004f 696E7400 		.ascii	"int\000"
 340 0053 02       		.uleb128 0x2
 341 0054 04       		.byte	0x4
 342 0055 07       		.byte	0x7
 343 0056 D3010000 		.4byte	.LASF4
 344 005a 02       		.uleb128 0x2
 345 005b 04       		.byte	0x4
 346 005c 04       		.byte	0x4
 347 005d 6B000000 		.4byte	.LASF5
 348 0061 02       		.uleb128 0x2
 349 0062 08       		.byte	0x8
 350 0063 04       		.byte	0x4
 351 0064 7F010000 		.4byte	.LASF6
 352 0068 03       		.uleb128 0x3
 353 0069 A5020000 		.4byte	.LASF8
 354 006d 02       		.byte	0x2
 355 006e 42       		.byte	0x42
 356 006f 37000000 		.4byte	0x37
 357 0073 02       		.uleb128 0x2
 358 0074 04       		.byte	0x4
 359 0075 07       		.byte	0x7
 360 0076 2F010000 		.4byte	.LASF9
 361 007a 03       		.uleb128 0x3
 362 007b 79020000 		.4byte	.LASF10
 363 007f 02       		.byte	0x2
 364 0080 46       		.byte	0x46
 365 0081 85000000 		.4byte	0x85
 366 0085 02       		.uleb128 0x2
 367 0086 01       		.byte	0x1
 368 0087 08       		.byte	0x8
 369 0088 A0020000 		.4byte	.LASF11
 370 008c 02       		.uleb128 0x2
 371 008d 08       		.byte	0x8
 372 008e 05       		.byte	0x5
 373 008f 89020000 		.4byte	.LASF12
 374 0093 02       		.uleb128 0x2
 375 0094 08       		.byte	0x8
 376 0095 04       		.byte	0x4
 377 0096 6D020000 		.4byte	.LASF13
 378 009a 02       		.uleb128 0x2
 379 009b 04       		.byte	0x4
 380 009c 05       		.byte	0x5
ARM GAS  C:\Users\siman\AppData\Local\Temp\ccQevCCw.s 			page 11


 381 009d 4D030000 		.4byte	.LASF14
 382 00a1 02       		.uleb128 0x2
 383 00a2 08       		.byte	0x8
 384 00a3 07       		.byte	0x7
 385 00a4 00020000 		.4byte	.LASF15
 386 00a8 02       		.uleb128 0x2
 387 00a9 04       		.byte	0x4
 388 00aa 07       		.byte	0x7
 389 00ab 80020000 		.4byte	.LASF16
 390 00af 03       		.uleb128 0x3
 391 00b0 E0010000 		.4byte	.LASF17
 392 00b4 03       		.byte	0x3
 393 00b5 18       		.byte	0x18
 394 00b6 BA000000 		.4byte	0xba
 395 00ba 05       		.uleb128 0x5
 396 00bb 1E000000 		.4byte	.LASF39
 397 00bf 04       		.byte	0x4
 398 00c0 04       		.byte	0x4
 399 00c1 3B       		.byte	0x3b
 400 00c2 D3000000 		.4byte	0xd3
 401 00c6 06       		.uleb128 0x6
 402 00c7 A3010000 		.4byte	.LASF18
 403 00cb 04       		.byte	0x4
 404 00cc 3C       		.byte	0x3c
 405 00cd 6E010000 		.4byte	0x16e
 406 00d1 00       		.byte	0
 407 00d2 00       		.byte	0
 408 00d3 07       		.uleb128 0x7
 409 00d4 02       		.byte	0x2
 410 00d5 04       		.byte	0x4
 411 00d6 28       		.byte	0x28
 412 00d7 F4000000 		.4byte	0xf4
 413 00db 06       		.uleb128 0x6
 414 00dc 3E000000 		.4byte	.LASF19
 415 00e0 04       		.byte	0x4
 416 00e1 29       		.byte	0x29
 417 00e2 2C000000 		.4byte	0x2c
 418 00e6 00       		.byte	0
 419 00e7 06       		.uleb128 0x6
 420 00e8 00000000 		.4byte	.LASF20
 421 00ec 04       		.byte	0x4
 422 00ed 2A       		.byte	0x2a
 423 00ee 2C000000 		.4byte	0x2c
 424 00f2 01       		.byte	0x1
 425 00f3 00       		.byte	0
 426 00f4 03       		.uleb128 0x3
 427 00f5 86010000 		.4byte	.LASF21
 428 00f9 04       		.byte	0x4
 429 00fa 2B       		.byte	0x2b
 430 00fb D3000000 		.4byte	0xd3
 431 00ff 07       		.uleb128 0x7
 432 0100 02       		.byte	0x2
 433 0101 04       		.byte	0x4
 434 0102 2E       		.byte	0x2e
 435 0103 20010000 		.4byte	0x120
 436 0107 06       		.uleb128 0x6
 437 0108 97020000 		.4byte	.LASF22
ARM GAS  C:\Users\siman\AppData\Local\Temp\ccQevCCw.s 			page 12


 438 010c 04       		.byte	0x4
 439 010d 2F       		.byte	0x2f
 440 010e 68000000 		.4byte	0x68
 441 0112 00       		.byte	0
 442 0113 06       		.uleb128 0x6
 443 0114 AF010000 		.4byte	.LASF23
 444 0118 04       		.byte	0x4
 445 0119 30       		.byte	0x30
 446 011a 68000000 		.4byte	0x68
 447 011e 01       		.byte	0x1
 448 011f 00       		.byte	0
 449 0120 03       		.uleb128 0x3
 450 0121 D4020000 		.4byte	.LASF24
 451 0125 04       		.byte	0x4
 452 0126 31       		.byte	0x31
 453 0127 FF000000 		.4byte	0xff
 454 012b 07       		.uleb128 0x7
 455 012c 03       		.byte	0x3
 456 012d 04       		.byte	0x4
 457 012e 34       		.byte	0x34
 458 012f 58010000 		.4byte	0x158
 459 0133 06       		.uleb128 0x6
 460 0134 5E000000 		.4byte	.LASF25
 461 0138 04       		.byte	0x4
 462 0139 35       		.byte	0x35
 463 013a 68000000 		.4byte	0x68
 464 013e 00       		.byte	0
 465 013f 06       		.uleb128 0x6
 466 0140 31020000 		.4byte	.LASF26
 467 0144 04       		.byte	0x4
 468 0145 36       		.byte	0x36
 469 0146 68000000 		.4byte	0x68
 470 014a 01       		.byte	0x1
 471 014b 06       		.uleb128 0x6
 472 014c 73010000 		.4byte	.LASF27
 473 0150 04       		.byte	0x4
 474 0151 37       		.byte	0x37
 475 0152 2C000000 		.4byte	0x2c
 476 0156 02       		.byte	0x2
 477 0157 00       		.byte	0
 478 0158 03       		.uleb128 0x3
 479 0159 54010000 		.4byte	.LASF28
 480 015d 04       		.byte	0x4
 481 015e 38       		.byte	0x38
 482 015f 2B010000 		.4byte	0x12b
 483 0163 08       		.uleb128 0x8
 484 0164 04       		.byte	0x4
 485 0165 69010000 		.4byte	0x169
 486 0169 09       		.uleb128 0x9
 487 016a 7A000000 		.4byte	0x7a
 488 016e 0A       		.uleb128 0xa
 489 016f 63010000 		.4byte	0x163
 490 0173 0B       		.uleb128 0xb
 491 0174 0D030000 		.4byte	.LASF29
 492 0178 01       		.byte	0x1
 493 0179 2C       		.byte	0x2c
 494 017a 00000000 		.4byte	.LFB0
ARM GAS  C:\Users\siman\AppData\Local\Temp\ccQevCCw.s 			page 13


 495 017e 30010000 		.4byte	.LFE0-.LFB0
 496 0182 01       		.uleb128 0x1
 497 0183 9C       		.byte	0x9c
 498 0184 0B       		.uleb128 0xb
 499 0185 2A030000 		.4byte	.LASF30
 500 0189 01       		.byte	0x1
 501 018a AC       		.byte	0xac
 502 018b 00000000 		.4byte	.LFB1
 503 018f 02000000 		.4byte	.LFE1-.LFB1
 504 0193 01       		.uleb128 0x1
 505 0194 9C       		.byte	0x9c
 506 0195 0B       		.uleb128 0xb
 507 0196 0D010000 		.4byte	.LASF31
 508 019a 01       		.byte	0x1
 509 019b B2       		.byte	0xb2
 510 019c 00000000 		.4byte	.LFB2
 511 01a0 02000000 		.4byte	.LFE2-.LFB2
 512 01a4 01       		.uleb128 0x1
 513 01a5 9C       		.byte	0x9c
 514 01a6 0C       		.uleb128 0xc
 515 01a7 AF020000 		.4byte	.LASF40
 516 01ab 01       		.byte	0x1
 517 01ac 27       		.byte	0x27
 518 01ad AF000000 		.4byte	0xaf
 519 01b1 05       		.uleb128 0x5
 520 01b2 03       		.byte	0x3
 521 01b3 00000000 		.4byte	indicator_control_model_M_
 522 01b7 0D       		.uleb128 0xd
 523 01b8 AC030000 		.4byte	.LASF32
 524 01bc 01       		.byte	0x1
 525 01bd 1E       		.byte	0x1e
 526 01be F4000000 		.4byte	0xf4
 527 01c2 05       		.uleb128 0x5
 528 01c3 03       		.byte	0x3
 529 01c4 00000000 		.4byte	indicator_control_model_DW
 530 01c8 0D       		.uleb128 0xd
 531 01c9 17020000 		.4byte	.LASF33
 532 01cd 01       		.byte	0x1
 533 01ce 21       		.byte	0x21
 534 01cf 20010000 		.4byte	0x120
 535 01d3 05       		.uleb128 0x5
 536 01d4 03       		.byte	0x3
 537 01d5 00000000 		.4byte	indicator_control_model_U
 538 01d9 0D       		.uleb128 0xd
 539 01da F3020000 		.4byte	.LASF34
 540 01de 01       		.byte	0x1
 541 01df 24       		.byte	0x24
 542 01e0 58010000 		.4byte	0x158
 543 01e4 05       		.uleb128 0x5
 544 01e5 03       		.byte	0x3
 545 01e6 00000000 		.4byte	indicator_control_model_Y
 546 01ea 0D       		.uleb128 0xd
 547 01eb B9010000 		.4byte	.LASF35
 548 01ef 01       		.byte	0x1
 549 01f0 28       		.byte	0x28
 550 01f1 01020000 		.4byte	0x201
 551 01f5 05       		.uleb128 0x5
ARM GAS  C:\Users\siman\AppData\Local\Temp\ccQevCCw.s 			page 14


 552 01f6 03       		.byte	0x3
 553 01f7 00000000 		.4byte	indicator_control_model_M
 554 01fb 08       		.uleb128 0x8
 555 01fc 04       		.byte	0x4
 556 01fd AF000000 		.4byte	0xaf
 557 0201 09       		.uleb128 0x9
 558 0202 FB010000 		.4byte	0x1fb
 559 0206 00       		.byte	0
 560              		.section	.debug_abbrev,"",%progbits
 561              	.Ldebug_abbrev0:
 562 0000 01       		.uleb128 0x1
 563 0001 11       		.uleb128 0x11
 564 0002 01       		.byte	0x1
 565 0003 25       		.uleb128 0x25
 566 0004 0E       		.uleb128 0xe
 567 0005 13       		.uleb128 0x13
 568 0006 0B       		.uleb128 0xb
 569 0007 03       		.uleb128 0x3
 570 0008 0E       		.uleb128 0xe
 571 0009 1B       		.uleb128 0x1b
 572 000a 0E       		.uleb128 0xe
 573 000b 55       		.uleb128 0x55
 574 000c 17       		.uleb128 0x17
 575 000d 11       		.uleb128 0x11
 576 000e 01       		.uleb128 0x1
 577 000f 10       		.uleb128 0x10
 578 0010 17       		.uleb128 0x17
 579 0011 00       		.byte	0
 580 0012 00       		.byte	0
 581 0013 02       		.uleb128 0x2
 582 0014 24       		.uleb128 0x24
 583 0015 00       		.byte	0
 584 0016 0B       		.uleb128 0xb
 585 0017 0B       		.uleb128 0xb
 586 0018 3E       		.uleb128 0x3e
 587 0019 0B       		.uleb128 0xb
 588 001a 03       		.uleb128 0x3
 589 001b 0E       		.uleb128 0xe
 590 001c 00       		.byte	0
 591 001d 00       		.byte	0
 592 001e 03       		.uleb128 0x3
 593 001f 16       		.uleb128 0x16
 594 0020 00       		.byte	0
 595 0021 03       		.uleb128 0x3
 596 0022 0E       		.uleb128 0xe
 597 0023 3A       		.uleb128 0x3a
 598 0024 0B       		.uleb128 0xb
 599 0025 3B       		.uleb128 0x3b
 600 0026 0B       		.uleb128 0xb
 601 0027 49       		.uleb128 0x49
 602 0028 13       		.uleb128 0x13
 603 0029 00       		.byte	0
 604 002a 00       		.byte	0
 605 002b 04       		.uleb128 0x4
 606 002c 24       		.uleb128 0x24
 607 002d 00       		.byte	0
 608 002e 0B       		.uleb128 0xb
ARM GAS  C:\Users\siman\AppData\Local\Temp\ccQevCCw.s 			page 15


 609 002f 0B       		.uleb128 0xb
 610 0030 3E       		.uleb128 0x3e
 611 0031 0B       		.uleb128 0xb
 612 0032 03       		.uleb128 0x3
 613 0033 08       		.uleb128 0x8
 614 0034 00       		.byte	0
 615 0035 00       		.byte	0
 616 0036 05       		.uleb128 0x5
 617 0037 13       		.uleb128 0x13
 618 0038 01       		.byte	0x1
 619 0039 03       		.uleb128 0x3
 620 003a 0E       		.uleb128 0xe
 621 003b 0B       		.uleb128 0xb
 622 003c 0B       		.uleb128 0xb
 623 003d 3A       		.uleb128 0x3a
 624 003e 0B       		.uleb128 0xb
 625 003f 3B       		.uleb128 0x3b
 626 0040 0B       		.uleb128 0xb
 627 0041 01       		.uleb128 0x1
 628 0042 13       		.uleb128 0x13
 629 0043 00       		.byte	0
 630 0044 00       		.byte	0
 631 0045 06       		.uleb128 0x6
 632 0046 0D       		.uleb128 0xd
 633 0047 00       		.byte	0
 634 0048 03       		.uleb128 0x3
 635 0049 0E       		.uleb128 0xe
 636 004a 3A       		.uleb128 0x3a
 637 004b 0B       		.uleb128 0xb
 638 004c 3B       		.uleb128 0x3b
 639 004d 0B       		.uleb128 0xb
 640 004e 49       		.uleb128 0x49
 641 004f 13       		.uleb128 0x13
 642 0050 38       		.uleb128 0x38
 643 0051 0B       		.uleb128 0xb
 644 0052 00       		.byte	0
 645 0053 00       		.byte	0
 646 0054 07       		.uleb128 0x7
 647 0055 13       		.uleb128 0x13
 648 0056 01       		.byte	0x1
 649 0057 0B       		.uleb128 0xb
 650 0058 0B       		.uleb128 0xb
 651 0059 3A       		.uleb128 0x3a
 652 005a 0B       		.uleb128 0xb
 653 005b 3B       		.uleb128 0x3b
 654 005c 0B       		.uleb128 0xb
 655 005d 01       		.uleb128 0x1
 656 005e 13       		.uleb128 0x13
 657 005f 00       		.byte	0
 658 0060 00       		.byte	0
 659 0061 08       		.uleb128 0x8
 660 0062 0F       		.uleb128 0xf
 661 0063 00       		.byte	0
 662 0064 0B       		.uleb128 0xb
 663 0065 0B       		.uleb128 0xb
 664 0066 49       		.uleb128 0x49
 665 0067 13       		.uleb128 0x13
ARM GAS  C:\Users\siman\AppData\Local\Temp\ccQevCCw.s 			page 16


 666 0068 00       		.byte	0
 667 0069 00       		.byte	0
 668 006a 09       		.uleb128 0x9
 669 006b 26       		.uleb128 0x26
 670 006c 00       		.byte	0
 671 006d 49       		.uleb128 0x49
 672 006e 13       		.uleb128 0x13
 673 006f 00       		.byte	0
 674 0070 00       		.byte	0
 675 0071 0A       		.uleb128 0xa
 676 0072 35       		.uleb128 0x35
 677 0073 00       		.byte	0
 678 0074 49       		.uleb128 0x49
 679 0075 13       		.uleb128 0x13
 680 0076 00       		.byte	0
 681 0077 00       		.byte	0
 682 0078 0B       		.uleb128 0xb
 683 0079 2E       		.uleb128 0x2e
 684 007a 00       		.byte	0
 685 007b 3F       		.uleb128 0x3f
 686 007c 19       		.uleb128 0x19
 687 007d 03       		.uleb128 0x3
 688 007e 0E       		.uleb128 0xe
 689 007f 3A       		.uleb128 0x3a
 690 0080 0B       		.uleb128 0xb
 691 0081 3B       		.uleb128 0x3b
 692 0082 0B       		.uleb128 0xb
 693 0083 27       		.uleb128 0x27
 694 0084 19       		.uleb128 0x19
 695 0085 11       		.uleb128 0x11
 696 0086 01       		.uleb128 0x1
 697 0087 12       		.uleb128 0x12
 698 0088 06       		.uleb128 0x6
 699 0089 40       		.uleb128 0x40
 700 008a 18       		.uleb128 0x18
 701 008b 9742     		.uleb128 0x2117
 702 008d 19       		.uleb128 0x19
 703 008e 00       		.byte	0
 704 008f 00       		.byte	0
 705 0090 0C       		.uleb128 0xc
 706 0091 34       		.uleb128 0x34
 707 0092 00       		.byte	0
 708 0093 03       		.uleb128 0x3
 709 0094 0E       		.uleb128 0xe
 710 0095 3A       		.uleb128 0x3a
 711 0096 0B       		.uleb128 0xb
 712 0097 3B       		.uleb128 0x3b
 713 0098 0B       		.uleb128 0xb
 714 0099 49       		.uleb128 0x49
 715 009a 13       		.uleb128 0x13
 716 009b 02       		.uleb128 0x2
 717 009c 18       		.uleb128 0x18
 718 009d 00       		.byte	0
 719 009e 00       		.byte	0
 720 009f 0D       		.uleb128 0xd
 721 00a0 34       		.uleb128 0x34
 722 00a1 00       		.byte	0
ARM GAS  C:\Users\siman\AppData\Local\Temp\ccQevCCw.s 			page 17


 723 00a2 03       		.uleb128 0x3
 724 00a3 0E       		.uleb128 0xe
 725 00a4 3A       		.uleb128 0x3a
 726 00a5 0B       		.uleb128 0xb
 727 00a6 3B       		.uleb128 0x3b
 728 00a7 0B       		.uleb128 0xb
 729 00a8 49       		.uleb128 0x49
 730 00a9 13       		.uleb128 0x13
 731 00aa 3F       		.uleb128 0x3f
 732 00ab 19       		.uleb128 0x19
 733 00ac 02       		.uleb128 0x2
 734 00ad 18       		.uleb128 0x18
 735 00ae 00       		.byte	0
 736 00af 00       		.byte	0
 737 00b0 00       		.byte	0
 738              		.section	.debug_aranges,"",%progbits
 739 0000 2C000000 		.4byte	0x2c
 740 0004 0200     		.2byte	0x2
 741 0006 00000000 		.4byte	.Ldebug_info0
 742 000a 04       		.byte	0x4
 743 000b 00       		.byte	0
 744 000c 0000     		.2byte	0
 745 000e 0000     		.2byte	0
 746 0010 00000000 		.4byte	.LFB0
 747 0014 30010000 		.4byte	.LFE0-.LFB0
 748 0018 00000000 		.4byte	.LFB1
 749 001c 02000000 		.4byte	.LFE1-.LFB1
 750 0020 00000000 		.4byte	.LFB2
 751 0024 02000000 		.4byte	.LFE2-.LFB2
 752 0028 00000000 		.4byte	0
 753 002c 00000000 		.4byte	0
 754              		.section	.debug_ranges,"",%progbits
 755              	.Ldebug_ranges0:
 756 0000 00000000 		.4byte	.LFB0
 757 0004 30010000 		.4byte	.LFE0
 758 0008 00000000 		.4byte	.LFB1
 759 000c 02000000 		.4byte	.LFE1
 760 0010 00000000 		.4byte	.LFB2
 761 0014 02000000 		.4byte	.LFE2
 762 0018 00000000 		.4byte	0
 763 001c 00000000 		.4byte	0
 764              		.section	.debug_line,"",%progbits
 765              	.Ldebug_line0:
 766 0000 33010000 		.section	.debug_str,"MS",%progbits,1
 766      02009200 
 766      00000201 
 766      FB0E0D00 
 766      01010101 
 767              	.LASF20:
 768 0000 69735F63 		.ascii	"is_c3_indicator_control_model\000"
 768      335F696E 
 768      64696361 
 768      746F725F 
 768      636F6E74 
 769              	.LASF39:
 770 001e 7461675F 		.ascii	"tag_RTM_indicator_control_mod_T\000"
 770      52544D5F 
ARM GAS  C:\Users\siman\AppData\Local\Temp\ccQevCCw.s 			page 18


 770      696E6469 
 770      6361746F 
 770      725F636F 
 771              	.LASF19:
 772 003e 69735F61 		.ascii	"is_active_c3_indicator_control_\000"
 772      63746976 
 772      655F6333 
 772      5F696E64 
 772      69636174 
 773              	.LASF25:
 774 005e 6C656674 		.ascii	"left_led_pwm\000"
 774      5F6C6564 
 774      5F70776D 
 774      00
 775              	.LASF5:
 776 006b 666C6F61 		.ascii	"float\000"
 776      7400
 777              	.LASF1:
 778 0071 756E7369 		.ascii	"unsigned char\000"
 778      676E6564 
 778      20636861 
 778      7200
 779              	.LASF36:
 780 007f 474E5520 		.ascii	"GNU C11 5.4.1 20160609 (release) [ARM/embedded-5-br"
 780      43313120 
 780      352E342E 
 780      31203230 
 780      31363036 
 781 00b2 616E6368 		.ascii	"anch revision 237715] -mcpu=cortex-m3 -mthumb -g -O"
 781      20726576 
 781      6973696F 
 781      6E203233 
 781      37373135 
 782 00e5 67202D66 		.ascii	"g -ffunction-sections -ffat-lto-objects\000"
 782      66756E63 
 782      74696F6E 
 782      2D736563 
 782      74696F6E 
 783              	.LASF31:
 784 010d 696E6469 		.ascii	"indicator_control_model_terminate\000"
 784      6361746F 
 784      725F636F 
 784      6E74726F 
 784      6C5F6D6F 
 785              	.LASF9:
 786 012f 6C6F6E67 		.ascii	"long unsigned int\000"
 786      20756E73 
 786      69676E65 
 786      6420696E 
 786      7400
 787              	.LASF3:
 788 0141 73686F72 		.ascii	"short unsigned int\000"
 788      7420756E 
 788      7369676E 
 788      65642069 
 788      6E7400
 789              	.LASF28:
ARM GAS  C:\Users\siman\AppData\Local\Temp\ccQevCCw.s 			page 19


 790 0154 45787459 		.ascii	"ExtY_indicator_control_model_T\000"
 790      5F696E64 
 790      69636174 
 790      6F725F63 
 790      6F6E7472 
 791              	.LASF27:
 792 0173 75617274 		.ascii	"uart_status\000"
 792      5F737461 
 792      74757300 
 793              	.LASF6:
 794 017f 646F7562 		.ascii	"double\000"
 794      6C6500
 795              	.LASF21:
 796 0186 44575F69 		.ascii	"DW_indicator_control_model_T\000"
 796      6E646963 
 796      61746F72 
 796      5F636F6E 
 796      74726F6C 
 797              	.LASF18:
 798 01a3 6572726F 		.ascii	"errorStatus\000"
 798      72537461 
 798      74757300 
 799              	.LASF23:
 800 01af 72696768 		.ascii	"right_btn\000"
 800      745F6274 
 800      6E00
 801              	.LASF35:
 802 01b9 696E6469 		.ascii	"indicator_control_model_M\000"
 802      6361746F 
 802      725F636F 
 802      6E74726F 
 802      6C5F6D6F 
 803              	.LASF4:
 804 01d3 756E7369 		.ascii	"unsigned int\000"
 804      676E6564 
 804      20696E74 
 804      00
 805              	.LASF17:
 806 01e0 52545F4D 		.ascii	"RT_MODEL_indicator_control_mo_T\000"
 806      4F44454C 
 806      5F696E64 
 806      69636174 
 806      6F725F63 
 807              	.LASF15:
 808 0200 6C6F6E67 		.ascii	"long long unsigned int\000"
 808      206C6F6E 
 808      6720756E 
 808      7369676E 
 808      65642069 
 809              	.LASF33:
 810 0217 696E6469 		.ascii	"indicator_control_model_U\000"
 810      6361746F 
 810      725F636F 
 810      6E74726F 
 810      6C5F6D6F 
 811              	.LASF26:
 812 0231 72696768 		.ascii	"right_led_pwm\000"
ARM GAS  C:\Users\siman\AppData\Local\Temp\ccQevCCw.s 			page 20


 812      745F6C65 
 812      645F7077 
 812      6D00
 813              	.LASF7:
 814 023f 75696E74 		.ascii	"uint8_T\000"
 814      385F5400 
 815              	.LASF37:
 816 0247 6170706C 		.ascii	"application\\indicator_control_model.c\000"
 816      69636174 
 816      696F6E5C 
 816      696E6469 
 816      6361746F 
 817              	.LASF13:
 818 026d 6C6F6E67 		.ascii	"long double\000"
 818      20646F75 
 818      626C6500 
 819              	.LASF10:
 820 0279 63686172 		.ascii	"char_T\000"
 820      5F5400
 821              	.LASF16:
 822 0280 73697A65 		.ascii	"sizetype\000"
 822      74797065 
 822      00
 823              	.LASF12:
 824 0289 6C6F6E67 		.ascii	"long long int\000"
 824      206C6F6E 
 824      6720696E 
 824      7400
 825              	.LASF22:
 826 0297 6C656674 		.ascii	"left_btn\000"
 826      5F62746E 
 826      00
 827              	.LASF11:
 828 02a0 63686172 		.ascii	"char\000"
 828      00
 829              	.LASF8:
 830 02a5 626F6F6C 		.ascii	"boolean_T\000"
 830      65616E5F 
 830      5400
 831              	.LASF40:
 832 02af 696E6469 		.ascii	"indicator_control_model_M_\000"
 832      6361746F 
 832      725F636F 
 832      6E74726F 
 832      6C5F6D6F 
 833              	.LASF2:
 834 02ca 73686F72 		.ascii	"short int\000"
 834      7420696E 
 834      7400
 835              	.LASF24:
 836 02d4 45787455 		.ascii	"ExtU_indicator_control_model_T\000"
 836      5F696E64 
 836      69636174 
 836      6F725F63 
 836      6F6E7472 
 837              	.LASF34:
 838 02f3 696E6469 		.ascii	"indicator_control_model_Y\000"
ARM GAS  C:\Users\siman\AppData\Local\Temp\ccQevCCw.s 			page 21


 838      6361746F 
 838      725F636F 
 838      6E74726F 
 838      6C5F6D6F 
 839              	.LASF29:
 840 030d 696E6469 		.ascii	"indicator_control_model_step\000"
 840      6361746F 
 840      725F636F 
 840      6E74726F 
 840      6C5F6D6F 
 841              	.LASF30:
 842 032a 696E6469 		.ascii	"indicator_control_model_initialize\000"
 842      6361746F 
 842      725F636F 
 842      6E74726F 
 842      6C5F6D6F 
 843              	.LASF14:
 844 034d 6C6F6E67 		.ascii	"long int\000"
 844      20696E74 
 844      00
 845              	.LASF38:
 846 0356 433A5C55 		.ascii	"C:\\Users\\siman\\OneDrive\\Documents\\PSoC Creator"
 846      73657273 
 846      5C73696D 
 846      616E5C4F 
 846      6E654472 
 847 0384 5C417373 		.ascii	"\\Assignment\\MoonRider.cydsn\000"
 847      69676E6D 
 847      656E745C 
 847      4D6F6F6E 
 847      52696465 
 848              	.LASF0:
 849 03a0 7369676E 		.ascii	"signed char\000"
 849      65642063 
 849      68617200 
 850              	.LASF32:
 851 03ac 696E6469 		.ascii	"indicator_control_model_DW\000"
 851      6361746F 
 851      725F636F 
 851      6E74726F 
 851      6C5F6D6F 
 852              		.ident	"GCC: (GNU Tools for ARM Embedded Processors) 5.4.1 20160609 (release) [ARM/embedded-5-bran
