ARM GAS  C:\Users\siman\AppData\Local\Temp\cczgXphs.s 			page 1


   1              		.syntax unified
   2              		.cpu cortex-m3
   3              		.fpu softvfp
   4              		.eabi_attribute 20, 1
   5              		.eabi_attribute 21, 1
   6              		.eabi_attribute 23, 3
   7              		.eabi_attribute 24, 1
   8              		.eabi_attribute 25, 1
   9              		.eabi_attribute 26, 1
  10              		.eabi_attribute 30, 1
  11              		.eabi_attribute 34, 1
  12              		.eabi_attribute 18, 4
  13              		.thumb
  14              		.syntax unified
  15              		.file	"main.c"
  16              		.text
  17              	.Ltext0:
  18              		.cfi_sections	.debug_frame
  19              		.section	.text.Timer_1_ISR_Handler,"ax",%progbits
  20              		.align	2
  21              		.global	Timer_1_ISR_Handler
  22              		.thumb
  23              		.thumb_func
  24              		.type	Timer_1_ISR_Handler, %function
  25              	Timer_1_ISR_Handler:
  26              	.LFB63:
  27              		.file 1 "main.c"
   1:main.c        **** /* ========================================
   2:main.c        ****  *
   3:main.c        ****  * Copyright YOUR COMPANY, THE YEAR
   4:main.c        ****  * All Rights Reserved
   5:main.c        ****  * UNPUBLISHED, LICENSED SOFTWARE.
   6:main.c        ****  *
   7:main.c        ****  * CONFIDENTIAL AND PROPRIETARY INFORMATION
   8:main.c        ****  * WHICH IS THE PROPERTY OF your company.
   9:main.c        ****  *
  10:main.c        ****  * ========================================
  11:main.c        **** */
  12:main.c        **** #include "project.h"
  13:main.c        **** #include "indicator_control_model.h"  // Simulink logic
  14:main.c        **** #include <stdbool.h>  // Needed for bool type
  15:main.c        **** 
  16:main.c        **** // Simulink model I/O variables (must be defined once globally)
  17:main.c        **** boolean_T left_btn;
  18:main.c        **** boolean_T right_btn;
  19:main.c        **** boolean_T left_led_pwm;
  20:main.c        **** boolean_T right_led_pwm;
  21:main.c        **** uint8_T uart_status;
  22:main.c        **** // Timer flag for 100ms tick (used in main loop and set by ISR)
  23:main.c        **** volatile bool tick_100ms_flag = false;
  24:main.c        **** 
  25:main.c        **** // --- Timer ISR definition ---
  26:main.c        **** CY_ISR(Timer_1_ISR_Handler)
  27:main.c        **** {
  28              		.loc 1 27 0
  29              		.cfi_startproc
  30              		@ args = 0, pretend = 0, frame = 0
ARM GAS  C:\Users\siman\AppData\Local\Temp\cczgXphs.s 			page 2


  31              		@ frame_needed = 0, uses_anonymous_args = 0
  32 0000 08B5     		push	{r3, lr}
  33              		.cfi_def_cfa_offset 8
  34              		.cfi_offset 3, -8
  35              		.cfi_offset 14, -4
  28:main.c        ****     tick_100ms_flag = true;
  36              		.loc 1 28 0
  37 0002 0122     		movs	r2, #1
  38 0004 024B     		ldr	r3, .L3
  39 0006 1A70     		strb	r2, [r3]
  29:main.c        ****     Timer_1_ReadStatusRegister();  // Clear interrupt flag (if required)
  40              		.loc 1 29 0
  41 0008 FFF7FEFF 		bl	Timer_1_ReadStatusRegister
  42              	.LVL0:
  43 000c 08BD     		pop	{r3, pc}
  44              	.L4:
  45 000e 00BF     		.align	2
  46              	.L3:
  47 0010 00000000 		.word	.LANCHOR0
  48              		.cfi_endproc
  49              	.LFE63:
  50              		.size	Timer_1_ISR_Handler, .-Timer_1_ISR_Handler
  51              		.section	.text.main,"ax",%progbits
  52              		.align	2
  53              		.global	main
  54              		.thumb
  55              		.thumb_func
  56              		.type	main, %function
  57              	main:
  58              	.LFB64:
  30:main.c        **** }
  31:main.c        **** 
  32:main.c        **** int main(void)
  33:main.c        **** {
  59              		.loc 1 33 0
  60              		.cfi_startproc
  61              		@ Volatile: function does not return.
  62              		@ args = 0, pretend = 0, frame = 0
  63              		@ frame_needed = 0, uses_anonymous_args = 0
  64 0000 08B5     		push	{r3, lr}
  65              		.cfi_def_cfa_offset 8
  66              		.cfi_offset 3, -8
  67              		.cfi_offset 14, -4
  34:main.c        ****     CyGlobalIntEnable;
  68              		.loc 1 34 0
  69              		.syntax unified
  70              	@ 34 "main.c" 1
  71 0002 62B6     		CPSIE   i
  72              	@ 0 "" 2
  35:main.c        **** 
  36:main.c        ****     UART_1_Start();     // Initialize UART
  73              		.loc 1 36 0
  74              		.thumb
  75              		.syntax unified
  76 0004 FFF7FEFF 		bl	UART_1_Start
  77              	.LVL1:
  37:main.c        ****     PWM_1_Start();      // Left LED PWM
ARM GAS  C:\Users\siman\AppData\Local\Temp\cczgXphs.s 			page 3


  78              		.loc 1 37 0
  79 0008 FFF7FEFF 		bl	PWM_1_Start
  80              	.LVL2:
  38:main.c        ****     PWM_2_Start();      // Right LED PWM
  81              		.loc 1 38 0
  82 000c FFF7FEFF 		bl	PWM_2_Start
  83              	.LVL3:
  39:main.c        ****     Timer_1_Start();    // 100 ms timer
  84              		.loc 1 39 0
  85 0010 FFF7FEFF 		bl	Timer_1_Start
  86              	.LVL4:
  40:main.c        **** 
  41:main.c        ****     UART_1_PutString("System Initialized\r\n");
  87              		.loc 1 41 0
  88 0014 1C48     		ldr	r0, .L16
  89 0016 FFF7FEFF 		bl	UART_1_PutString
  90              	.LVL5:
  42:main.c        **** 
  43:main.c        ****     indicator_control_model_initialize();  // Simulink init
  91              		.loc 1 43 0
  92 001a FFF7FEFF 		bl	indicator_control_model_initialize
  93              	.LVL6:
  94              	.L7:
  44:main.c        **** 
  45:main.c        ****     for (;;)
  46:main.c        ****     {
  47:main.c        ****         if (tick_100ms_flag)  // Set in your Timer ISR
  95              		.loc 1 47 0
  96 001e 1B4B     		ldr	r3, .L16+4
  97 0020 1B78     		ldrb	r3, [r3]	@ zero_extendqisi2
  98 0022 13F0FF0F 		tst	r3, #255
  99 0026 FAD0     		beq	.L7
  48:main.c        ****         {
  49:main.c        ****             tick_100ms_flag = false;
 100              		.loc 1 49 0
 101 0028 0022     		movs	r2, #0
 102 002a 184B     		ldr	r3, .L16+4
 103 002c 1A70     		strb	r2, [r3]
  50:main.c        **** 
  51:main.c        ****             // --- Read inputs from buttons ---
  52:main.c        ****             left_btn = Left_Button_Read();     // Reads 0 or 1
 104              		.loc 1 52 0
 105 002e FFF7FEFF 		bl	Left_Button_Read
 106              	.LVL7:
 107 0032 174B     		ldr	r3, .L16+8
 108 0034 1870     		strb	r0, [r3]
  53:main.c        ****             right_btn = Right_Button_Read();
 109              		.loc 1 53 0
 110 0036 FFF7FEFF 		bl	Right_Button_Read
 111              	.LVL8:
 112 003a 164B     		ldr	r3, .L16+12
 113 003c 1870     		strb	r0, [r3]
  54:main.c        **** 
  55:main.c        ****             // --- Run Simulink logic ---
  56:main.c        ****             indicator_control_model_step();
 114              		.loc 1 56 0
 115 003e FFF7FEFF 		bl	indicator_control_model_step
ARM GAS  C:\Users\siman\AppData\Local\Temp\cczgXphs.s 			page 4


 116              	.LVL9:
  57:main.c        **** 
  58:main.c        ****             // --- Apply Simulink outputs ---
  59:main.c        ****             if (left_led_pwm)
 117              		.loc 1 59 0
 118 0042 154B     		ldr	r3, .L16+16
 119 0044 1B78     		ldrb	r3, [r3]	@ zero_extendqisi2
 120 0046 13B1     		cbz	r3, .L8
  60:main.c        ****                 PWM_1_Enable();
 121              		.loc 1 60 0
 122 0048 FFF7FEFF 		bl	PWM_1_Enable
 123              	.LVL10:
 124 004c 01E0     		b	.L9
 125              	.L8:
  61:main.c        ****             else
  62:main.c        ****                 PWM_1_Stop();
 126              		.loc 1 62 0
 127 004e FFF7FEFF 		bl	PWM_1_Stop
 128              	.LVL11:
 129              	.L9:
  63:main.c        **** 
  64:main.c        ****             if (right_led_pwm)
 130              		.loc 1 64 0
 131 0052 124B     		ldr	r3, .L16+20
 132 0054 1B78     		ldrb	r3, [r3]	@ zero_extendqisi2
 133 0056 13B1     		cbz	r3, .L10
  65:main.c        ****                 PWM_2_Enable();
 134              		.loc 1 65 0
 135 0058 FFF7FEFF 		bl	PWM_2_Enable
 136              	.LVL12:
 137 005c 01E0     		b	.L11
 138              	.L10:
  66:main.c        ****             else
  67:main.c        ****                 PWM_2_Stop();
 139              		.loc 1 67 0
 140 005e FFF7FEFF 		bl	PWM_2_Stop
 141              	.LVL13:
 142              	.L11:
  68:main.c        **** 
  69:main.c        ****             // --- UART status output ---
  70:main.c        ****             if (uart_status == 1)
 143              		.loc 1 70 0
 144 0062 0F4B     		ldr	r3, .L16+24
 145 0064 1B78     		ldrb	r3, [r3]	@ zero_extendqisi2
 146 0066 012B     		cmp	r3, #1
 147 0068 03D1     		bne	.L12
  71:main.c        ****                 UART_1_PutString("Indicator ON\r\n");
 148              		.loc 1 71 0
 149 006a 0E48     		ldr	r0, .L16+28
 150 006c FFF7FEFF 		bl	UART_1_PutString
 151              	.LVL14:
 152 0070 D5E7     		b	.L7
 153              	.L12:
  72:main.c        ****             else if (uart_status == 2)
 154              		.loc 1 72 0
 155 0072 022B     		cmp	r3, #2
 156 0074 03D1     		bne	.L14
ARM GAS  C:\Users\siman\AppData\Local\Temp\cczgXphs.s 			page 5


  73:main.c        ****                 UART_1_PutString("Hazard ON\r\n");
 157              		.loc 1 73 0
 158 0076 0C48     		ldr	r0, .L16+32
 159 0078 FFF7FEFF 		bl	UART_1_PutString
 160              	.LVL15:
 161 007c CFE7     		b	.L7
 162              	.L14:
  74:main.c        ****             else
  75:main.c        ****                 UART_1_PutString("OFF\r\n");
 163              		.loc 1 75 0
 164 007e 0B48     		ldr	r0, .L16+36
 165 0080 FFF7FEFF 		bl	UART_1_PutString
 166              	.LVL16:
 167 0084 CBE7     		b	.L7
 168              	.L17:
 169 0086 00BF     		.align	2
 170              	.L16:
 171 0088 00000000 		.word	.LC0
 172 008c 00000000 		.word	.LANCHOR0
 173 0090 00000000 		.word	left_btn
 174 0094 00000000 		.word	right_btn
 175 0098 00000000 		.word	left_led_pwm
 176 009c 00000000 		.word	right_led_pwm
 177 00a0 00000000 		.word	uart_status
 178 00a4 18000000 		.word	.LC1
 179 00a8 28000000 		.word	.LC2
 180 00ac 34000000 		.word	.LC3
 181              		.cfi_endproc
 182              	.LFE64:
 183              		.size	main, .-main
 184              		.global	tick_100ms_flag
 185              		.comm	uart_status,1,1
 186              		.comm	right_led_pwm,1,1
 187              		.comm	left_led_pwm,1,1
 188              		.comm	right_btn,1,1
 189              		.comm	left_btn,1,1
 190              		.section	.rodata.str1.4,"aMS",%progbits,1
 191              		.align	2
 192              	.LC0:
 193 0000 53797374 		.ascii	"System Initialized\015\012\000"
 193      656D2049 
 193      6E697469 
 193      616C697A 
 193      65640D0A 
 194 0015 000000   		.space	3
 195              	.LC1:
 196 0018 496E6469 		.ascii	"Indicator ON\015\012\000"
 196      6361746F 
 196      72204F4E 
 196      0D0A00
 197 0027 00       		.space	1
 198              	.LC2:
 199 0028 48617A61 		.ascii	"Hazard ON\015\012\000"
 199      7264204F 
 199      4E0D0A00 
 200              	.LC3:
 201 0034 4F46460D 		.ascii	"OFF\015\012\000"
ARM GAS  C:\Users\siman\AppData\Local\Temp\cczgXphs.s 			page 6


 201      0A00
 202              		.bss
 203              		.set	.LANCHOR0,. + 0
 204              		.type	tick_100ms_flag, %object
 205              		.size	tick_100ms_flag, 1
 206              	tick_100ms_flag:
 207 0000 00       		.space	1
 208              		.text
 209              	.Letext0:
 210              		.file 2 "c:\\program files (x86)\\cypress\\psoc creator\\4.4\\psoc creator\\import\\gnu\\arm\\5.4.
 211              		.file 3 "c:\\program files (x86)\\cypress\\psoc creator\\4.4\\psoc creator\\import\\gnu\\arm\\5.4.
 212              		.file 4 "rtwtypes.h"
 213              		.file 5 "Generated_Source\\PSoC5/core_cm3.h"
 214              		.file 6 "Generated_Source\\PSoC5/Timer_1.h"
 215              		.file 7 "Generated_Source\\PSoC5/UART_1.h"
 216              		.file 8 "Generated_Source\\PSoC5/PWM_1.h"
 217              		.file 9 "Generated_Source\\PSoC5/PWM_2.h"
 218              		.file 10 "indicator_control_model.h"
 219              		.file 11 "Generated_Source\\PSoC5/Left_Button.h"
 220              		.file 12 "Generated_Source\\PSoC5/Right_Button.h"
 221              		.section	.debug_info,"",%progbits
 222              	.Ldebug_info0:
 223 0000 D1020000 		.4byte	0x2d1
 224 0004 0400     		.2byte	0x4
 225 0006 00000000 		.4byte	.Ldebug_abbrev0
 226 000a 04       		.byte	0x4
 227 000b 01       		.uleb128 0x1
 228 000c 91000000 		.4byte	.LASF40
 229 0010 0C       		.byte	0xc
 230 0011 0D020000 		.4byte	.LASF41
 231 0015 8C020000 		.4byte	.LASF42
 232 0019 00000000 		.4byte	.Ldebug_ranges0+0
 233 001d 00000000 		.4byte	0
 234 0021 00000000 		.4byte	.Ldebug_line0
 235 0025 02       		.uleb128 0x2
 236 0026 01       		.byte	0x1
 237 0027 06       		.byte	0x6
 238 0028 D6020000 		.4byte	.LASF0
 239 002c 02       		.uleb128 0x2
 240 002d 01       		.byte	0x1
 241 002e 08       		.byte	0x8
 242 002f 83000000 		.4byte	.LASF1
 243 0033 02       		.uleb128 0x2
 244 0034 02       		.byte	0x2
 245 0035 05       		.byte	0x5
 246 0036 46020000 		.4byte	.LASF2
 247 003a 02       		.uleb128 0x2
 248 003b 02       		.byte	0x2
 249 003c 07       		.byte	0x7
 250 003d 32000000 		.4byte	.LASF3
 251 0041 03       		.uleb128 0x3
 252 0042 28000000 		.4byte	.LASF9
 253 0046 02       		.byte	0x2
 254 0047 3F       		.byte	0x3f
 255 0048 4C000000 		.4byte	0x4c
 256 004c 02       		.uleb128 0x2
 257 004d 04       		.byte	0x4
ARM GAS  C:\Users\siman\AppData\Local\Temp\cczgXphs.s 			page 7


 258 004e 05       		.byte	0x5
 259 004f 83020000 		.4byte	.LASF4
 260 0053 02       		.uleb128 0x2
 261 0054 04       		.byte	0x4
 262 0055 07       		.byte	0x7
 263 0056 4C010000 		.4byte	.LASF5
 264 005a 02       		.uleb128 0x2
 265 005b 08       		.byte	0x8
 266 005c 05       		.byte	0x5
 267 005d FF010000 		.4byte	.LASF6
 268 0061 02       		.uleb128 0x2
 269 0062 08       		.byte	0x8
 270 0063 07       		.byte	0x7
 271 0064 A8010000 		.4byte	.LASF7
 272 0068 04       		.uleb128 0x4
 273 0069 04       		.byte	0x4
 274 006a 05       		.byte	0x5
 275 006b 696E7400 		.ascii	"int\000"
 276 006f 02       		.uleb128 0x2
 277 0070 04       		.byte	0x4
 278 0071 07       		.byte	0x7
 279 0072 89010000 		.4byte	.LASF8
 280 0076 03       		.uleb128 0x3
 281 0077 68000000 		.4byte	.LASF10
 282 007b 03       		.byte	0x3
 283 007c 2C       		.byte	0x2c
 284 007d 41000000 		.4byte	0x41
 285 0081 02       		.uleb128 0x2
 286 0082 04       		.byte	0x4
 287 0083 04       		.byte	0x4
 288 0084 7D000000 		.4byte	.LASF11
 289 0088 02       		.uleb128 0x2
 290 0089 08       		.byte	0x8
 291 008a 04       		.byte	0x4
 292 008b 56000000 		.4byte	.LASF12
 293 008f 02       		.uleb128 0x2
 294 0090 01       		.byte	0x1
 295 0091 08       		.byte	0x8
 296 0092 14020000 		.4byte	.LASF13
 297 0096 02       		.uleb128 0x2
 298 0097 08       		.byte	0x8
 299 0098 04       		.byte	0x4
 300 0099 CD010000 		.4byte	.LASF14
 301 009d 02       		.uleb128 0x2
 302 009e 04       		.byte	0x4
 303 009f 07       		.byte	0x7
 304 00a0 F6010000 		.4byte	.LASF15
 305 00a4 03       		.uleb128 0x3
 306 00a5 1F010000 		.4byte	.LASF16
 307 00a9 04       		.byte	0x4
 308 00aa 34       		.byte	0x34
 309 00ab 2C000000 		.4byte	0x2c
 310 00af 03       		.uleb128 0x3
 311 00b0 3C020000 		.4byte	.LASF17
 312 00b4 04       		.byte	0x4
 313 00b5 42       		.byte	0x42
 314 00b6 2C000000 		.4byte	0x2c
ARM GAS  C:\Users\siman\AppData\Local\Temp\cczgXphs.s 			page 8


 315 00ba 05       		.uleb128 0x5
 316 00bb 02030000 		.4byte	.LASF43
 317 00bf 01       		.byte	0x1
 318 00c0 1A       		.byte	0x1a
 319 00c1 00000000 		.4byte	.LFB63
 320 00c5 14000000 		.4byte	.LFE63-.LFB63
 321 00c9 01       		.uleb128 0x1
 322 00ca 9C       		.byte	0x9c
 323 00cb D9000000 		.4byte	0xd9
 324 00cf 06       		.uleb128 0x6
 325 00d0 0C000000 		.4byte	.LVL0
 326 00d4 3A020000 		.4byte	0x23a
 327 00d8 00       		.byte	0
 328 00d9 07       		.uleb128 0x7
 329 00da 7A010000 		.4byte	.LASF44
 330 00de 01       		.byte	0x1
 331 00df 20       		.byte	0x20
 332 00e0 68000000 		.4byte	0x68
 333 00e4 00000000 		.4byte	.LFB64
 334 00e8 B0000000 		.4byte	.LFE64-.LFB64
 335 00ec 01       		.uleb128 0x1
 336 00ed 9C       		.byte	0x9c
 337 00ee B7010000 		.4byte	0x1b7
 338 00f2 06       		.uleb128 0x6
 339 00f3 08000000 		.4byte	.LVL1
 340 00f7 45020000 		.4byte	0x245
 341 00fb 06       		.uleb128 0x6
 342 00fc 0C000000 		.4byte	.LVL2
 343 0100 50020000 		.4byte	0x250
 344 0104 06       		.uleb128 0x6
 345 0105 10000000 		.4byte	.LVL3
 346 0109 5B020000 		.4byte	0x25b
 347 010d 06       		.uleb128 0x6
 348 010e 14000000 		.4byte	.LVL4
 349 0112 66020000 		.4byte	0x266
 350 0116 08       		.uleb128 0x8
 351 0117 1A000000 		.4byte	.LVL5
 352 011b 71020000 		.4byte	0x271
 353 011f 2D010000 		.4byte	0x12d
 354 0123 09       		.uleb128 0x9
 355 0124 01       		.uleb128 0x1
 356 0125 50       		.byte	0x50
 357 0126 05       		.uleb128 0x5
 358 0127 03       		.byte	0x3
 359 0128 00000000 		.4byte	.LC0
 360 012c 00       		.byte	0
 361 012d 06       		.uleb128 0x6
 362 012e 1E000000 		.4byte	.LVL6
 363 0132 7C020000 		.4byte	0x27c
 364 0136 06       		.uleb128 0x6
 365 0137 32000000 		.4byte	.LVL7
 366 013b 87020000 		.4byte	0x287
 367 013f 06       		.uleb128 0x6
 368 0140 3A000000 		.4byte	.LVL8
 369 0144 92020000 		.4byte	0x292
 370 0148 06       		.uleb128 0x6
 371 0149 42000000 		.4byte	.LVL9
ARM GAS  C:\Users\siman\AppData\Local\Temp\cczgXphs.s 			page 9


 372 014d 9D020000 		.4byte	0x29d
 373 0151 06       		.uleb128 0x6
 374 0152 4C000000 		.4byte	.LVL10
 375 0156 A8020000 		.4byte	0x2a8
 376 015a 06       		.uleb128 0x6
 377 015b 52000000 		.4byte	.LVL11
 378 015f B3020000 		.4byte	0x2b3
 379 0163 06       		.uleb128 0x6
 380 0164 5C000000 		.4byte	.LVL12
 381 0168 BE020000 		.4byte	0x2be
 382 016c 06       		.uleb128 0x6
 383 016d 62000000 		.4byte	.LVL13
 384 0171 C9020000 		.4byte	0x2c9
 385 0175 08       		.uleb128 0x8
 386 0176 70000000 		.4byte	.LVL14
 387 017a 71020000 		.4byte	0x271
 388 017e 8C010000 		.4byte	0x18c
 389 0182 09       		.uleb128 0x9
 390 0183 01       		.uleb128 0x1
 391 0184 50       		.byte	0x50
 392 0185 05       		.uleb128 0x5
 393 0186 03       		.byte	0x3
 394 0187 18000000 		.4byte	.LC1
 395 018b 00       		.byte	0
 396 018c 08       		.uleb128 0x8
 397 018d 7C000000 		.4byte	.LVL15
 398 0191 71020000 		.4byte	0x271
 399 0195 A3010000 		.4byte	0x1a3
 400 0199 09       		.uleb128 0x9
 401 019a 01       		.uleb128 0x1
 402 019b 50       		.byte	0x50
 403 019c 05       		.uleb128 0x5
 404 019d 03       		.byte	0x3
 405 019e 28000000 		.4byte	.LC2
 406 01a2 00       		.byte	0
 407 01a3 0A       		.uleb128 0xa
 408 01a4 84000000 		.4byte	.LVL16
 409 01a8 71020000 		.4byte	0x271
 410 01ac 09       		.uleb128 0x9
 411 01ad 01       		.uleb128 0x1
 412 01ae 50       		.byte	0x50
 413 01af 05       		.uleb128 0x5
 414 01b0 03       		.byte	0x3
 415 01b1 34000000 		.4byte	.LC3
 416 01b5 00       		.byte	0
 417 01b6 00       		.byte	0
 418 01b7 0B       		.uleb128 0xb
 419 01b8 33010000 		.4byte	.LASF18
 420 01bc 05       		.byte	0x5
 421 01bd 1207     		.2byte	0x712
 422 01bf C3010000 		.4byte	0x1c3
 423 01c3 0C       		.uleb128 0xc
 424 01c4 76000000 		.4byte	0x76
 425 01c8 0D       		.uleb128 0xd
 426 01c9 E2020000 		.4byte	.LASF19
 427 01cd 01       		.byte	0x1
 428 01ce 11       		.byte	0x11
ARM GAS  C:\Users\siman\AppData\Local\Temp\cczgXphs.s 			page 10


 429 01cf AF000000 		.4byte	0xaf
 430 01d3 05       		.uleb128 0x5
 431 01d4 03       		.byte	0x3
 432 01d5 00000000 		.4byte	left_btn
 433 01d9 0D       		.uleb128 0xd
 434 01da 7F010000 		.4byte	.LASF20
 435 01de 01       		.byte	0x1
 436 01df 12       		.byte	0x12
 437 01e0 AF000000 		.4byte	0xaf
 438 01e4 05       		.uleb128 0x5
 439 01e5 03       		.byte	0x3
 440 01e6 00000000 		.4byte	right_btn
 441 01ea 0D       		.uleb128 0xd
 442 01eb 70000000 		.4byte	.LASF21
 443 01ef 01       		.byte	0x1
 444 01f0 13       		.byte	0x13
 445 01f1 AF000000 		.4byte	0xaf
 446 01f5 05       		.uleb128 0x5
 447 01f6 03       		.byte	0x3
 448 01f7 00000000 		.4byte	left_led_pwm
 449 01fb 0D       		.uleb128 0xd
 450 01fc BF010000 		.4byte	.LASF22
 451 0200 01       		.byte	0x1
 452 0201 14       		.byte	0x14
 453 0202 AF000000 		.4byte	0xaf
 454 0206 05       		.uleb128 0x5
 455 0207 03       		.byte	0x3
 456 0208 00000000 		.4byte	right_led_pwm
 457 020c 0D       		.uleb128 0xd
 458 020d 40010000 		.4byte	.LASF23
 459 0211 01       		.byte	0x1
 460 0212 15       		.byte	0x15
 461 0213 A4000000 		.4byte	0xa4
 462 0217 05       		.uleb128 0x5
 463 0218 03       		.byte	0x3
 464 0219 00000000 		.4byte	uart_status
 465 021d 0D       		.uleb128 0xd
 466 021e 6A010000 		.4byte	.LASF24
 467 0222 01       		.byte	0x1
 468 0223 17       		.byte	0x17
 469 0224 35020000 		.4byte	0x235
 470 0228 05       		.uleb128 0x5
 471 0229 03       		.byte	0x3
 472 022a 00000000 		.4byte	tick_100ms_flag
 473 022e 02       		.uleb128 0x2
 474 022f 01       		.byte	0x1
 475 0230 02       		.byte	0x2
 476 0231 FC020000 		.4byte	.LASF25
 477 0235 0C       		.uleb128 0xc
 478 0236 2E020000 		.4byte	0x22e
 479 023a 0E       		.uleb128 0xe
 480 023b 5D020000 		.4byte	.LASF26
 481 023f 5D020000 		.4byte	.LASF26
 482 0243 06       		.byte	0x6
 483 0244 5E       		.byte	0x5e
 484 0245 0E       		.uleb128 0xe
 485 0246 0D000000 		.4byte	.LASF27
ARM GAS  C:\Users\siman\AppData\Local\Temp\cczgXphs.s 			page 11


 486 024a 0D000000 		.4byte	.LASF27
 487 024e 07       		.byte	0x7
 488 024f 54       		.byte	0x54
 489 0250 0E       		.uleb128 0xe
 490 0251 27010000 		.4byte	.LASF28
 491 0255 27010000 		.4byte	.LASF28
 492 0259 08       		.byte	0x8
 493 025a 92       		.byte	0x92
 494 025b 0E       		.uleb128 0xe
 495 025c 5E010000 		.4byte	.LASF29
 496 0260 5E010000 		.4byte	.LASF29
 497 0264 09       		.byte	0x9
 498 0265 92       		.byte	0x92
 499 0266 0E       		.uleb128 0xe
 500 0267 1A000000 		.4byte	.LASF30
 501 026b 1A000000 		.4byte	.LASF30
 502 026f 06       		.byte	0x6
 503 0270 5A       		.byte	0x5a
 504 0271 0E       		.uleb128 0xe
 505 0272 EB020000 		.4byte	.LASF31
 506 0276 EB020000 		.4byte	.LASF31
 507 027a 07       		.byte	0x7
 508 027b 8B       		.byte	0x8b
 509 027c 0E       		.uleb128 0xe
 510 027d 19020000 		.4byte	.LASF32
 511 0281 19020000 		.4byte	.LASF32
 512 0285 0A       		.byte	0xa
 513 0286 49       		.byte	0x49
 514 0287 0E       		.uleb128 0xe
 515 0288 45000000 		.4byte	.LASF33
 516 028c 45000000 		.4byte	.LASF33
 517 0290 0B       		.byte	0xb
 518 0291 29       		.byte	0x29
 519 0292 0E       		.uleb128 0xe
 520 0293 96010000 		.4byte	.LASF34
 521 0297 96010000 		.4byte	.LASF34
 522 029b 0C       		.byte	0xc
 523 029c 29       		.byte	0x29
 524 029d 0E       		.uleb128 0xe
 525 029e D9010000 		.4byte	.LASF35
 526 02a2 D9010000 		.4byte	.LASF35
 527 02a6 0A       		.byte	0xa
 528 02a7 4A       		.byte	0x4a
 529 02a8 0E       		.uleb128 0xe
 530 02a9 00000000 		.4byte	.LASF36
 531 02ad 00000000 		.4byte	.LASF36
 532 02b1 08       		.byte	0x8
 533 02b2 DB       		.byte	0xdb
 534 02b3 0E       		.uleb128 0xe
 535 02b4 78020000 		.4byte	.LASF37
 536 02b8 78020000 		.4byte	.LASF37
 537 02bc 08       		.byte	0x8
 538 02bd 93       		.byte	0x93
 539 02be 0E       		.uleb128 0xe
 540 02bf 50020000 		.4byte	.LASF38
 541 02c3 50020000 		.4byte	.LASF38
 542 02c7 09       		.byte	0x9
ARM GAS  C:\Users\siman\AppData\Local\Temp\cczgXphs.s 			page 12


 543 02c8 DB       		.byte	0xdb
 544 02c9 0E       		.uleb128 0xe
 545 02ca 5D000000 		.4byte	.LASF39
 546 02ce 5D000000 		.4byte	.LASF39
 547 02d2 09       		.byte	0x9
 548 02d3 93       		.byte	0x93
 549 02d4 00       		.byte	0
 550              		.section	.debug_abbrev,"",%progbits
 551              	.Ldebug_abbrev0:
 552 0000 01       		.uleb128 0x1
 553 0001 11       		.uleb128 0x11
 554 0002 01       		.byte	0x1
 555 0003 25       		.uleb128 0x25
 556 0004 0E       		.uleb128 0xe
 557 0005 13       		.uleb128 0x13
 558 0006 0B       		.uleb128 0xb
 559 0007 03       		.uleb128 0x3
 560 0008 0E       		.uleb128 0xe
 561 0009 1B       		.uleb128 0x1b
 562 000a 0E       		.uleb128 0xe
 563 000b 55       		.uleb128 0x55
 564 000c 17       		.uleb128 0x17
 565 000d 11       		.uleb128 0x11
 566 000e 01       		.uleb128 0x1
 567 000f 10       		.uleb128 0x10
 568 0010 17       		.uleb128 0x17
 569 0011 00       		.byte	0
 570 0012 00       		.byte	0
 571 0013 02       		.uleb128 0x2
 572 0014 24       		.uleb128 0x24
 573 0015 00       		.byte	0
 574 0016 0B       		.uleb128 0xb
 575 0017 0B       		.uleb128 0xb
 576 0018 3E       		.uleb128 0x3e
 577 0019 0B       		.uleb128 0xb
 578 001a 03       		.uleb128 0x3
 579 001b 0E       		.uleb128 0xe
 580 001c 00       		.byte	0
 581 001d 00       		.byte	0
 582 001e 03       		.uleb128 0x3
 583 001f 16       		.uleb128 0x16
 584 0020 00       		.byte	0
 585 0021 03       		.uleb128 0x3
 586 0022 0E       		.uleb128 0xe
 587 0023 3A       		.uleb128 0x3a
 588 0024 0B       		.uleb128 0xb
 589 0025 3B       		.uleb128 0x3b
 590 0026 0B       		.uleb128 0xb
 591 0027 49       		.uleb128 0x49
 592 0028 13       		.uleb128 0x13
 593 0029 00       		.byte	0
 594 002a 00       		.byte	0
 595 002b 04       		.uleb128 0x4
 596 002c 24       		.uleb128 0x24
 597 002d 00       		.byte	0
 598 002e 0B       		.uleb128 0xb
 599 002f 0B       		.uleb128 0xb
ARM GAS  C:\Users\siman\AppData\Local\Temp\cczgXphs.s 			page 13


 600 0030 3E       		.uleb128 0x3e
 601 0031 0B       		.uleb128 0xb
 602 0032 03       		.uleb128 0x3
 603 0033 08       		.uleb128 0x8
 604 0034 00       		.byte	0
 605 0035 00       		.byte	0
 606 0036 05       		.uleb128 0x5
 607 0037 2E       		.uleb128 0x2e
 608 0038 01       		.byte	0x1
 609 0039 3F       		.uleb128 0x3f
 610 003a 19       		.uleb128 0x19
 611 003b 03       		.uleb128 0x3
 612 003c 0E       		.uleb128 0xe
 613 003d 3A       		.uleb128 0x3a
 614 003e 0B       		.uleb128 0xb
 615 003f 3B       		.uleb128 0x3b
 616 0040 0B       		.uleb128 0xb
 617 0041 27       		.uleb128 0x27
 618 0042 19       		.uleb128 0x19
 619 0043 11       		.uleb128 0x11
 620 0044 01       		.uleb128 0x1
 621 0045 12       		.uleb128 0x12
 622 0046 06       		.uleb128 0x6
 623 0047 40       		.uleb128 0x40
 624 0048 18       		.uleb128 0x18
 625 0049 9742     		.uleb128 0x2117
 626 004b 19       		.uleb128 0x19
 627 004c 01       		.uleb128 0x1
 628 004d 13       		.uleb128 0x13
 629 004e 00       		.byte	0
 630 004f 00       		.byte	0
 631 0050 06       		.uleb128 0x6
 632 0051 898201   		.uleb128 0x4109
 633 0054 00       		.byte	0
 634 0055 11       		.uleb128 0x11
 635 0056 01       		.uleb128 0x1
 636 0057 31       		.uleb128 0x31
 637 0058 13       		.uleb128 0x13
 638 0059 00       		.byte	0
 639 005a 00       		.byte	0
 640 005b 07       		.uleb128 0x7
 641 005c 2E       		.uleb128 0x2e
 642 005d 01       		.byte	0x1
 643 005e 3F       		.uleb128 0x3f
 644 005f 19       		.uleb128 0x19
 645 0060 03       		.uleb128 0x3
 646 0061 0E       		.uleb128 0xe
 647 0062 3A       		.uleb128 0x3a
 648 0063 0B       		.uleb128 0xb
 649 0064 3B       		.uleb128 0x3b
 650 0065 0B       		.uleb128 0xb
 651 0066 27       		.uleb128 0x27
 652 0067 19       		.uleb128 0x19
 653 0068 49       		.uleb128 0x49
 654 0069 13       		.uleb128 0x13
 655 006a 8701     		.uleb128 0x87
 656 006c 19       		.uleb128 0x19
ARM GAS  C:\Users\siman\AppData\Local\Temp\cczgXphs.s 			page 14


 657 006d 11       		.uleb128 0x11
 658 006e 01       		.uleb128 0x1
 659 006f 12       		.uleb128 0x12
 660 0070 06       		.uleb128 0x6
 661 0071 40       		.uleb128 0x40
 662 0072 18       		.uleb128 0x18
 663 0073 9742     		.uleb128 0x2117
 664 0075 19       		.uleb128 0x19
 665 0076 01       		.uleb128 0x1
 666 0077 13       		.uleb128 0x13
 667 0078 00       		.byte	0
 668 0079 00       		.byte	0
 669 007a 08       		.uleb128 0x8
 670 007b 898201   		.uleb128 0x4109
 671 007e 01       		.byte	0x1
 672 007f 11       		.uleb128 0x11
 673 0080 01       		.uleb128 0x1
 674 0081 31       		.uleb128 0x31
 675 0082 13       		.uleb128 0x13
 676 0083 01       		.uleb128 0x1
 677 0084 13       		.uleb128 0x13
 678 0085 00       		.byte	0
 679 0086 00       		.byte	0
 680 0087 09       		.uleb128 0x9
 681 0088 8A8201   		.uleb128 0x410a
 682 008b 00       		.byte	0
 683 008c 02       		.uleb128 0x2
 684 008d 18       		.uleb128 0x18
 685 008e 9142     		.uleb128 0x2111
 686 0090 18       		.uleb128 0x18
 687 0091 00       		.byte	0
 688 0092 00       		.byte	0
 689 0093 0A       		.uleb128 0xa
 690 0094 898201   		.uleb128 0x4109
 691 0097 01       		.byte	0x1
 692 0098 11       		.uleb128 0x11
 693 0099 01       		.uleb128 0x1
 694 009a 31       		.uleb128 0x31
 695 009b 13       		.uleb128 0x13
 696 009c 00       		.byte	0
 697 009d 00       		.byte	0
 698 009e 0B       		.uleb128 0xb
 699 009f 34       		.uleb128 0x34
 700 00a0 00       		.byte	0
 701 00a1 03       		.uleb128 0x3
 702 00a2 0E       		.uleb128 0xe
 703 00a3 3A       		.uleb128 0x3a
 704 00a4 0B       		.uleb128 0xb
 705 00a5 3B       		.uleb128 0x3b
 706 00a6 05       		.uleb128 0x5
 707 00a7 49       		.uleb128 0x49
 708 00a8 13       		.uleb128 0x13
 709 00a9 3F       		.uleb128 0x3f
 710 00aa 19       		.uleb128 0x19
 711 00ab 3C       		.uleb128 0x3c
 712 00ac 19       		.uleb128 0x19
 713 00ad 00       		.byte	0
ARM GAS  C:\Users\siman\AppData\Local\Temp\cczgXphs.s 			page 15


 714 00ae 00       		.byte	0
 715 00af 0C       		.uleb128 0xc
 716 00b0 35       		.uleb128 0x35
 717 00b1 00       		.byte	0
 718 00b2 49       		.uleb128 0x49
 719 00b3 13       		.uleb128 0x13
 720 00b4 00       		.byte	0
 721 00b5 00       		.byte	0
 722 00b6 0D       		.uleb128 0xd
 723 00b7 34       		.uleb128 0x34
 724 00b8 00       		.byte	0
 725 00b9 03       		.uleb128 0x3
 726 00ba 0E       		.uleb128 0xe
 727 00bb 3A       		.uleb128 0x3a
 728 00bc 0B       		.uleb128 0xb
 729 00bd 3B       		.uleb128 0x3b
 730 00be 0B       		.uleb128 0xb
 731 00bf 49       		.uleb128 0x49
 732 00c0 13       		.uleb128 0x13
 733 00c1 3F       		.uleb128 0x3f
 734 00c2 19       		.uleb128 0x19
 735 00c3 02       		.uleb128 0x2
 736 00c4 18       		.uleb128 0x18
 737 00c5 00       		.byte	0
 738 00c6 00       		.byte	0
 739 00c7 0E       		.uleb128 0xe
 740 00c8 2E       		.uleb128 0x2e
 741 00c9 00       		.byte	0
 742 00ca 3F       		.uleb128 0x3f
 743 00cb 19       		.uleb128 0x19
 744 00cc 3C       		.uleb128 0x3c
 745 00cd 19       		.uleb128 0x19
 746 00ce 6E       		.uleb128 0x6e
 747 00cf 0E       		.uleb128 0xe
 748 00d0 03       		.uleb128 0x3
 749 00d1 0E       		.uleb128 0xe
 750 00d2 3A       		.uleb128 0x3a
 751 00d3 0B       		.uleb128 0xb
 752 00d4 3B       		.uleb128 0x3b
 753 00d5 0B       		.uleb128 0xb
 754 00d6 00       		.byte	0
 755 00d7 00       		.byte	0
 756 00d8 00       		.byte	0
 757              		.section	.debug_aranges,"",%progbits
 758 0000 24000000 		.4byte	0x24
 759 0004 0200     		.2byte	0x2
 760 0006 00000000 		.4byte	.Ldebug_info0
 761 000a 04       		.byte	0x4
 762 000b 00       		.byte	0
 763 000c 0000     		.2byte	0
 764 000e 0000     		.2byte	0
 765 0010 00000000 		.4byte	.LFB63
 766 0014 14000000 		.4byte	.LFE63-.LFB63
 767 0018 00000000 		.4byte	.LFB64
 768 001c B0000000 		.4byte	.LFE64-.LFB64
 769 0020 00000000 		.4byte	0
 770 0024 00000000 		.4byte	0
ARM GAS  C:\Users\siman\AppData\Local\Temp\cczgXphs.s 			page 16


 771              		.section	.debug_ranges,"",%progbits
 772              	.Ldebug_ranges0:
 773 0000 00000000 		.4byte	.LFB63
 774 0004 14000000 		.4byte	.LFE63
 775 0008 00000000 		.4byte	.LFB64
 776 000c B0000000 		.4byte	.LFE64
 777 0010 00000000 		.4byte	0
 778 0014 00000000 		.4byte	0
 779              		.section	.debug_line,"",%progbits
 780              	.Ldebug_line0:
 781 0000 F9010000 		.section	.debug_str,"MS",%progbits,1
 781      0200BC01 
 781      00000201 
 781      FB0E0D00 
 781      01010101 
 782              	.LASF36:
 783 0000 50574D5F 		.ascii	"PWM_1_Enable\000"
 783      315F456E 
 783      61626C65 
 783      00
 784              	.LASF27:
 785 000d 55415254 		.ascii	"UART_1_Start\000"
 785      5F315F53 
 785      74617274 
 785      00
 786              	.LASF30:
 787 001a 54696D65 		.ascii	"Timer_1_Start\000"
 787      725F315F 
 787      53746172 
 787      7400
 788              	.LASF9:
 789 0028 5F5F696E 		.ascii	"__int32_t\000"
 789      7433325F 
 789      7400
 790              	.LASF3:
 791 0032 73686F72 		.ascii	"short unsigned int\000"
 791      7420756E 
 791      7369676E 
 791      65642069 
 791      6E7400
 792              	.LASF33:
 793 0045 4C656674 		.ascii	"Left_Button_Read\000"
 793      5F427574 
 793      746F6E5F 
 793      52656164 
 793      00
 794              	.LASF12:
 795 0056 646F7562 		.ascii	"double\000"
 795      6C6500
 796              	.LASF39:
 797 005d 50574D5F 		.ascii	"PWM_2_Stop\000"
 797      325F5374 
 797      6F7000
 798              	.LASF10:
 799 0068 696E7433 		.ascii	"int32_t\000"
 799      325F7400 
 800              	.LASF21:
ARM GAS  C:\Users\siman\AppData\Local\Temp\cczgXphs.s 			page 17


 801 0070 6C656674 		.ascii	"left_led_pwm\000"
 801      5F6C6564 
 801      5F70776D 
 801      00
 802              	.LASF11:
 803 007d 666C6F61 		.ascii	"float\000"
 803      7400
 804              	.LASF1:
 805 0083 756E7369 		.ascii	"unsigned char\000"
 805      676E6564 
 805      20636861 
 805      7200
 806              	.LASF40:
 807 0091 474E5520 		.ascii	"GNU C11 5.4.1 20160609 (release) [ARM/embedded-5-br"
 807      43313120 
 807      352E342E 
 807      31203230 
 807      31363036 
 808 00c4 616E6368 		.ascii	"anch revision 237715] -mcpu=cortex-m3 -mthumb -g -O"
 808      20726576 
 808      6973696F 
 808      6E203233 
 808      37373135 
 809 00f7 67202D66 		.ascii	"g -ffunction-sections -ffat-lto-objects\000"
 809      66756E63 
 809      74696F6E 
 809      2D736563 
 809      74696F6E 
 810              	.LASF16:
 811 011f 75696E74 		.ascii	"uint8_T\000"
 811      385F5400 
 812              	.LASF28:
 813 0127 50574D5F 		.ascii	"PWM_1_Start\000"
 813      315F5374 
 813      61727400 
 814              	.LASF18:
 815 0133 49544D5F 		.ascii	"ITM_RxBuffer\000"
 815      52784275 
 815      66666572 
 815      00
 816              	.LASF23:
 817 0140 75617274 		.ascii	"uart_status\000"
 817      5F737461 
 817      74757300 
 818              	.LASF5:
 819 014c 6C6F6E67 		.ascii	"long unsigned int\000"
 819      20756E73 
 819      69676E65 
 819      6420696E 
 819      7400
 820              	.LASF29:
 821 015e 50574D5F 		.ascii	"PWM_2_Start\000"
 821      325F5374 
 821      61727400 
 822              	.LASF24:
 823 016a 7469636B 		.ascii	"tick_100ms_flag\000"
 823      5F313030 
ARM GAS  C:\Users\siman\AppData\Local\Temp\cczgXphs.s 			page 18


 823      6D735F66 
 823      6C616700 
 824              	.LASF44:
 825 017a 6D61696E 		.ascii	"main\000"
 825      00
 826              	.LASF20:
 827 017f 72696768 		.ascii	"right_btn\000"
 827      745F6274 
 827      6E00
 828              	.LASF8:
 829 0189 756E7369 		.ascii	"unsigned int\000"
 829      676E6564 
 829      20696E74 
 829      00
 830              	.LASF34:
 831 0196 52696768 		.ascii	"Right_Button_Read\000"
 831      745F4275 
 831      74746F6E 
 831      5F526561 
 831      6400
 832              	.LASF7:
 833 01a8 6C6F6E67 		.ascii	"long long unsigned int\000"
 833      206C6F6E 
 833      6720756E 
 833      7369676E 
 833      65642069 
 834              	.LASF22:
 835 01bf 72696768 		.ascii	"right_led_pwm\000"
 835      745F6C65 
 835      645F7077 
 835      6D00
 836              	.LASF14:
 837 01cd 6C6F6E67 		.ascii	"long double\000"
 837      20646F75 
 837      626C6500 
 838              	.LASF35:
 839 01d9 696E6469 		.ascii	"indicator_control_model_step\000"
 839      6361746F 
 839      725F636F 
 839      6E74726F 
 839      6C5F6D6F 
 840              	.LASF15:
 841 01f6 73697A65 		.ascii	"sizetype\000"
 841      74797065 
 841      00
 842              	.LASF6:
 843 01ff 6C6F6E67 		.ascii	"long long int\000"
 843      206C6F6E 
 843      6720696E 
 843      7400
 844              	.LASF41:
 845 020d 6D61696E 		.ascii	"main.c\000"
 845      2E6300
 846              	.LASF13:
 847 0214 63686172 		.ascii	"char\000"
 847      00
 848              	.LASF32:
ARM GAS  C:\Users\siman\AppData\Local\Temp\cczgXphs.s 			page 19


 849 0219 696E6469 		.ascii	"indicator_control_model_initialize\000"
 849      6361746F 
 849      725F636F 
 849      6E74726F 
 849      6C5F6D6F 
 850              	.LASF17:
 851 023c 626F6F6C 		.ascii	"boolean_T\000"
 851      65616E5F 
 851      5400
 852              	.LASF2:
 853 0246 73686F72 		.ascii	"short int\000"
 853      7420696E 
 853      7400
 854              	.LASF38:
 855 0250 50574D5F 		.ascii	"PWM_2_Enable\000"
 855      325F456E 
 855      61626C65 
 855      00
 856              	.LASF26:
 857 025d 54696D65 		.ascii	"Timer_1_ReadStatusRegister\000"
 857      725F315F 
 857      52656164 
 857      53746174 
 857      75735265 
 858              	.LASF37:
 859 0278 50574D5F 		.ascii	"PWM_1_Stop\000"
 859      315F5374 
 859      6F7000
 860              	.LASF4:
 861 0283 6C6F6E67 		.ascii	"long int\000"
 861      20696E74 
 861      00
 862              	.LASF42:
 863 028c 433A5C55 		.ascii	"C:\\Users\\siman\\OneDrive\\Documents\\PSoC Creator"
 863      73657273 
 863      5C73696D 
 863      616E5C4F 
 863      6E654472 
 864 02ba 5C417373 		.ascii	"\\Assignment\\MoonRider.cydsn\000"
 864      69676E6D 
 864      656E745C 
 864      4D6F6F6E 
 864      52696465 
 865              	.LASF0:
 866 02d6 7369676E 		.ascii	"signed char\000"
 866      65642063 
 866      68617200 
 867              	.LASF19:
 868 02e2 6C656674 		.ascii	"left_btn\000"
 868      5F62746E 
 868      00
 869              	.LASF31:
 870 02eb 55415254 		.ascii	"UART_1_PutString\000"
 870      5F315F50 
 870      75745374 
 870      72696E67 
 870      00
ARM GAS  C:\Users\siman\AppData\Local\Temp\cczgXphs.s 			page 20


 871              	.LASF25:
 872 02fc 5F426F6F 		.ascii	"_Bool\000"
 872      6C00
 873              	.LASF43:
 874 0302 54696D65 		.ascii	"Timer_1_ISR_Handler\000"
 874      725F315F 
 874      4953525F 
 874      48616E64 
 874      6C657200 
 875              		.ident	"GCC: (GNU Tools for ARM Embedded Processors) 5.4.1 20160609 (release) [ARM/embedded-5-bran
