ARM GAS  C:\Users\siman\AppData\Local\Temp\ccjC3foe.s 			page 1


   1              		.syntax unified
   2              		.cpu cortex-m3
   3              		.fpu softvfp
   4              		.eabi_attribute 20, 1
   5              		.eabi_attribute 21, 1
   6              		.eabi_attribute 23, 3
   7              		.eabi_attribute 24, 1
   8              		.eabi_attribute 25, 1
   9              		.eabi_attribute 26, 1
  10              		.eabi_attribute 30, 1
  11              		.eabi_attribute 34, 1
  12              		.eabi_attribute 18, 4
  13              		.thumb
  14              		.syntax unified
  15              		.file	"timer_driver.c"
  16              		.text
  17              	.Ltext0:
  18              		.cfi_sections	.debug_frame
  19              		.section	.text.Timer_Init,"ax",%progbits
  20              		.align	2
  21              		.global	Timer_Init
  22              		.thumb
  23              		.thumb_func
  24              		.type	Timer_Init, %function
  25              	Timer_Init:
  26              	.LFB63:
  27              		.file 1 "timer_driver.c"
   1:timer_driver.c **** /* ========================================
   2:timer_driver.c ****  *
   3:timer_driver.c ****  * Copyright YOUR COMPANY, THE YEAR
   4:timer_driver.c ****  * All Rights Reserved
   5:timer_driver.c ****  * UNPUBLISHED, LICENSED SOFTWARE.
   6:timer_driver.c ****  *
   7:timer_driver.c ****  * CONFIDENTIAL AND PROPRIETARY INFORMATION
   8:timer_driver.c ****  * WHICH IS THE PROPERTY OF your company.
   9:timer_driver.c ****  *
  10:timer_driver.c ****  * ========================================
  11:timer_driver.c **** */
  12:timer_driver.c **** #include "timer_driver.h"
  13:timer_driver.c **** 
  14:timer_driver.c **** static uint32_t ticks = 0;
  15:timer_driver.c **** 
  16:timer_driver.c **** void Timer_Init(void) {
  28              		.loc 1 16 0
  29              		.cfi_startproc
  30              		@ args = 0, pretend = 0, frame = 0
  31              		@ frame_needed = 0, uses_anonymous_args = 0
  32              		@ link register save eliminated.
  17:timer_driver.c ****     ticks = 0;
  33              		.loc 1 17 0
  34 0000 0022     		movs	r2, #0
  35 0002 014B     		ldr	r3, .L2
  36 0004 1A60     		str	r2, [r3]
  37 0006 7047     		bx	lr
  38              	.L3:
  39              		.align	2
  40              	.L2:
ARM GAS  C:\Users\siman\AppData\Local\Temp\ccjC3foe.s 			page 2


  41 0008 00000000 		.word	.LANCHOR0
  42              		.cfi_endproc
  43              	.LFE63:
  44              		.size	Timer_Init, .-Timer_Init
  45              		.section	.text.Timer_GetTicks,"ax",%progbits
  46              		.align	2
  47              		.global	Timer_GetTicks
  48              		.thumb
  49              		.thumb_func
  50              		.type	Timer_GetTicks, %function
  51              	Timer_GetTicks:
  52              	.LFB64:
  18:timer_driver.c **** }
  19:timer_driver.c **** 
  20:timer_driver.c **** uint32_t Timer_GetTicks(void) {
  53              		.loc 1 20 0
  54              		.cfi_startproc
  55              		@ args = 0, pretend = 0, frame = 0
  56              		@ frame_needed = 0, uses_anonymous_args = 0
  57              		@ link register save eliminated.
  21:timer_driver.c ****     return ticks++;
  58              		.loc 1 21 0
  59 0000 024B     		ldr	r3, .L5
  60 0002 1868     		ldr	r0, [r3]
  61 0004 421C     		adds	r2, r0, #1
  62 0006 1A60     		str	r2, [r3]
  22:timer_driver.c **** }
  63              		.loc 1 22 0
  64 0008 7047     		bx	lr
  65              	.L6:
  66 000a 00BF     		.align	2
  67              	.L5:
  68 000c 00000000 		.word	.LANCHOR0
  69              		.cfi_endproc
  70              	.LFE64:
  71              		.size	Timer_GetTicks, .-Timer_GetTicks
  72              		.bss
  73              		.align	2
  74              		.set	.LANCHOR0,. + 0
  75              		.type	ticks, %object
  76              		.size	ticks, 4
  77              	ticks:
  78 0000 00000000 		.space	4
  79              		.text
  80              	.Letext0:
  81              		.file 2 "c:\\program files (x86)\\cypress\\psoc creator\\4.4\\psoc creator\\import\\gnu\\arm\\5.4.
  82              		.file 3 "c:\\program files (x86)\\cypress\\psoc creator\\4.4\\psoc creator\\import\\gnu\\arm\\5.4.
  83              		.file 4 "Generated_Source\\PSoC5/core_cm3.h"
  84              		.section	.debug_info,"",%progbits
  85              	.Ldebug_info0:
  86 0000 FF000000 		.4byte	0xff
  87 0004 0400     		.2byte	0x4
  88 0006 00000000 		.4byte	.Ldebug_abbrev0
  89 000a 04       		.byte	0x4
  90 000b 01       		.uleb128 0x1
  91 000c 40000000 		.4byte	.LASF18
  92 0010 0C       		.byte	0xc
ARM GAS  C:\Users\siman\AppData\Local\Temp\ccjC3foe.s 			page 3


  93 0011 0A010000 		.4byte	.LASF19
  94 0015 3E010000 		.4byte	.LASF20
  95 0019 00000000 		.4byte	.Ldebug_ranges0+0
  96 001d 00000000 		.4byte	0
  97 0021 00000000 		.4byte	.Ldebug_line0
  98 0025 02       		.uleb128 0x2
  99 0026 01       		.byte	0x1
 100 0027 06       		.byte	0x6
 101 0028 A2010000 		.4byte	.LASF0
 102 002c 02       		.uleb128 0x2
 103 002d 01       		.byte	0x1
 104 002e 08       		.byte	0x8
 105 002f 19010000 		.4byte	.LASF1
 106 0033 02       		.uleb128 0x2
 107 0034 02       		.byte	0x2
 108 0035 05       		.byte	0x5
 109 0036 CA010000 		.4byte	.LASF2
 110 003a 02       		.uleb128 0x2
 111 003b 02       		.byte	0x2
 112 003c 07       		.byte	0x7
 113 003d F7000000 		.4byte	.LASF3
 114 0041 03       		.uleb128 0x3
 115 0042 BA010000 		.4byte	.LASF5
 116 0046 02       		.byte	0x2
 117 0047 3F       		.byte	0x3f
 118 0048 4C000000 		.4byte	0x4c
 119 004c 02       		.uleb128 0x2
 120 004d 04       		.byte	0x4
 121 004e 05       		.byte	0x5
 122 004f 35010000 		.4byte	.LASF4
 123 0053 03       		.uleb128 0x3
 124 0054 35000000 		.4byte	.LASF6
 125 0058 02       		.byte	0x2
 126 0059 41       		.byte	0x41
 127 005a 5E000000 		.4byte	0x5e
 128 005e 02       		.uleb128 0x2
 129 005f 04       		.byte	0x4
 130 0060 07       		.byte	0x7
 131 0061 CE000000 		.4byte	.LASF7
 132 0065 02       		.uleb128 0x2
 133 0066 08       		.byte	0x8
 134 0067 05       		.byte	0x5
 135 0068 00000000 		.4byte	.LASF8
 136 006c 02       		.uleb128 0x2
 137 006d 08       		.byte	0x8
 138 006e 07       		.byte	0x7
 139 006f E0000000 		.4byte	.LASF9
 140 0073 04       		.uleb128 0x4
 141 0074 04       		.byte	0x4
 142 0075 05       		.byte	0x5
 143 0076 696E7400 		.ascii	"int\000"
 144 007a 02       		.uleb128 0x2
 145 007b 04       		.byte	0x4
 146 007c 07       		.byte	0x7
 147 007d 19000000 		.4byte	.LASF10
 148 0081 03       		.uleb128 0x3
 149 0082 D4010000 		.4byte	.LASF11
ARM GAS  C:\Users\siman\AppData\Local\Temp\ccjC3foe.s 			page 4


 150 0086 03       		.byte	0x3
 151 0087 2C       		.byte	0x2c
 152 0088 41000000 		.4byte	0x41
 153 008c 03       		.uleb128 0x3
 154 008d 2C010000 		.4byte	.LASF12
 155 0091 03       		.byte	0x3
 156 0092 30       		.byte	0x30
 157 0093 53000000 		.4byte	0x53
 158 0097 02       		.uleb128 0x2
 159 0098 04       		.byte	0x4
 160 0099 04       		.byte	0x4
 161 009a C4010000 		.4byte	.LASF13
 162 009e 02       		.uleb128 0x2
 163 009f 08       		.byte	0x8
 164 00a0 04       		.byte	0x4
 165 00a1 8E010000 		.4byte	.LASF14
 166 00a5 02       		.uleb128 0x2
 167 00a6 01       		.byte	0x1
 168 00a7 08       		.byte	0x8
 169 00a8 27010000 		.4byte	.LASF15
 170 00ac 02       		.uleb128 0x2
 171 00ad 08       		.byte	0x8
 172 00ae 04       		.byte	0x4
 173 00af AE010000 		.4byte	.LASF16
 174 00b3 02       		.uleb128 0x2
 175 00b4 04       		.byte	0x4
 176 00b5 07       		.byte	0x7
 177 00b6 DC010000 		.4byte	.LASF17
 178 00ba 05       		.uleb128 0x5
 179 00bb 0E000000 		.4byte	.LASF21
 180 00bf 01       		.byte	0x1
 181 00c0 10       		.byte	0x10
 182 00c1 00000000 		.4byte	.LFB63
 183 00c5 0C000000 		.4byte	.LFE63-.LFB63
 184 00c9 01       		.uleb128 0x1
 185 00ca 9C       		.byte	0x9c
 186 00cb 06       		.uleb128 0x6
 187 00cc 26000000 		.4byte	.LASF22
 188 00d0 01       		.byte	0x1
 189 00d1 14       		.byte	0x14
 190 00d2 8C000000 		.4byte	0x8c
 191 00d6 00000000 		.4byte	.LFB64
 192 00da 10000000 		.4byte	.LFE64-.LFB64
 193 00de 01       		.uleb128 0x1
 194 00df 9C       		.byte	0x9c
 195 00e0 07       		.uleb128 0x7
 196 00e1 88010000 		.4byte	.LASF23
 197 00e5 01       		.byte	0x1
 198 00e6 0E       		.byte	0xe
 199 00e7 8C000000 		.4byte	0x8c
 200 00eb 05       		.uleb128 0x5
 201 00ec 03       		.byte	0x3
 202 00ed 00000000 		.4byte	ticks
 203 00f1 08       		.uleb128 0x8
 204 00f2 95010000 		.4byte	.LASF24
 205 00f6 04       		.byte	0x4
 206 00f7 1207     		.2byte	0x712
ARM GAS  C:\Users\siman\AppData\Local\Temp\ccjC3foe.s 			page 5


 207 00f9 FD000000 		.4byte	0xfd
 208 00fd 09       		.uleb128 0x9
 209 00fe 81000000 		.4byte	0x81
 210 0102 00       		.byte	0
 211              		.section	.debug_abbrev,"",%progbits
 212              	.Ldebug_abbrev0:
 213 0000 01       		.uleb128 0x1
 214 0001 11       		.uleb128 0x11
 215 0002 01       		.byte	0x1
 216 0003 25       		.uleb128 0x25
 217 0004 0E       		.uleb128 0xe
 218 0005 13       		.uleb128 0x13
 219 0006 0B       		.uleb128 0xb
 220 0007 03       		.uleb128 0x3
 221 0008 0E       		.uleb128 0xe
 222 0009 1B       		.uleb128 0x1b
 223 000a 0E       		.uleb128 0xe
 224 000b 55       		.uleb128 0x55
 225 000c 17       		.uleb128 0x17
 226 000d 11       		.uleb128 0x11
 227 000e 01       		.uleb128 0x1
 228 000f 10       		.uleb128 0x10
 229 0010 17       		.uleb128 0x17
 230 0011 00       		.byte	0
 231 0012 00       		.byte	0
 232 0013 02       		.uleb128 0x2
 233 0014 24       		.uleb128 0x24
 234 0015 00       		.byte	0
 235 0016 0B       		.uleb128 0xb
 236 0017 0B       		.uleb128 0xb
 237 0018 3E       		.uleb128 0x3e
 238 0019 0B       		.uleb128 0xb
 239 001a 03       		.uleb128 0x3
 240 001b 0E       		.uleb128 0xe
 241 001c 00       		.byte	0
 242 001d 00       		.byte	0
 243 001e 03       		.uleb128 0x3
 244 001f 16       		.uleb128 0x16
 245 0020 00       		.byte	0
 246 0021 03       		.uleb128 0x3
 247 0022 0E       		.uleb128 0xe
 248 0023 3A       		.uleb128 0x3a
 249 0024 0B       		.uleb128 0xb
 250 0025 3B       		.uleb128 0x3b
 251 0026 0B       		.uleb128 0xb
 252 0027 49       		.uleb128 0x49
 253 0028 13       		.uleb128 0x13
 254 0029 00       		.byte	0
 255 002a 00       		.byte	0
 256 002b 04       		.uleb128 0x4
 257 002c 24       		.uleb128 0x24
 258 002d 00       		.byte	0
 259 002e 0B       		.uleb128 0xb
 260 002f 0B       		.uleb128 0xb
 261 0030 3E       		.uleb128 0x3e
 262 0031 0B       		.uleb128 0xb
 263 0032 03       		.uleb128 0x3
ARM GAS  C:\Users\siman\AppData\Local\Temp\ccjC3foe.s 			page 6


 264 0033 08       		.uleb128 0x8
 265 0034 00       		.byte	0
 266 0035 00       		.byte	0
 267 0036 05       		.uleb128 0x5
 268 0037 2E       		.uleb128 0x2e
 269 0038 00       		.byte	0
 270 0039 3F       		.uleb128 0x3f
 271 003a 19       		.uleb128 0x19
 272 003b 03       		.uleb128 0x3
 273 003c 0E       		.uleb128 0xe
 274 003d 3A       		.uleb128 0x3a
 275 003e 0B       		.uleb128 0xb
 276 003f 3B       		.uleb128 0x3b
 277 0040 0B       		.uleb128 0xb
 278 0041 27       		.uleb128 0x27
 279 0042 19       		.uleb128 0x19
 280 0043 11       		.uleb128 0x11
 281 0044 01       		.uleb128 0x1
 282 0045 12       		.uleb128 0x12
 283 0046 06       		.uleb128 0x6
 284 0047 40       		.uleb128 0x40
 285 0048 18       		.uleb128 0x18
 286 0049 9742     		.uleb128 0x2117
 287 004b 19       		.uleb128 0x19
 288 004c 00       		.byte	0
 289 004d 00       		.byte	0
 290 004e 06       		.uleb128 0x6
 291 004f 2E       		.uleb128 0x2e
 292 0050 00       		.byte	0
 293 0051 3F       		.uleb128 0x3f
 294 0052 19       		.uleb128 0x19
 295 0053 03       		.uleb128 0x3
 296 0054 0E       		.uleb128 0xe
 297 0055 3A       		.uleb128 0x3a
 298 0056 0B       		.uleb128 0xb
 299 0057 3B       		.uleb128 0x3b
 300 0058 0B       		.uleb128 0xb
 301 0059 27       		.uleb128 0x27
 302 005a 19       		.uleb128 0x19
 303 005b 49       		.uleb128 0x49
 304 005c 13       		.uleb128 0x13
 305 005d 11       		.uleb128 0x11
 306 005e 01       		.uleb128 0x1
 307 005f 12       		.uleb128 0x12
 308 0060 06       		.uleb128 0x6
 309 0061 40       		.uleb128 0x40
 310 0062 18       		.uleb128 0x18
 311 0063 9742     		.uleb128 0x2117
 312 0065 19       		.uleb128 0x19
 313 0066 00       		.byte	0
 314 0067 00       		.byte	0
 315 0068 07       		.uleb128 0x7
 316 0069 34       		.uleb128 0x34
 317 006a 00       		.byte	0
 318 006b 03       		.uleb128 0x3
 319 006c 0E       		.uleb128 0xe
 320 006d 3A       		.uleb128 0x3a
ARM GAS  C:\Users\siman\AppData\Local\Temp\ccjC3foe.s 			page 7


 321 006e 0B       		.uleb128 0xb
 322 006f 3B       		.uleb128 0x3b
 323 0070 0B       		.uleb128 0xb
 324 0071 49       		.uleb128 0x49
 325 0072 13       		.uleb128 0x13
 326 0073 02       		.uleb128 0x2
 327 0074 18       		.uleb128 0x18
 328 0075 00       		.byte	0
 329 0076 00       		.byte	0
 330 0077 08       		.uleb128 0x8
 331 0078 34       		.uleb128 0x34
 332 0079 00       		.byte	0
 333 007a 03       		.uleb128 0x3
 334 007b 0E       		.uleb128 0xe
 335 007c 3A       		.uleb128 0x3a
 336 007d 0B       		.uleb128 0xb
 337 007e 3B       		.uleb128 0x3b
 338 007f 05       		.uleb128 0x5
 339 0080 49       		.uleb128 0x49
 340 0081 13       		.uleb128 0x13
 341 0082 3F       		.uleb128 0x3f
 342 0083 19       		.uleb128 0x19
 343 0084 3C       		.uleb128 0x3c
 344 0085 19       		.uleb128 0x19
 345 0086 00       		.byte	0
 346 0087 00       		.byte	0
 347 0088 09       		.uleb128 0x9
 348 0089 35       		.uleb128 0x35
 349 008a 00       		.byte	0
 350 008b 49       		.uleb128 0x49
 351 008c 13       		.uleb128 0x13
 352 008d 00       		.byte	0
 353 008e 00       		.byte	0
 354 008f 00       		.byte	0
 355              		.section	.debug_aranges,"",%progbits
 356 0000 24000000 		.4byte	0x24
 357 0004 0200     		.2byte	0x2
 358 0006 00000000 		.4byte	.Ldebug_info0
 359 000a 04       		.byte	0x4
 360 000b 00       		.byte	0
 361 000c 0000     		.2byte	0
 362 000e 0000     		.2byte	0
 363 0010 00000000 		.4byte	.LFB63
 364 0014 0C000000 		.4byte	.LFE63-.LFB63
 365 0018 00000000 		.4byte	.LFB64
 366 001c 10000000 		.4byte	.LFE64-.LFB64
 367 0020 00000000 		.4byte	0
 368 0024 00000000 		.4byte	0
 369              		.section	.debug_ranges,"",%progbits
 370              	.Ldebug_ranges0:
 371 0000 00000000 		.4byte	.LFB63
 372 0004 0C000000 		.4byte	.LFE63
 373 0008 00000000 		.4byte	.LFB64
 374 000c 10000000 		.4byte	.LFE64
 375 0010 00000000 		.4byte	0
 376 0014 00000000 		.4byte	0
 377              		.section	.debug_line,"",%progbits
ARM GAS  C:\Users\siman\AppData\Local\Temp\ccjC3foe.s 			page 8


 378              	.Ldebug_line0:
 379 0000 6E010000 		.section	.debug_str,"MS",%progbits,1
 379      02004701 
 379      00000201 
 379      FB0E0D00 
 379      01010101 
 380              	.LASF8:
 381 0000 6C6F6E67 		.ascii	"long long int\000"
 381      206C6F6E 
 381      6720696E 
 381      7400
 382              	.LASF21:
 383 000e 54696D65 		.ascii	"Timer_Init\000"
 383      725F496E 
 383      697400
 384              	.LASF10:
 385 0019 756E7369 		.ascii	"unsigned int\000"
 385      676E6564 
 385      20696E74 
 385      00
 386              	.LASF22:
 387 0026 54696D65 		.ascii	"Timer_GetTicks\000"
 387      725F4765 
 387      74546963 
 387      6B7300
 388              	.LASF6:
 389 0035 5F5F7569 		.ascii	"__uint32_t\000"
 389      6E743332 
 389      5F7400
 390              	.LASF18:
 391 0040 474E5520 		.ascii	"GNU C11 5.4.1 20160609 (release) [ARM/embedded-5-br"
 391      43313120 
 391      352E342E 
 391      31203230 
 391      31363036 
 392 0073 616E6368 		.ascii	"anch revision 237715] -mcpu=cortex-m3 -mthumb -g -O"
 392      20726576 
 392      6973696F 
 392      6E203233 
 392      37373135 
 393 00a6 67202D66 		.ascii	"g -ffunction-sections -ffat-lto-objects\000"
 393      66756E63 
 393      74696F6E 
 393      2D736563 
 393      74696F6E 
 394              	.LASF7:
 395 00ce 6C6F6E67 		.ascii	"long unsigned int\000"
 395      20756E73 
 395      69676E65 
 395      6420696E 
 395      7400
 396              	.LASF9:
 397 00e0 6C6F6E67 		.ascii	"long long unsigned int\000"
 397      206C6F6E 
 397      6720756E 
 397      7369676E 
 397      65642069 
ARM GAS  C:\Users\siman\AppData\Local\Temp\ccjC3foe.s 			page 9


 398              	.LASF3:
 399 00f7 73686F72 		.ascii	"short unsigned int\000"
 399      7420756E 
 399      7369676E 
 399      65642069 
 399      6E7400
 400              	.LASF19:
 401 010a 74696D65 		.ascii	"timer_driver.c\000"
 401      725F6472 
 401      69766572 
 401      2E6300
 402              	.LASF1:
 403 0119 756E7369 		.ascii	"unsigned char\000"
 403      676E6564 
 403      20636861 
 403      7200
 404              	.LASF15:
 405 0127 63686172 		.ascii	"char\000"
 405      00
 406              	.LASF12:
 407 012c 75696E74 		.ascii	"uint32_t\000"
 407      33325F74 
 407      00
 408              	.LASF4:
 409 0135 6C6F6E67 		.ascii	"long int\000"
 409      20696E74 
 409      00
 410              	.LASF20:
 411 013e 433A5C55 		.ascii	"C:\\Users\\siman\\OneDrive\\Documents\\PSoC Creator"
 411      73657273 
 411      5C73696D 
 411      616E5C4F 
 411      6E654472 
 412 016c 5C417373 		.ascii	"\\Assignment\\MoonRider.cydsn\000"
 412      69676E6D 
 412      656E745C 
 412      4D6F6F6E 
 412      52696465 
 413              	.LASF23:
 414 0188 7469636B 		.ascii	"ticks\000"
 414      7300
 415              	.LASF14:
 416 018e 646F7562 		.ascii	"double\000"
 416      6C6500
 417              	.LASF24:
 418 0195 49544D5F 		.ascii	"ITM_RxBuffer\000"
 418      52784275 
 418      66666572 
 418      00
 419              	.LASF0:
 420 01a2 7369676E 		.ascii	"signed char\000"
 420      65642063 
 420      68617200 
 421              	.LASF16:
 422 01ae 6C6F6E67 		.ascii	"long double\000"
 422      20646F75 
 422      626C6500 
ARM GAS  C:\Users\siman\AppData\Local\Temp\ccjC3foe.s 			page 10


 423              	.LASF5:
 424 01ba 5F5F696E 		.ascii	"__int32_t\000"
 424      7433325F 
 424      7400
 425              	.LASF13:
 426 01c4 666C6F61 		.ascii	"float\000"
 426      7400
 427              	.LASF2:
 428 01ca 73686F72 		.ascii	"short int\000"
 428      7420696E 
 428      7400
 429              	.LASF11:
 430 01d4 696E7433 		.ascii	"int32_t\000"
 430      325F7400 
 431              	.LASF17:
 432 01dc 73697A65 		.ascii	"sizetype\000"
 432      74797065 
 432      00
 433              		.ident	"GCC: (GNU Tools for ARM Embedded Processors) 5.4.1 20160609 (release) [ARM/embedded-5-bran
