ARM GAS  C:\Users\siman\AppData\Local\Temp\ccfyQ78N.s 			page 1


   1              		.syntax unified
   2              		.cpu cortex-m3
   3              		.fpu softvfp
   4              		.eabi_attribute 20, 1
   5              		.eabi_attribute 21, 1
   6              		.eabi_attribute 23, 3
   7              		.eabi_attribute 24, 1
   8              		.eabi_attribute 25, 1
   9              		.eabi_attribute 26, 1
  10              		.eabi_attribute 30, 1
  11              		.eabi_attribute 34, 1
  12              		.eabi_attribute 18, 4
  13              		.thumb
  14              		.syntax unified
  15              		.file	"uart_driver.c"
  16              		.text
  17              	.Ltext0:
  18              		.cfi_sections	.debug_frame
  19              		.section	.text.UART_Init,"ax",%progbits
  20              		.align	2
  21              		.global	UART_Init
  22              		.thumb
  23              		.thumb_func
  24              		.type	UART_Init, %function
  25              	UART_Init:
  26              	.LFB64:
  27              		.file 1 "uart_driver.c"
   1:uart_driver.c **** /* ========================================
   2:uart_driver.c ****  *
   3:uart_driver.c ****  * Copyright YOUR COMPANY, THE YEAR
   4:uart_driver.c ****  * All Rights Reserved
   5:uart_driver.c ****  * UNPUBLISHED, LICENSED SOFTWARE.
   6:uart_driver.c ****  *
   7:uart_driver.c ****  * CONFIDENTIAL AND PROPRIETARY INFORMATION
   8:uart_driver.c ****  * WHICH IS THE PROPERTY OF your company.
   9:uart_driver.c ****  *
  10:uart_driver.c ****  * ========================================
  11:uart_driver.c **** */
  12:uart_driver.c **** #include "uart_driver.h"
  13:uart_driver.c **** #include <stdio.h>
  14:uart_driver.c **** 
  15:uart_driver.c **** static FILE *log_file = NULL;
  16:uart_driver.c **** 
  17:uart_driver.c **** void UART_Init(void) {
  28              		.loc 1 17 0
  29              		.cfi_startproc
  30              		@ args = 0, pretend = 0, frame = 0
  31              		@ frame_needed = 0, uses_anonymous_args = 0
  32 0000 08B5     		push	{r3, lr}
  33              		.cfi_def_cfa_offset 8
  34              		.cfi_offset 3, -8
  35              		.cfi_offset 14, -4
  18:uart_driver.c ****     log_file = fopen("uart_log.txt", "w");
  36              		.loc 1 18 0
  37 0002 0549     		ldr	r1, .L4
  38 0004 0548     		ldr	r0, .L4+4
  39 0006 FFF7FEFF 		bl	fopen
ARM GAS  C:\Users\siman\AppData\Local\Temp\ccfyQ78N.s 			page 2


  40              	.LVL0:
  41 000a 054B     		ldr	r3, .L4+8
  42 000c 1860     		str	r0, [r3]
  19:uart_driver.c ****     if (log_file == NULL) {
  43              		.loc 1 19 0
  44 000e 10B9     		cbnz	r0, .L1
  20:uart_driver.c ****         printf("Error: Could not open uart_log.txt for writing\n");
  45              		.loc 1 20 0
  46 0010 0448     		ldr	r0, .L4+12
  47 0012 FFF7FEFF 		bl	puts
  48              	.LVL1:
  49              	.L1:
  50 0016 08BD     		pop	{r3, pc}
  51              	.L5:
  52              		.align	2
  53              	.L4:
  54 0018 00000000 		.word	.LC0
  55 001c 04000000 		.word	.LC1
  56 0020 00000000 		.word	.LANCHOR0
  57 0024 14000000 		.word	.LC2
  58              		.cfi_endproc
  59              	.LFE64:
  60              		.size	UART_Init, .-UART_Init
  61              		.section	.text.UART_Log,"ax",%progbits
  62              		.align	2
  63              		.global	UART_Log
  64              		.thumb
  65              		.thumb_func
  66              		.type	UART_Log, %function
  67              	UART_Log:
  68              	.LFB65:
  21:uart_driver.c ****     }
  22:uart_driver.c **** }
  23:uart_driver.c **** 
  24:uart_driver.c **** void UART_Log(const char *message) {
  69              		.loc 1 24 0
  70              		.cfi_startproc
  71              		@ args = 0, pretend = 0, frame = 0
  72              		@ frame_needed = 0, uses_anonymous_args = 0
  73              	.LVL2:
  74 0000 10B5     		push	{r4, lr}
  75              		.cfi_def_cfa_offset 8
  76              		.cfi_offset 4, -8
  77              		.cfi_offset 14, -4
  78 0002 0446     		mov	r4, r0
  25:uart_driver.c ****     if (log_file != NULL) {
  79              		.loc 1 25 0
  80 0004 074B     		ldr	r3, .L9
  81 0006 1868     		ldr	r0, [r3]
  82              	.LVL3:
  83 0008 38B1     		cbz	r0, .L7
  26:uart_driver.c ****         fprintf(log_file, "%s\n", message);
  84              		.loc 1 26 0
  85 000a 2246     		mov	r2, r4
  86 000c 0649     		ldr	r1, .L9+4
  87 000e FFF7FEFF 		bl	fprintf
  88              	.LVL4:
ARM GAS  C:\Users\siman\AppData\Local\Temp\ccfyQ78N.s 			page 3


  27:uart_driver.c ****         fflush(log_file);
  89              		.loc 1 27 0
  90 0012 044B     		ldr	r3, .L9
  91 0014 1868     		ldr	r0, [r3]
  92 0016 FFF7FEFF 		bl	fflush
  93              	.LVL5:
  94              	.L7:
  28:uart_driver.c ****     }
  29:uart_driver.c ****     printf("%s\n", message);
  95              		.loc 1 29 0
  96 001a 2046     		mov	r0, r4
  97 001c FFF7FEFF 		bl	puts
  98              	.LVL6:
  99 0020 10BD     		pop	{r4, pc}
 100              	.LVL7:
 101              	.L10:
 102 0022 00BF     		.align	2
 103              	.L9:
 104 0024 00000000 		.word	.LANCHOR0
 105 0028 44000000 		.word	.LC3
 106              		.cfi_endproc
 107              	.LFE65:
 108              		.size	UART_Log, .-UART_Log
 109              		.section	.text.UART_Close,"ax",%progbits
 110              		.align	2
 111              		.global	UART_Close
 112              		.thumb
 113              		.thumb_func
 114              		.type	UART_Close, %function
 115              	UART_Close:
 116              	.LFB66:
  30:uart_driver.c **** }
  31:uart_driver.c **** 
  32:uart_driver.c **** void UART_Close(void) {
 117              		.loc 1 32 0
 118              		.cfi_startproc
 119              		@ args = 0, pretend = 0, frame = 0
 120              		@ frame_needed = 0, uses_anonymous_args = 0
 121 0000 08B5     		push	{r3, lr}
 122              		.cfi_def_cfa_offset 8
 123              		.cfi_offset 3, -8
 124              		.cfi_offset 14, -4
  33:uart_driver.c ****     if (log_file != NULL) {
 125              		.loc 1 33 0
 126 0002 044B     		ldr	r3, .L14
 127 0004 1868     		ldr	r0, [r3]
 128 0006 20B1     		cbz	r0, .L11
  34:uart_driver.c ****         fclose(log_file);
 129              		.loc 1 34 0
 130 0008 FFF7FEFF 		bl	fclose
 131              	.LVL8:
  35:uart_driver.c ****         log_file = NULL;
 132              		.loc 1 35 0
 133 000c 0022     		movs	r2, #0
 134 000e 014B     		ldr	r3, .L14
 135 0010 1A60     		str	r2, [r3]
 136              	.L11:
ARM GAS  C:\Users\siman\AppData\Local\Temp\ccfyQ78N.s 			page 4


 137 0012 08BD     		pop	{r3, pc}
 138              	.L15:
 139              		.align	2
 140              	.L14:
 141 0014 00000000 		.word	.LANCHOR0
 142              		.cfi_endproc
 143              	.LFE66:
 144              		.size	UART_Close, .-UART_Close
 145              		.section	.rodata.str1.4,"aMS",%progbits,1
 146              		.align	2
 147              	.LC0:
 148 0000 7700     		.ascii	"w\000"
 149 0002 0000     		.space	2
 150              	.LC1:
 151 0004 75617274 		.ascii	"uart_log.txt\000"
 151      5F6C6F67 
 151      2E747874 
 151      00
 152 0011 000000   		.space	3
 153              	.LC2:
 154 0014 4572726F 		.ascii	"Error: Could not open uart_log.txt for writing\000"
 154      723A2043 
 154      6F756C64 
 154      206E6F74 
 154      206F7065 
 155 0043 00       		.space	1
 156              	.LC3:
 157 0044 25730A00 		.ascii	"%s\012\000"
 158              		.bss
 159              		.align	2
 160              		.set	.LANCHOR0,. + 0
 161              		.type	log_file, %object
 162              		.size	log_file, 4
 163              	log_file:
 164 0000 00000000 		.space	4
 165              		.text
 166              	.Letext0:
 167              		.file 2 "c:\\program files (x86)\\cypress\\psoc creator\\4.4\\psoc creator\\import\\gnu\\arm\\5.4.
 168              		.file 3 "c:\\program files (x86)\\cypress\\psoc creator\\4.4\\psoc creator\\import\\gnu\\arm\\5.4.
 169              		.file 4 "c:\\program files (x86)\\cypress\\psoc creator\\4.4\\psoc creator\\import\\gnu\\arm\\5.4.
 170              		.file 5 "c:\\program files (x86)\\cypress\\psoc creator\\4.4\\psoc creator\\import\\gnu\\arm\\5.4.
 171              		.file 6 "c:\\program files (x86)\\cypress\\psoc creator\\4.4\\psoc creator\\import\\gnu\\arm\\5.4.
 172              		.file 7 "c:\\program files (x86)\\cypress\\psoc creator\\4.4\\psoc creator\\import\\gnu\\arm\\5.4.
 173              		.file 8 "c:\\program files (x86)\\cypress\\psoc creator\\4.4\\psoc creator\\import\\gnu\\arm\\5.4.
 174              		.file 9 "Generated_Source\\PSoC5/core_cm3.h"
 175              		.file 10 "<built-in>"
 176              		.section	.debug_info,"",%progbits
 177              	.Ldebug_info0:
 178 0000 BA090000 		.4byte	0x9ba
 179 0004 0400     		.2byte	0x4
 180 0006 00000000 		.4byte	.Ldebug_abbrev0
 181 000a 04       		.byte	0x4
 182 000b 01       		.uleb128 0x1
 183 000c 75010000 		.4byte	.LASF130
 184 0010 0C       		.byte	0xc
 185 0011 73000000 		.4byte	.LASF131
 186 0015 25020000 		.4byte	.LASF132
ARM GAS  C:\Users\siman\AppData\Local\Temp\ccfyQ78N.s 			page 5


 187 0019 00000000 		.4byte	.Ldebug_ranges0+0
 188 001d 00000000 		.4byte	0
 189 0021 00000000 		.4byte	.Ldebug_line0
 190 0025 02       		.uleb128 0x2
 191 0026 01       		.byte	0x1
 192 0027 06       		.byte	0x6
 193 0028 31050000 		.4byte	.LASF0
 194 002c 02       		.uleb128 0x2
 195 002d 01       		.byte	0x1
 196 002e 08       		.byte	0x8
 197 002f D9040000 		.4byte	.LASF1
 198 0033 02       		.uleb128 0x2
 199 0034 02       		.byte	0x2
 200 0035 05       		.byte	0x5
 201 0036 D4030000 		.4byte	.LASF2
 202 003a 02       		.uleb128 0x2
 203 003b 02       		.byte	0x2
 204 003c 07       		.byte	0x7
 205 003d 44050000 		.4byte	.LASF3
 206 0041 03       		.uleb128 0x3
 207 0042 62000000 		.4byte	.LASF9
 208 0046 02       		.byte	0x2
 209 0047 3F       		.byte	0x3f
 210 0048 4C000000 		.4byte	0x4c
 211 004c 02       		.uleb128 0x2
 212 004d 04       		.byte	0x4
 213 004e 05       		.byte	0x5
 214 004f DE030000 		.4byte	.LASF4
 215 0053 02       		.uleb128 0x2
 216 0054 04       		.byte	0x4
 217 0055 07       		.byte	0x7
 218 0056 92040000 		.4byte	.LASF5
 219 005a 02       		.uleb128 0x2
 220 005b 08       		.byte	0x8
 221 005c 05       		.byte	0x5
 222 005d 37030000 		.4byte	.LASF6
 223 0061 02       		.uleb128 0x2
 224 0062 08       		.byte	0x8
 225 0063 07       		.byte	0x7
 226 0064 22010000 		.4byte	.LASF7
 227 0068 04       		.uleb128 0x4
 228 0069 04       		.byte	0x4
 229 006a 05       		.byte	0x5
 230 006b 696E7400 		.ascii	"int\000"
 231 006f 02       		.uleb128 0x2
 232 0070 04       		.byte	0x4
 233 0071 07       		.byte	0x7
 234 0072 3C000000 		.4byte	.LASF8
 235 0076 03       		.uleb128 0x3
 236 0077 B2040000 		.4byte	.LASF10
 237 007b 03       		.byte	0x3
 238 007c 2C       		.byte	0x2c
 239 007d 41000000 		.4byte	0x41
 240 0081 02       		.uleb128 0x2
 241 0082 04       		.byte	0x4
 242 0083 04       		.byte	0x4
 243 0084 F0000000 		.4byte	.LASF11
ARM GAS  C:\Users\siman\AppData\Local\Temp\ccfyQ78N.s 			page 6


 244 0088 02       		.uleb128 0x2
 245 0089 08       		.byte	0x8
 246 008a 04       		.byte	0x4
 247 008b 66050000 		.4byte	.LASF12
 248 008f 02       		.uleb128 0x2
 249 0090 01       		.byte	0x1
 250 0091 08       		.byte	0x8
 251 0092 B1020000 		.4byte	.LASF13
 252 0096 05       		.uleb128 0x5
 253 0097 04       		.byte	0x4
 254 0098 9C000000 		.4byte	0x9c
 255 009c 06       		.uleb128 0x6
 256 009d 02       		.uleb128 0x2
 257 009e 08       		.byte	0x8
 258 009f 04       		.byte	0x4
 259 00a0 B0030000 		.4byte	.LASF14
 260 00a4 03       		.uleb128 0x3
 261 00a5 81000000 		.4byte	.LASF15
 262 00a9 04       		.byte	0x4
 263 00aa 07       		.byte	0x7
 264 00ab 68000000 		.4byte	0x68
 265 00af 03       		.uleb128 0x3
 266 00b0 6D050000 		.4byte	.LASF16
 267 00b4 05       		.byte	0x5
 268 00b5 2C       		.byte	0x2c
 269 00b6 4C000000 		.4byte	0x4c
 270 00ba 03       		.uleb128 0x3
 271 00bb AF000000 		.4byte	.LASF17
 272 00bf 05       		.byte	0x5
 273 00c0 72       		.byte	0x72
 274 00c1 4C000000 		.4byte	0x4c
 275 00c5 07       		.uleb128 0x7
 276 00c6 AB040000 		.4byte	.LASF18
 277 00ca 06       		.byte	0x6
 278 00cb 6501     		.2byte	0x165
 279 00cd 6F000000 		.4byte	0x6f
 280 00d1 08       		.uleb128 0x8
 281 00d2 04       		.byte	0x4
 282 00d3 05       		.byte	0x5
 283 00d4 A6       		.byte	0xa6
 284 00d5 F0000000 		.4byte	0xf0
 285 00d9 09       		.uleb128 0x9
 286 00da F4020000 		.4byte	.LASF19
 287 00de 05       		.byte	0x5
 288 00df A8       		.byte	0xa8
 289 00e0 C5000000 		.4byte	0xc5
 290 00e4 09       		.uleb128 0x9
 291 00e5 15040000 		.4byte	.LASF20
 292 00e9 05       		.byte	0x5
 293 00ea A9       		.byte	0xa9
 294 00eb F0000000 		.4byte	0xf0
 295 00ef 00       		.byte	0
 296 00f0 0A       		.uleb128 0xa
 297 00f1 2C000000 		.4byte	0x2c
 298 00f5 00010000 		.4byte	0x100
 299 00f9 0B       		.uleb128 0xb
 300 00fa 00010000 		.4byte	0x100
ARM GAS  C:\Users\siman\AppData\Local\Temp\ccfyQ78N.s 			page 7


 301 00fe 03       		.byte	0x3
 302 00ff 00       		.byte	0
 303 0100 02       		.uleb128 0x2
 304 0101 04       		.byte	0x4
 305 0102 07       		.byte	0x7
 306 0103 89040000 		.4byte	.LASF21
 307 0107 0C       		.uleb128 0xc
 308 0108 08       		.byte	0x8
 309 0109 05       		.byte	0x5
 310 010a A3       		.byte	0xa3
 311 010b 28010000 		.4byte	0x128
 312 010f 0D       		.uleb128 0xd
 313 0110 E8000000 		.4byte	.LASF22
 314 0114 05       		.byte	0x5
 315 0115 A5       		.byte	0xa5
 316 0116 68000000 		.4byte	0x68
 317 011a 00       		.byte	0
 318 011b 0D       		.uleb128 0xd
 319 011c 86020000 		.4byte	.LASF23
 320 0120 05       		.byte	0x5
 321 0121 AA       		.byte	0xaa
 322 0122 D1000000 		.4byte	0xd1
 323 0126 04       		.byte	0x4
 324 0127 00       		.byte	0
 325 0128 03       		.uleb128 0x3
 326 0129 82030000 		.4byte	.LASF24
 327 012d 05       		.byte	0x5
 328 012e AB       		.byte	0xab
 329 012f 07010000 		.4byte	0x107
 330 0133 03       		.uleb128 0x3
 331 0134 EB020000 		.4byte	.LASF25
 332 0138 05       		.byte	0x5
 333 0139 AF       		.byte	0xaf
 334 013a A4000000 		.4byte	0xa4
 335 013e 0E       		.uleb128 0xe
 336 013f 04       		.byte	0x4
 337 0140 05       		.uleb128 0x5
 338 0141 04       		.byte	0x4
 339 0142 8F000000 		.4byte	0x8f
 340 0146 03       		.uleb128 0x3
 341 0147 5B030000 		.4byte	.LASF26
 342 014b 07       		.byte	0x7
 343 014c 16       		.byte	0x16
 344 014d 53000000 		.4byte	0x53
 345 0151 0F       		.uleb128 0xf
 346 0152 C4000000 		.4byte	.LASF31
 347 0156 18       		.byte	0x18
 348 0157 07       		.byte	0x7
 349 0158 2D       		.byte	0x2d
 350 0159 A4010000 		.4byte	0x1a4
 351 015d 0D       		.uleb128 0xd
 352 015e 6F020000 		.4byte	.LASF27
 353 0162 07       		.byte	0x7
 354 0163 2F       		.byte	0x2f
 355 0164 A4010000 		.4byte	0x1a4
 356 0168 00       		.byte	0
 357 0169 10       		.uleb128 0x10
ARM GAS  C:\Users\siman\AppData\Local\Temp\ccfyQ78N.s 			page 8


 358 016a 5F6B00   		.ascii	"_k\000"
 359 016d 07       		.byte	0x7
 360 016e 30       		.byte	0x30
 361 016f 68000000 		.4byte	0x68
 362 0173 04       		.byte	0x4
 363 0174 0D       		.uleb128 0xd
 364 0175 51040000 		.4byte	.LASF28
 365 0179 07       		.byte	0x7
 366 017a 30       		.byte	0x30
 367 017b 68000000 		.4byte	0x68
 368 017f 08       		.byte	0x8
 369 0180 0D       		.uleb128 0xd
 370 0181 F9030000 		.4byte	.LASF29
 371 0185 07       		.byte	0x7
 372 0186 30       		.byte	0x30
 373 0187 68000000 		.4byte	0x68
 374 018b 0C       		.byte	0xc
 375 018c 0D       		.uleb128 0xd
 376 018d 4E010000 		.4byte	.LASF30
 377 0191 07       		.byte	0x7
 378 0192 30       		.byte	0x30
 379 0193 68000000 		.4byte	0x68
 380 0197 10       		.byte	0x10
 381 0198 10       		.uleb128 0x10
 382 0199 5F7800   		.ascii	"_x\000"
 383 019c 07       		.byte	0x7
 384 019d 31       		.byte	0x31
 385 019e AA010000 		.4byte	0x1aa
 386 01a2 14       		.byte	0x14
 387 01a3 00       		.byte	0
 388 01a4 05       		.uleb128 0x5
 389 01a5 04       		.byte	0x4
 390 01a6 51010000 		.4byte	0x151
 391 01aa 0A       		.uleb128 0xa
 392 01ab 46010000 		.4byte	0x146
 393 01af BA010000 		.4byte	0x1ba
 394 01b3 0B       		.uleb128 0xb
 395 01b4 00010000 		.4byte	0x100
 396 01b8 00       		.byte	0
 397 01b9 00       		.byte	0
 398 01ba 0F       		.uleb128 0xf
 399 01bb 7E040000 		.4byte	.LASF32
 400 01bf 24       		.byte	0x24
 401 01c0 07       		.byte	0x7
 402 01c1 35       		.byte	0x35
 403 01c2 33020000 		.4byte	0x233
 404 01c6 0D       		.uleb128 0xd
 405 01c7 08020000 		.4byte	.LASF33
 406 01cb 07       		.byte	0x7
 407 01cc 37       		.byte	0x37
 408 01cd 68000000 		.4byte	0x68
 409 01d1 00       		.byte	0
 410 01d2 0D       		.uleb128 0xd
 411 01d3 F6000000 		.4byte	.LASF34
 412 01d7 07       		.byte	0x7
 413 01d8 38       		.byte	0x38
 414 01d9 68000000 		.4byte	0x68
ARM GAS  C:\Users\siman\AppData\Local\Temp\ccfyQ78N.s 			page 9


 415 01dd 04       		.byte	0x4
 416 01de 0D       		.uleb128 0xd
 417 01df DE000000 		.4byte	.LASF35
 418 01e3 07       		.byte	0x7
 419 01e4 39       		.byte	0x39
 420 01e5 68000000 		.4byte	0x68
 421 01e9 08       		.byte	0x8
 422 01ea 0D       		.uleb128 0xd
 423 01eb B6020000 		.4byte	.LASF36
 424 01ef 07       		.byte	0x7
 425 01f0 3A       		.byte	0x3a
 426 01f1 68000000 		.4byte	0x68
 427 01f5 0C       		.byte	0xc
 428 01f6 0D       		.uleb128 0xd
 429 01f7 A7030000 		.4byte	.LASF37
 430 01fb 07       		.byte	0x7
 431 01fc 3B       		.byte	0x3b
 432 01fd 68000000 		.4byte	0x68
 433 0201 10       		.byte	0x10
 434 0202 0D       		.uleb128 0xd
 435 0203 23040000 		.4byte	.LASF38
 436 0207 07       		.byte	0x7
 437 0208 3C       		.byte	0x3c
 438 0209 68000000 		.4byte	0x68
 439 020d 14       		.byte	0x14
 440 020e 0D       		.uleb128 0xd
 441 020f CC000000 		.4byte	.LASF39
 442 0213 07       		.byte	0x7
 443 0214 3D       		.byte	0x3d
 444 0215 68000000 		.4byte	0x68
 445 0219 18       		.byte	0x18
 446 021a 0D       		.uleb128 0xd
 447 021b 11020000 		.4byte	.LASF40
 448 021f 07       		.byte	0x7
 449 0220 3E       		.byte	0x3e
 450 0221 68000000 		.4byte	0x68
 451 0225 1C       		.byte	0x1c
 452 0226 0D       		.uleb128 0xd
 453 0227 8D030000 		.4byte	.LASF41
 454 022b 07       		.byte	0x7
 455 022c 3F       		.byte	0x3f
 456 022d 68000000 		.4byte	0x68
 457 0231 20       		.byte	0x20
 458 0232 00       		.byte	0
 459 0233 11       		.uleb128 0x11
 460 0234 00000000 		.4byte	.LASF42
 461 0238 0801     		.2byte	0x108
 462 023a 07       		.byte	0x7
 463 023b 48       		.byte	0x48
 464 023c 73020000 		.4byte	0x273
 465 0240 0D       		.uleb128 0xd
 466 0241 29050000 		.4byte	.LASF43
 467 0245 07       		.byte	0x7
 468 0246 49       		.byte	0x49
 469 0247 73020000 		.4byte	0x273
 470 024b 00       		.byte	0
 471 024c 0D       		.uleb128 0xd
ARM GAS  C:\Users\siman\AppData\Local\Temp\ccfyQ78N.s 			page 10


 472 024d BA040000 		.4byte	.LASF44
 473 0251 07       		.byte	0x7
 474 0252 4A       		.byte	0x4a
 475 0253 73020000 		.4byte	0x273
 476 0257 80       		.byte	0x80
 477 0258 12       		.uleb128 0x12
 478 0259 57050000 		.4byte	.LASF45
 479 025d 07       		.byte	0x7
 480 025e 4C       		.byte	0x4c
 481 025f 46010000 		.4byte	0x146
 482 0263 0001     		.2byte	0x100
 483 0265 12       		.uleb128 0x12
 484 0266 94050000 		.4byte	.LASF46
 485 026a 07       		.byte	0x7
 486 026b 4F       		.byte	0x4f
 487 026c 46010000 		.4byte	0x146
 488 0270 0401     		.2byte	0x104
 489 0272 00       		.byte	0
 490 0273 0A       		.uleb128 0xa
 491 0274 3E010000 		.4byte	0x13e
 492 0278 83020000 		.4byte	0x283
 493 027c 0B       		.uleb128 0xb
 494 027d 00010000 		.4byte	0x100
 495 0281 1F       		.byte	0x1f
 496 0282 00       		.byte	0
 497 0283 11       		.uleb128 0x11
 498 0284 C3030000 		.4byte	.LASF47
 499 0288 9001     		.2byte	0x190
 500 028a 07       		.byte	0x7
 501 028b 5B       		.byte	0x5b
 502 028c C1020000 		.4byte	0x2c1
 503 0290 0D       		.uleb128 0xd
 504 0291 6F020000 		.4byte	.LASF27
 505 0295 07       		.byte	0x7
 506 0296 5C       		.byte	0x5c
 507 0297 C1020000 		.4byte	0x2c1
 508 029b 00       		.byte	0
 509 029c 0D       		.uleb128 0xd
 510 029d 20020000 		.4byte	.LASF48
 511 02a1 07       		.byte	0x7
 512 02a2 5D       		.byte	0x5d
 513 02a3 68000000 		.4byte	0x68
 514 02a7 04       		.byte	0x4
 515 02a8 0D       		.uleb128 0xd
 516 02a9 B7000000 		.4byte	.LASF49
 517 02ad 07       		.byte	0x7
 518 02ae 5F       		.byte	0x5f
 519 02af C7020000 		.4byte	0x2c7
 520 02b3 08       		.byte	0x8
 521 02b4 0D       		.uleb128 0xd
 522 02b5 00000000 		.4byte	.LASF42
 523 02b9 07       		.byte	0x7
 524 02ba 60       		.byte	0x60
 525 02bb 33020000 		.4byte	0x233
 526 02bf 88       		.byte	0x88
 527 02c0 00       		.byte	0
 528 02c1 05       		.uleb128 0x5
ARM GAS  C:\Users\siman\AppData\Local\Temp\ccfyQ78N.s 			page 11


 529 02c2 04       		.byte	0x4
 530 02c3 83020000 		.4byte	0x283
 531 02c7 0A       		.uleb128 0xa
 532 02c8 96000000 		.4byte	0x96
 533 02cc D7020000 		.4byte	0x2d7
 534 02d0 0B       		.uleb128 0xb
 535 02d1 00010000 		.4byte	0x100
 536 02d5 1F       		.byte	0x1f
 537 02d6 00       		.byte	0
 538 02d7 0F       		.uleb128 0xf
 539 02d8 F9040000 		.4byte	.LASF50
 540 02dc 08       		.byte	0x8
 541 02dd 07       		.byte	0x7
 542 02de 73       		.byte	0x73
 543 02df FC020000 		.4byte	0x2fc
 544 02e3 0D       		.uleb128 0xd
 545 02e4 45030000 		.4byte	.LASF51
 546 02e8 07       		.byte	0x7
 547 02e9 74       		.byte	0x74
 548 02ea FC020000 		.4byte	0x2fc
 549 02ee 00       		.byte	0
 550 02ef 0D       		.uleb128 0xd
 551 02f0 60050000 		.4byte	.LASF52
 552 02f4 07       		.byte	0x7
 553 02f5 75       		.byte	0x75
 554 02f6 68000000 		.4byte	0x68
 555 02fa 04       		.byte	0x4
 556 02fb 00       		.byte	0
 557 02fc 05       		.uleb128 0x5
 558 02fd 04       		.byte	0x4
 559 02fe 2C000000 		.4byte	0x2c
 560 0302 0F       		.uleb128 0xf
 561 0303 46010000 		.4byte	.LASF53
 562 0307 68       		.byte	0x68
 563 0308 07       		.byte	0x7
 564 0309 B3       		.byte	0xb3
 565 030a 2C040000 		.4byte	0x42c
 566 030e 10       		.uleb128 0x10
 567 030f 5F7000   		.ascii	"_p\000"
 568 0312 07       		.byte	0x7
 569 0313 B4       		.byte	0xb4
 570 0314 FC020000 		.4byte	0x2fc
 571 0318 00       		.byte	0
 572 0319 10       		.uleb128 0x10
 573 031a 5F7200   		.ascii	"_r\000"
 574 031d 07       		.byte	0x7
 575 031e B5       		.byte	0xb5
 576 031f 68000000 		.4byte	0x68
 577 0323 04       		.byte	0x4
 578 0324 10       		.uleb128 0x10
 579 0325 5F7700   		.ascii	"_w\000"
 580 0328 07       		.byte	0x7
 581 0329 B6       		.byte	0xb6
 582 032a 68000000 		.4byte	0x68
 583 032e 08       		.byte	0x8
 584 032f 0D       		.uleb128 0xd
 585 0330 5B000000 		.4byte	.LASF54
ARM GAS  C:\Users\siman\AppData\Local\Temp\ccfyQ78N.s 			page 12


 586 0334 07       		.byte	0x7
 587 0335 B7       		.byte	0xb7
 588 0336 33000000 		.4byte	0x33
 589 033a 0C       		.byte	0xc
 590 033b 0D       		.uleb128 0xd
 591 033c 72030000 		.4byte	.LASF55
 592 0340 07       		.byte	0x7
 593 0341 B8       		.byte	0xb8
 594 0342 33000000 		.4byte	0x33
 595 0346 0E       		.byte	0xe
 596 0347 10       		.uleb128 0x10
 597 0348 5F626600 		.ascii	"_bf\000"
 598 034c 07       		.byte	0x7
 599 034d B9       		.byte	0xb9
 600 034e D7020000 		.4byte	0x2d7
 601 0352 10       		.byte	0x10
 602 0353 0D       		.uleb128 0xd
 603 0354 52000000 		.4byte	.LASF56
 604 0358 07       		.byte	0x7
 605 0359 BA       		.byte	0xba
 606 035a 68000000 		.4byte	0x68
 607 035e 18       		.byte	0x18
 608 035f 0D       		.uleb128 0xd
 609 0360 BC000000 		.4byte	.LASF57
 610 0364 07       		.byte	0x7
 611 0365 C1       		.byte	0xc1
 612 0366 3E010000 		.4byte	0x13e
 613 036a 1C       		.byte	0x1c
 614 036b 0D       		.uleb128 0xd
 615 036c 93000000 		.4byte	.LASF58
 616 0370 07       		.byte	0x7
 617 0371 C3       		.byte	0xc3
 618 0372 82050000 		.4byte	0x582
 619 0376 20       		.byte	0x20
 620 0377 0D       		.uleb128 0xd
 621 0378 BC030000 		.4byte	.LASF59
 622 037c 07       		.byte	0x7
 623 037d C5       		.byte	0xc5
 624 037e B1050000 		.4byte	0x5b1
 625 0382 24       		.byte	0x24
 626 0383 0D       		.uleb128 0xd
 627 0384 AD050000 		.4byte	.LASF60
 628 0388 07       		.byte	0x7
 629 0389 C8       		.byte	0xc8
 630 038a D5050000 		.4byte	0x5d5
 631 038e 28       		.byte	0x28
 632 038f 0D       		.uleb128 0xd
 633 0390 0F030000 		.4byte	.LASF61
 634 0394 07       		.byte	0x7
 635 0395 C9       		.byte	0xc9
 636 0396 EF050000 		.4byte	0x5ef
 637 039a 2C       		.byte	0x2c
 638 039b 10       		.uleb128 0x10
 639 039c 5F756200 		.ascii	"_ub\000"
 640 03a0 07       		.byte	0x7
 641 03a1 CC       		.byte	0xcc
 642 03a2 D7020000 		.4byte	0x2d7
ARM GAS  C:\Users\siman\AppData\Local\Temp\ccfyQ78N.s 			page 13


 643 03a6 30       		.byte	0x30
 644 03a7 10       		.uleb128 0x10
 645 03a8 5F757000 		.ascii	"_up\000"
 646 03ac 07       		.byte	0x7
 647 03ad CD       		.byte	0xcd
 648 03ae FC020000 		.4byte	0x2fc
 649 03b2 38       		.byte	0x38
 650 03b3 10       		.uleb128 0x10
 651 03b4 5F757200 		.ascii	"_ur\000"
 652 03b8 07       		.byte	0x7
 653 03b9 CE       		.byte	0xce
 654 03ba 68000000 		.4byte	0x68
 655 03be 3C       		.byte	0x3c
 656 03bf 0D       		.uleb128 0xd
 657 03c0 C4050000 		.4byte	.LASF62
 658 03c4 07       		.byte	0x7
 659 03c5 D1       		.byte	0xd1
 660 03c6 F5050000 		.4byte	0x5f5
 661 03ca 40       		.byte	0x40
 662 03cb 0D       		.uleb128 0xd
 663 03cc 74050000 		.4byte	.LASF63
 664 03d0 07       		.byte	0x7
 665 03d1 D2       		.byte	0xd2
 666 03d2 05060000 		.4byte	0x605
 667 03d6 43       		.byte	0x43
 668 03d7 10       		.uleb128 0x10
 669 03d8 5F6C6200 		.ascii	"_lb\000"
 670 03dc 07       		.byte	0x7
 671 03dd D5       		.byte	0xd5
 672 03de D7020000 		.4byte	0x2d7
 673 03e2 44       		.byte	0x44
 674 03e3 0D       		.uleb128 0xd
 675 03e4 75040000 		.4byte	.LASF64
 676 03e8 07       		.byte	0x7
 677 03e9 D8       		.byte	0xd8
 678 03ea 68000000 		.4byte	0x68
 679 03ee 4C       		.byte	0x4c
 680 03ef 0D       		.uleb128 0xd
 681 03f0 5A010000 		.4byte	.LASF65
 682 03f4 07       		.byte	0x7
 683 03f5 D9       		.byte	0xd9
 684 03f6 AF000000 		.4byte	0xaf
 685 03fa 50       		.byte	0x50
 686 03fb 0D       		.uleb128 0xd
 687 03fc 0F040000 		.4byte	.LASF66
 688 0400 07       		.byte	0x7
 689 0401 DC       		.byte	0xdc
 690 0402 4A040000 		.4byte	0x44a
 691 0406 54       		.byte	0x54
 692 0407 0D       		.uleb128 0xd
 693 0408 83040000 		.4byte	.LASF67
 694 040c 07       		.byte	0x7
 695 040d E0       		.byte	0xe0
 696 040e 33010000 		.4byte	0x133
 697 0412 58       		.byte	0x58
 698 0413 0D       		.uleb128 0xd
 699 0414 CB030000 		.4byte	.LASF68
ARM GAS  C:\Users\siman\AppData\Local\Temp\ccfyQ78N.s 			page 14


 700 0418 07       		.byte	0x7
 701 0419 E2       		.byte	0xe2
 702 041a 28010000 		.4byte	0x128
 703 041e 5C       		.byte	0x5c
 704 041f 0D       		.uleb128 0xd
 705 0420 8C050000 		.4byte	.LASF69
 706 0424 07       		.byte	0x7
 707 0425 E3       		.byte	0xe3
 708 0426 68000000 		.4byte	0x68
 709 042a 64       		.byte	0x64
 710 042b 00       		.byte	0
 711 042c 13       		.uleb128 0x13
 712 042d 68000000 		.4byte	0x68
 713 0431 4A040000 		.4byte	0x44a
 714 0435 14       		.uleb128 0x14
 715 0436 4A040000 		.4byte	0x44a
 716 043a 14       		.uleb128 0x14
 717 043b 3E010000 		.4byte	0x13e
 718 043f 14       		.uleb128 0x14
 719 0440 40010000 		.4byte	0x140
 720 0444 14       		.uleb128 0x14
 721 0445 68000000 		.4byte	0x68
 722 0449 00       		.byte	0
 723 044a 05       		.uleb128 0x5
 724 044b 04       		.byte	0x4
 725 044c 50040000 		.4byte	0x450
 726 0450 15       		.uleb128 0x15
 727 0451 3D050000 		.4byte	.LASF70
 728 0455 2804     		.2byte	0x428
 729 0457 07       		.byte	0x7
 730 0458 3802     		.2byte	0x238
 731 045a 82050000 		.4byte	0x582
 732 045e 16       		.uleb128 0x16
 733 045f 6C000000 		.4byte	.LASF71
 734 0463 07       		.byte	0x7
 735 0464 3A02     		.2byte	0x23a
 736 0466 68000000 		.4byte	0x68
 737 046a 00       		.byte	0
 738 046b 16       		.uleb128 0x16
 739 046c 21030000 		.4byte	.LASF72
 740 0470 07       		.byte	0x7
 741 0471 3F02     		.2byte	0x23f
 742 0473 5C060000 		.4byte	0x65c
 743 0477 04       		.byte	0x4
 744 0478 16       		.uleb128 0x16
 745 0479 A7000000 		.4byte	.LASF73
 746 047d 07       		.byte	0x7
 747 047e 3F02     		.2byte	0x23f
 748 0480 5C060000 		.4byte	0x65c
 749 0484 08       		.byte	0x8
 750 0485 16       		.uleb128 0x16
 751 0486 B3050000 		.4byte	.LASF74
 752 048a 07       		.byte	0x7
 753 048b 3F02     		.2byte	0x23f
 754 048d 5C060000 		.4byte	0x65c
 755 0491 0C       		.byte	0xc
 756 0492 16       		.uleb128 0x16
ARM GAS  C:\Users\siman\AppData\Local\Temp\ccfyQ78N.s 			page 15


 757 0493 1B020000 		.4byte	.LASF75
 758 0497 07       		.byte	0x7
 759 0498 4102     		.2byte	0x241
 760 049a 68000000 		.4byte	0x68
 761 049e 10       		.byte	0x10
 762 049f 16       		.uleb128 0x16
 763 04a0 6A010000 		.4byte	.LASF76
 764 04a4 07       		.byte	0x7
 765 04a5 4202     		.2byte	0x242
 766 04a7 3E080000 		.4byte	0x83e
 767 04ab 14       		.byte	0x14
 768 04ac 16       		.uleb128 0x16
 769 04ad 63040000 		.4byte	.LASF77
 770 04b1 07       		.byte	0x7
 771 04b2 4402     		.2byte	0x244
 772 04b4 68000000 		.4byte	0x68
 773 04b8 30       		.byte	0x30
 774 04b9 16       		.uleb128 0x16
 775 04ba FF030000 		.4byte	.LASF78
 776 04be 07       		.byte	0x7
 777 04bf 4502     		.2byte	0x245
 778 04c1 A6050000 		.4byte	0x5a6
 779 04c5 34       		.byte	0x34
 780 04c6 16       		.uleb128 0x16
 781 04c7 16030000 		.4byte	.LASF79
 782 04cb 07       		.byte	0x7
 783 04cc 4702     		.2byte	0x247
 784 04ce 68000000 		.4byte	0x68
 785 04d2 38       		.byte	0x38
 786 04d3 16       		.uleb128 0x16
 787 04d4 78030000 		.4byte	.LASF80
 788 04d8 07       		.byte	0x7
 789 04d9 4902     		.2byte	0x249
 790 04db 59080000 		.4byte	0x859
 791 04df 3C       		.byte	0x3c
 792 04e0 16       		.uleb128 0x16
 793 04e1 D6000000 		.4byte	.LASF81
 794 04e5 07       		.byte	0x7
 795 04e6 4C02     		.2byte	0x24c
 796 04e8 A4010000 		.4byte	0x1a4
 797 04ec 40       		.byte	0x40
 798 04ed 16       		.uleb128 0x16
 799 04ee 18010000 		.4byte	.LASF82
 800 04f2 07       		.byte	0x7
 801 04f3 4D02     		.2byte	0x24d
 802 04f5 68000000 		.4byte	0x68
 803 04f9 44       		.byte	0x44
 804 04fa 16       		.uleb128 0x16
 805 04fb 8E020000 		.4byte	.LASF83
 806 04ff 07       		.byte	0x7
 807 0500 4E02     		.2byte	0x24e
 808 0502 A4010000 		.4byte	0x1a4
 809 0506 48       		.byte	0x48
 810 0507 16       		.uleb128 0x16
 811 0508 4B030000 		.4byte	.LASF84
 812 050c 07       		.byte	0x7
 813 050d 4F02     		.2byte	0x24f
ARM GAS  C:\Users\siman\AppData\Local\Temp\ccfyQ78N.s 			page 16


 814 050f 5F080000 		.4byte	0x85f
 815 0513 4C       		.byte	0x4c
 816 0514 16       		.uleb128 0x16
 817 0515 49040000 		.4byte	.LASF85
 818 0519 07       		.byte	0x7
 819 051a 5202     		.2byte	0x252
 820 051c 68000000 		.4byte	0x68
 821 0520 50       		.byte	0x50
 822 0521 16       		.uleb128 0x16
 823 0522 D1040000 		.4byte	.LASF86
 824 0526 07       		.byte	0x7
 825 0527 5302     		.2byte	0x253
 826 0529 40010000 		.4byte	0x140
 827 052d 54       		.byte	0x54
 828 052e 16       		.uleb128 0x16
 829 052f 44040000 		.4byte	.LASF87
 830 0533 07       		.byte	0x7
 831 0534 7602     		.2byte	0x276
 832 0536 1C080000 		.4byte	0x81c
 833 053a 58       		.byte	0x58
 834 053b 17       		.uleb128 0x17
 835 053c C3030000 		.4byte	.LASF47
 836 0540 07       		.byte	0x7
 837 0541 7A02     		.2byte	0x27a
 838 0543 C1020000 		.4byte	0x2c1
 839 0547 4801     		.2byte	0x148
 840 0549 17       		.uleb128 0x17
 841 054a D9020000 		.4byte	.LASF88
 842 054e 07       		.byte	0x7
 843 054f 7B02     		.2byte	0x27b
 844 0551 83020000 		.4byte	0x283
 845 0555 4C01     		.2byte	0x14c
 846 0557 17       		.uleb128 0x17
 847 0558 C0020000 		.4byte	.LASF89
 848 055c 07       		.byte	0x7
 849 055d 7F02     		.2byte	0x27f
 850 055f 70080000 		.4byte	0x870
 851 0563 DC02     		.2byte	0x2dc
 852 0565 17       		.uleb128 0x17
 853 0566 06050000 		.4byte	.LASF90
 854 056a 07       		.byte	0x7
 855 056b 8402     		.2byte	0x284
 856 056d 21060000 		.4byte	0x621
 857 0571 E002     		.2byte	0x2e0
 858 0573 17       		.uleb128 0x17
 859 0574 F4030000 		.4byte	.LASF91
 860 0578 07       		.byte	0x7
 861 0579 8502     		.2byte	0x285
 862 057b 7C080000 		.4byte	0x87c
 863 057f EC02     		.2byte	0x2ec
 864 0581 00       		.byte	0
 865 0582 05       		.uleb128 0x5
 866 0583 04       		.byte	0x4
 867 0584 2C040000 		.4byte	0x42c
 868 0588 13       		.uleb128 0x13
 869 0589 68000000 		.4byte	0x68
 870 058d A6050000 		.4byte	0x5a6
ARM GAS  C:\Users\siman\AppData\Local\Temp\ccfyQ78N.s 			page 17


 871 0591 14       		.uleb128 0x14
 872 0592 4A040000 		.4byte	0x44a
 873 0596 14       		.uleb128 0x14
 874 0597 3E010000 		.4byte	0x13e
 875 059b 14       		.uleb128 0x14
 876 059c A6050000 		.4byte	0x5a6
 877 05a0 14       		.uleb128 0x14
 878 05a1 68000000 		.4byte	0x68
 879 05a5 00       		.byte	0
 880 05a6 05       		.uleb128 0x5
 881 05a7 04       		.byte	0x4
 882 05a8 AC050000 		.4byte	0x5ac
 883 05ac 18       		.uleb128 0x18
 884 05ad 8F000000 		.4byte	0x8f
 885 05b1 05       		.uleb128 0x5
 886 05b2 04       		.byte	0x4
 887 05b3 88050000 		.4byte	0x588
 888 05b7 13       		.uleb128 0x13
 889 05b8 BA000000 		.4byte	0xba
 890 05bc D5050000 		.4byte	0x5d5
 891 05c0 14       		.uleb128 0x14
 892 05c1 4A040000 		.4byte	0x44a
 893 05c5 14       		.uleb128 0x14
 894 05c6 3E010000 		.4byte	0x13e
 895 05ca 14       		.uleb128 0x14
 896 05cb BA000000 		.4byte	0xba
 897 05cf 14       		.uleb128 0x14
 898 05d0 68000000 		.4byte	0x68
 899 05d4 00       		.byte	0
 900 05d5 05       		.uleb128 0x5
 901 05d6 04       		.byte	0x4
 902 05d7 B7050000 		.4byte	0x5b7
 903 05db 13       		.uleb128 0x13
 904 05dc 68000000 		.4byte	0x68
 905 05e0 EF050000 		.4byte	0x5ef
 906 05e4 14       		.uleb128 0x14
 907 05e5 4A040000 		.4byte	0x44a
 908 05e9 14       		.uleb128 0x14
 909 05ea 3E010000 		.4byte	0x13e
 910 05ee 00       		.byte	0
 911 05ef 05       		.uleb128 0x5
 912 05f0 04       		.byte	0x4
 913 05f1 DB050000 		.4byte	0x5db
 914 05f5 0A       		.uleb128 0xa
 915 05f6 2C000000 		.4byte	0x2c
 916 05fa 05060000 		.4byte	0x605
 917 05fe 0B       		.uleb128 0xb
 918 05ff 00010000 		.4byte	0x100
 919 0603 02       		.byte	0x2
 920 0604 00       		.byte	0
 921 0605 0A       		.uleb128 0xa
 922 0606 2C000000 		.4byte	0x2c
 923 060a 15060000 		.4byte	0x615
 924 060e 0B       		.uleb128 0xb
 925 060f 00010000 		.4byte	0x100
 926 0613 00       		.byte	0
 927 0614 00       		.byte	0
ARM GAS  C:\Users\siman\AppData\Local\Temp\ccfyQ78N.s 			page 18


 928 0615 07       		.uleb128 0x7
 929 0616 53010000 		.4byte	.LASF92
 930 061a 07       		.byte	0x7
 931 061b 1D01     		.2byte	0x11d
 932 061d 02030000 		.4byte	0x302
 933 0621 19       		.uleb128 0x19
 934 0622 00050000 		.4byte	.LASF93
 935 0626 0C       		.byte	0xc
 936 0627 07       		.byte	0x7
 937 0628 2101     		.2byte	0x121
 938 062a 56060000 		.4byte	0x656
 939 062e 16       		.uleb128 0x16
 940 062f 6F020000 		.4byte	.LASF27
 941 0633 07       		.byte	0x7
 942 0634 2301     		.2byte	0x123
 943 0636 56060000 		.4byte	0x656
 944 063a 00       		.byte	0
 945 063b 16       		.uleb128 0x16
 946 063c A4040000 		.4byte	.LASF94
 947 0640 07       		.byte	0x7
 948 0641 2401     		.2byte	0x124
 949 0643 68000000 		.4byte	0x68
 950 0647 04       		.byte	0x4
 951 0648 16       		.uleb128 0x16
 952 0649 FA020000 		.4byte	.LASF95
 953 064d 07       		.byte	0x7
 954 064e 2501     		.2byte	0x125
 955 0650 5C060000 		.4byte	0x65c
 956 0654 08       		.byte	0x8
 957 0655 00       		.byte	0
 958 0656 05       		.uleb128 0x5
 959 0657 04       		.byte	0x4
 960 0658 21060000 		.4byte	0x621
 961 065c 05       		.uleb128 0x5
 962 065d 04       		.byte	0x4
 963 065e 15060000 		.4byte	0x615
 964 0662 19       		.uleb128 0x19
 965 0663 06010000 		.4byte	.LASF96
 966 0667 0E       		.byte	0xe
 967 0668 07       		.byte	0x7
 968 0669 3D01     		.2byte	0x13d
 969 066b 97060000 		.4byte	0x697
 970 066f 16       		.uleb128 0x16
 971 0670 9C050000 		.4byte	.LASF97
 972 0674 07       		.byte	0x7
 973 0675 3E01     		.2byte	0x13e
 974 0677 97060000 		.4byte	0x697
 975 067b 00       		.byte	0
 976 067c 16       		.uleb128 0x16
 977 067d 55030000 		.4byte	.LASF98
 978 0681 07       		.byte	0x7
 979 0682 3F01     		.2byte	0x13f
 980 0684 97060000 		.4byte	0x697
 981 0688 06       		.byte	0x6
 982 0689 16       		.uleb128 0x16
 983 068a F4040000 		.4byte	.LASF99
 984 068e 07       		.byte	0x7
ARM GAS  C:\Users\siman\AppData\Local\Temp\ccfyQ78N.s 			page 19


 985 068f 4001     		.2byte	0x140
 986 0691 3A000000 		.4byte	0x3a
 987 0695 0C       		.byte	0xc
 988 0696 00       		.byte	0
 989 0697 0A       		.uleb128 0xa
 990 0698 3A000000 		.4byte	0x3a
 991 069c A7060000 		.4byte	0x6a7
 992 06a0 0B       		.uleb128 0xb
 993 06a1 00010000 		.4byte	0x100
 994 06a5 02       		.byte	0x2
 995 06a6 00       		.byte	0
 996 06a7 1A       		.uleb128 0x1a
 997 06a8 D0       		.byte	0xd0
 998 06a9 07       		.byte	0x7
 999 06aa 5702     		.2byte	0x257
 1000 06ac A8070000 		.4byte	0x7a8
 1001 06b0 16       		.uleb128 0x16
 1002 06b1 7A050000 		.4byte	.LASF100
 1003 06b5 07       		.byte	0x7
 1004 06b6 5902     		.2byte	0x259
 1005 06b8 6F000000 		.4byte	0x6f
 1006 06bc 00       		.byte	0
 1007 06bd 16       		.uleb128 0x16
 1008 06be 0E050000 		.4byte	.LASF101
 1009 06c2 07       		.byte	0x7
 1010 06c3 5A02     		.2byte	0x25a
 1011 06c5 40010000 		.4byte	0x140
 1012 06c9 04       		.byte	0x4
 1013 06ca 16       		.uleb128 0x16
 1014 06cb 39010000 		.4byte	.LASF102
 1015 06cf 07       		.byte	0x7
 1016 06d0 5B02     		.2byte	0x25b
 1017 06d2 A8070000 		.4byte	0x7a8
 1018 06d6 08       		.byte	0x8
 1019 06d7 16       		.uleb128 0x16
 1020 06d8 2D040000 		.4byte	.LASF103
 1021 06dc 07       		.byte	0x7
 1022 06dd 5C02     		.2byte	0x25c
 1023 06df BA010000 		.4byte	0x1ba
 1024 06e3 24       		.byte	0x24
 1025 06e4 16       		.uleb128 0x16
 1026 06e5 28030000 		.4byte	.LASF104
 1027 06e9 07       		.byte	0x7
 1028 06ea 5D02     		.2byte	0x25d
 1029 06ec 68000000 		.4byte	0x68
 1030 06f0 48       		.byte	0x48
 1031 06f1 16       		.uleb128 0x16
 1032 06f2 A2050000 		.4byte	.LASF105
 1033 06f6 07       		.byte	0x7
 1034 06f7 5E02     		.2byte	0x25e
 1035 06f9 61000000 		.4byte	0x61
 1036 06fd 50       		.byte	0x50
 1037 06fe 16       		.uleb128 0x16
 1038 06ff 2B000000 		.4byte	.LASF106
 1039 0703 07       		.byte	0x7
 1040 0704 5F02     		.2byte	0x25f
 1041 0706 62060000 		.4byte	0x662
ARM GAS  C:\Users\siman\AppData\Local\Temp\ccfyQ78N.s 			page 20


 1042 070a 58       		.byte	0x58
 1043 070b 16       		.uleb128 0x16
 1044 070c A4020000 		.4byte	.LASF107
 1045 0710 07       		.byte	0x7
 1046 0711 6002     		.2byte	0x260
 1047 0713 28010000 		.4byte	0x128
 1048 0717 68       		.byte	0x68
 1049 0718 16       		.uleb128 0x16
 1050 0719 1B050000 		.4byte	.LASF108
 1051 071d 07       		.byte	0x7
 1052 071e 6102     		.2byte	0x261
 1053 0720 28010000 		.4byte	0x128
 1054 0724 70       		.byte	0x70
 1055 0725 16       		.uleb128 0x16
 1056 0726 0E000000 		.4byte	.LASF109
 1057 072a 07       		.byte	0x7
 1058 072b 6202     		.2byte	0x262
 1059 072d 28010000 		.4byte	0x128
 1060 0731 78       		.byte	0x78
 1061 0732 16       		.uleb128 0x16
 1062 0733 59040000 		.4byte	.LASF110
 1063 0737 07       		.byte	0x7
 1064 0738 6302     		.2byte	0x263
 1065 073a B8070000 		.4byte	0x7b8
 1066 073e 80       		.byte	0x80
 1067 073f 16       		.uleb128 0x16
 1068 0740 30000000 		.4byte	.LASF111
 1069 0744 07       		.byte	0x7
 1070 0745 6402     		.2byte	0x264
 1071 0747 C8070000 		.4byte	0x7c8
 1072 074b 88       		.byte	0x88
 1073 074c 16       		.uleb128 0x16
 1074 074d E7040000 		.4byte	.LASF112
 1075 0751 07       		.byte	0x7
 1076 0752 6502     		.2byte	0x265
 1077 0754 68000000 		.4byte	0x68
 1078 0758 A0       		.byte	0xa0
 1079 0759 16       		.uleb128 0x16
 1080 075a 99000000 		.4byte	.LASF113
 1081 075e 07       		.byte	0x7
 1082 075f 6602     		.2byte	0x266
 1083 0761 28010000 		.4byte	0x128
 1084 0765 A4       		.byte	0xa4
 1085 0766 16       		.uleb128 0x16
 1086 0767 CA020000 		.4byte	.LASF114
 1087 076b 07       		.byte	0x7
 1088 076c 6702     		.2byte	0x267
 1089 076e 28010000 		.4byte	0x128
 1090 0772 AC       		.byte	0xac
 1091 0773 16       		.uleb128 0x16
 1092 0774 75020000 		.4byte	.LASF115
 1093 0778 07       		.byte	0x7
 1094 0779 6802     		.2byte	0x268
 1095 077b 28010000 		.4byte	0x128
 1096 077f B4       		.byte	0xb4
 1097 0780 16       		.uleb128 0x16
 1098 0781 63030000 		.4byte	.LASF116
ARM GAS  C:\Users\siman\AppData\Local\Temp\ccfyQ78N.s 			page 21


 1099 0785 07       		.byte	0x7
 1100 0786 6902     		.2byte	0x269
 1101 0788 28010000 		.4byte	0x128
 1102 078c BC       		.byte	0xbc
 1103 078d 16       		.uleb128 0x16
 1104 078e 93020000 		.4byte	.LASF117
 1105 0792 07       		.byte	0x7
 1106 0793 6A02     		.2byte	0x26a
 1107 0795 28010000 		.4byte	0x128
 1108 0799 C4       		.byte	0xc4
 1109 079a 16       		.uleb128 0x16
 1110 079b 98030000 		.4byte	.LASF118
 1111 079f 07       		.byte	0x7
 1112 07a0 6B02     		.2byte	0x26b
 1113 07a2 68000000 		.4byte	0x68
 1114 07a6 CC       		.byte	0xcc
 1115 07a7 00       		.byte	0
 1116 07a8 0A       		.uleb128 0xa
 1117 07a9 8F000000 		.4byte	0x8f
 1118 07ad B8070000 		.4byte	0x7b8
 1119 07b1 0B       		.uleb128 0xb
 1120 07b2 00010000 		.4byte	0x100
 1121 07b6 19       		.byte	0x19
 1122 07b7 00       		.byte	0
 1123 07b8 0A       		.uleb128 0xa
 1124 07b9 8F000000 		.4byte	0x8f
 1125 07bd C8070000 		.4byte	0x7c8
 1126 07c1 0B       		.uleb128 0xb
 1127 07c2 00010000 		.4byte	0x100
 1128 07c6 07       		.byte	0x7
 1129 07c7 00       		.byte	0
 1130 07c8 0A       		.uleb128 0xa
 1131 07c9 8F000000 		.4byte	0x8f
 1132 07cd D8070000 		.4byte	0x7d8
 1133 07d1 0B       		.uleb128 0xb
 1134 07d2 00010000 		.4byte	0x100
 1135 07d6 17       		.byte	0x17
 1136 07d7 00       		.byte	0
 1137 07d8 1A       		.uleb128 0x1a
 1138 07d9 F0       		.byte	0xf0
 1139 07da 07       		.byte	0x7
 1140 07db 7002     		.2byte	0x270
 1141 07dd FC070000 		.4byte	0x7fc
 1142 07e1 16       		.uleb128 0x16
 1143 07e2 FF000000 		.4byte	.LASF119
 1144 07e6 07       		.byte	0x7
 1145 07e7 7302     		.2byte	0x273
 1146 07e9 FC070000 		.4byte	0x7fc
 1147 07ed 00       		.byte	0
 1148 07ee 16       		.uleb128 0x16
 1149 07ef BB050000 		.4byte	.LASF120
 1150 07f3 07       		.byte	0x7
 1151 07f4 7402     		.2byte	0x274
 1152 07f6 0C080000 		.4byte	0x80c
 1153 07fa 78       		.byte	0x78
 1154 07fb 00       		.byte	0
 1155 07fc 0A       		.uleb128 0xa
ARM GAS  C:\Users\siman\AppData\Local\Temp\ccfyQ78N.s 			page 22


 1156 07fd FC020000 		.4byte	0x2fc
 1157 0801 0C080000 		.4byte	0x80c
 1158 0805 0B       		.uleb128 0xb
 1159 0806 00010000 		.4byte	0x100
 1160 080a 1D       		.byte	0x1d
 1161 080b 00       		.byte	0
 1162 080c 0A       		.uleb128 0xa
 1163 080d 6F000000 		.4byte	0x6f
 1164 0811 1C080000 		.4byte	0x81c
 1165 0815 0B       		.uleb128 0xb
 1166 0816 00010000 		.4byte	0x100
 1167 081a 1D       		.byte	0x1d
 1168 081b 00       		.byte	0
 1169 081c 1B       		.uleb128 0x1b
 1170 081d F0       		.byte	0xf0
 1171 081e 07       		.byte	0x7
 1172 081f 5502     		.2byte	0x255
 1173 0821 3E080000 		.4byte	0x83e
 1174 0825 1C       		.uleb128 0x1c
 1175 0826 3D050000 		.4byte	.LASF70
 1176 082a 07       		.byte	0x7
 1177 082b 6C02     		.2byte	0x26c
 1178 082d A7060000 		.4byte	0x6a7
 1179 0831 1C       		.uleb128 0x1c
 1180 0832 3C040000 		.4byte	.LASF121
 1181 0836 07       		.byte	0x7
 1182 0837 7502     		.2byte	0x275
 1183 0839 D8070000 		.4byte	0x7d8
 1184 083d 00       		.byte	0
 1185 083e 0A       		.uleb128 0xa
 1186 083f 8F000000 		.4byte	0x8f
 1187 0843 4E080000 		.4byte	0x84e
 1188 0847 0B       		.uleb128 0xb
 1189 0848 00010000 		.4byte	0x100
 1190 084c 18       		.byte	0x18
 1191 084d 00       		.byte	0
 1192 084e 1D       		.uleb128 0x1d
 1193 084f 59080000 		.4byte	0x859
 1194 0853 14       		.uleb128 0x14
 1195 0854 4A040000 		.4byte	0x44a
 1196 0858 00       		.byte	0
 1197 0859 05       		.uleb128 0x5
 1198 085a 04       		.byte	0x4
 1199 085b 4E080000 		.4byte	0x84e
 1200 085f 05       		.uleb128 0x5
 1201 0860 04       		.byte	0x4
 1202 0861 A4010000 		.4byte	0x1a4
 1203 0865 1D       		.uleb128 0x1d
 1204 0866 70080000 		.4byte	0x870
 1205 086a 14       		.uleb128 0x14
 1206 086b 68000000 		.4byte	0x68
 1207 086f 00       		.byte	0
 1208 0870 05       		.uleb128 0x5
 1209 0871 04       		.byte	0x4
 1210 0872 76080000 		.4byte	0x876
 1211 0876 05       		.uleb128 0x5
 1212 0877 04       		.byte	0x4
ARM GAS  C:\Users\siman\AppData\Local\Temp\ccfyQ78N.s 			page 23


 1213 0878 65080000 		.4byte	0x865
 1214 087c 0A       		.uleb128 0xa
 1215 087d 15060000 		.4byte	0x615
 1216 0881 8C080000 		.4byte	0x88c
 1217 0885 0B       		.uleb128 0xb
 1218 0886 00010000 		.4byte	0x100
 1219 088a 02       		.byte	0x2
 1220 088b 00       		.byte	0
 1221 088c 03       		.uleb128 0x3
 1222 088d 87050000 		.4byte	.LASF122
 1223 0891 08       		.byte	0x8
 1224 0892 35       		.byte	0x35
 1225 0893 15060000 		.4byte	0x615
 1226 0897 1E       		.uleb128 0x1e
 1227 0898 0E010000 		.4byte	.LASF123
 1228 089c 01       		.byte	0x1
 1229 089d 11       		.byte	0x11
 1230 089e 00000000 		.4byte	.LFB64
 1231 08a2 28000000 		.4byte	.LFE64-.LFB64
 1232 08a6 01       		.uleb128 0x1
 1233 08a7 9C       		.byte	0x9c
 1234 08a8 E0080000 		.4byte	0x8e0
 1235 08ac 1F       		.uleb128 0x1f
 1236 08ad 0A000000 		.4byte	.LVL0
 1237 08b1 82090000 		.4byte	0x982
 1238 08b5 CC080000 		.4byte	0x8cc
 1239 08b9 20       		.uleb128 0x20
 1240 08ba 01       		.uleb128 0x1
 1241 08bb 50       		.byte	0x50
 1242 08bc 05       		.uleb128 0x5
 1243 08bd 03       		.byte	0x3
 1244 08be 04000000 		.4byte	.LC1
 1245 08c2 20       		.uleb128 0x20
 1246 08c3 01       		.uleb128 0x1
 1247 08c4 51       		.byte	0x51
 1248 08c5 05       		.uleb128 0x5
 1249 08c6 03       		.byte	0x3
 1250 08c7 00000000 		.4byte	.LC0
 1251 08cb 00       		.byte	0
 1252 08cc 21       		.uleb128 0x21
 1253 08cd 16000000 		.4byte	.LVL1
 1254 08d1 8D090000 		.4byte	0x98d
 1255 08d5 20       		.uleb128 0x20
 1256 08d6 01       		.uleb128 0x1
 1257 08d7 50       		.byte	0x50
 1258 08d8 05       		.uleb128 0x5
 1259 08d9 03       		.byte	0x3
 1260 08da 14000000 		.4byte	.LC2
 1261 08de 00       		.byte	0
 1262 08df 00       		.byte	0
 1263 08e0 1E       		.uleb128 0x1e
 1264 08e1 E2020000 		.4byte	.LASF124
 1265 08e5 01       		.byte	0x1
 1266 08e6 18       		.byte	0x18
 1267 08e7 00000000 		.4byte	.LFB65
 1268 08eb 2C000000 		.4byte	.LFE65-.LFB65
 1269 08ef 01       		.uleb128 0x1
ARM GAS  C:\Users\siman\AppData\Local\Temp\ccfyQ78N.s 			page 24


 1270 08f0 9C       		.byte	0x9c
 1271 08f1 3B090000 		.4byte	0x93b
 1272 08f5 22       		.uleb128 0x22
 1273 08f6 1C000000 		.4byte	.LASF133
 1274 08fa 01       		.byte	0x1
 1275 08fb 18       		.byte	0x18
 1276 08fc A6050000 		.4byte	0x5a6
 1277 0900 00000000 		.4byte	.LLST0
 1278 0904 1F       		.uleb128 0x1f
 1279 0905 12000000 		.4byte	.LVL4
 1280 0909 9C090000 		.4byte	0x99c
 1281 090d 21090000 		.4byte	0x921
 1282 0911 20       		.uleb128 0x20
 1283 0912 01       		.uleb128 0x1
 1284 0913 51       		.byte	0x51
 1285 0914 05       		.uleb128 0x5
 1286 0915 03       		.byte	0x3
 1287 0916 44000000 		.4byte	.LC3
 1288 091a 20       		.uleb128 0x20
 1289 091b 01       		.uleb128 0x1
 1290 091c 52       		.byte	0x52
 1291 091d 02       		.uleb128 0x2
 1292 091e 74       		.byte	0x74
 1293 091f 00       		.sleb128 0
 1294 0920 00       		.byte	0
 1295 0921 23       		.uleb128 0x23
 1296 0922 1A000000 		.4byte	.LVL5
 1297 0926 A7090000 		.4byte	0x9a7
 1298 092a 21       		.uleb128 0x21
 1299 092b 20000000 		.4byte	.LVL6
 1300 092f 8D090000 		.4byte	0x98d
 1301 0933 20       		.uleb128 0x20
 1302 0934 01       		.uleb128 0x1
 1303 0935 50       		.byte	0x50
 1304 0936 02       		.uleb128 0x2
 1305 0937 74       		.byte	0x74
 1306 0938 00       		.sleb128 0
 1307 0939 00       		.byte	0
 1308 093a 00       		.byte	0
 1309 093b 1E       		.uleb128 0x1e
 1310 093c C6040000 		.4byte	.LASF125
 1311 0940 01       		.byte	0x1
 1312 0941 20       		.byte	0x20
 1313 0942 00000000 		.4byte	.LFB66
 1314 0946 18000000 		.4byte	.LFE66-.LFB66
 1315 094a 01       		.uleb128 0x1
 1316 094b 9C       		.byte	0x9c
 1317 094c 5A090000 		.4byte	0x95a
 1318 0950 23       		.uleb128 0x23
 1319 0951 0C000000 		.4byte	.LVL8
 1320 0955 B2090000 		.4byte	0x9b2
 1321 0959 00       		.byte	0
 1322 095a 24       		.uleb128 0x24
 1323 095b 49000000 		.4byte	.LASF134
 1324 095f 01       		.byte	0x1
 1325 0960 0F       		.byte	0xf
 1326 0961 6B090000 		.4byte	0x96b
ARM GAS  C:\Users\siman\AppData\Local\Temp\ccfyQ78N.s 			page 25


 1327 0965 05       		.uleb128 0x5
 1328 0966 03       		.byte	0x3
 1329 0967 00000000 		.4byte	log_file
 1330 096b 05       		.uleb128 0x5
 1331 096c 04       		.byte	0x4
 1332 096d 8C080000 		.4byte	0x88c
 1333 0971 25       		.uleb128 0x25
 1334 0972 E7030000 		.4byte	.LASF135
 1335 0976 09       		.byte	0x9
 1336 0977 1207     		.2byte	0x712
 1337 0979 7D090000 		.4byte	0x97d
 1338 097d 26       		.uleb128 0x26
 1339 097e 76000000 		.4byte	0x76
 1340 0982 27       		.uleb128 0x27
 1341 0983 A1030000 		.4byte	.LASF126
 1342 0987 A1030000 		.4byte	.LASF126
 1343 098b 08       		.byte	0x8
 1344 098c E6       		.byte	0xe6
 1345 098d 28       		.uleb128 0x28
 1346 098e 03020000 		.4byte	.LASF136
 1347 0992 00030000 		.4byte	.LASF137
 1348 0996 0A       		.byte	0xa
 1349 0997 00       		.byte	0
 1350 0998 03020000 		.4byte	.LASF136
 1351 099c 27       		.uleb128 0x27
 1352 099d 62010000 		.4byte	.LASF127
 1353 09a1 62010000 		.4byte	.LASF127
 1354 09a5 08       		.byte	0x8
 1355 09a6 B7       		.byte	0xb7
 1356 09a7 27       		.uleb128 0x27
 1357 09a8 24000000 		.4byte	.LASF128
 1358 09ac 24000000 		.4byte	.LASF128
 1359 09b0 08       		.byte	0x8
 1360 09b1 B3       		.byte	0xb3
 1361 09b2 27       		.uleb128 0x27
 1362 09b3 1C040000 		.4byte	.LASF129
 1363 09b7 1C040000 		.4byte	.LASF129
 1364 09bb 08       		.byte	0x8
 1365 09bc B2       		.byte	0xb2
 1366 09bd 00       		.byte	0
 1367              		.section	.debug_abbrev,"",%progbits
 1368              	.Ldebug_abbrev0:
 1369 0000 01       		.uleb128 0x1
 1370 0001 11       		.uleb128 0x11
 1371 0002 01       		.byte	0x1
 1372 0003 25       		.uleb128 0x25
 1373 0004 0E       		.uleb128 0xe
 1374 0005 13       		.uleb128 0x13
 1375 0006 0B       		.uleb128 0xb
 1376 0007 03       		.uleb128 0x3
 1377 0008 0E       		.uleb128 0xe
 1378 0009 1B       		.uleb128 0x1b
 1379 000a 0E       		.uleb128 0xe
 1380 000b 55       		.uleb128 0x55
 1381 000c 17       		.uleb128 0x17
 1382 000d 11       		.uleb128 0x11
 1383 000e 01       		.uleb128 0x1
ARM GAS  C:\Users\siman\AppData\Local\Temp\ccfyQ78N.s 			page 26


 1384 000f 10       		.uleb128 0x10
 1385 0010 17       		.uleb128 0x17
 1386 0011 00       		.byte	0
 1387 0012 00       		.byte	0
 1388 0013 02       		.uleb128 0x2
 1389 0014 24       		.uleb128 0x24
 1390 0015 00       		.byte	0
 1391 0016 0B       		.uleb128 0xb
 1392 0017 0B       		.uleb128 0xb
 1393 0018 3E       		.uleb128 0x3e
 1394 0019 0B       		.uleb128 0xb
 1395 001a 03       		.uleb128 0x3
 1396 001b 0E       		.uleb128 0xe
 1397 001c 00       		.byte	0
 1398 001d 00       		.byte	0
 1399 001e 03       		.uleb128 0x3
 1400 001f 16       		.uleb128 0x16
 1401 0020 00       		.byte	0
 1402 0021 03       		.uleb128 0x3
 1403 0022 0E       		.uleb128 0xe
 1404 0023 3A       		.uleb128 0x3a
 1405 0024 0B       		.uleb128 0xb
 1406 0025 3B       		.uleb128 0x3b
 1407 0026 0B       		.uleb128 0xb
 1408 0027 49       		.uleb128 0x49
 1409 0028 13       		.uleb128 0x13
 1410 0029 00       		.byte	0
 1411 002a 00       		.byte	0
 1412 002b 04       		.uleb128 0x4
 1413 002c 24       		.uleb128 0x24
 1414 002d 00       		.byte	0
 1415 002e 0B       		.uleb128 0xb
 1416 002f 0B       		.uleb128 0xb
 1417 0030 3E       		.uleb128 0x3e
 1418 0031 0B       		.uleb128 0xb
 1419 0032 03       		.uleb128 0x3
 1420 0033 08       		.uleb128 0x8
 1421 0034 00       		.byte	0
 1422 0035 00       		.byte	0
 1423 0036 05       		.uleb128 0x5
 1424 0037 0F       		.uleb128 0xf
 1425 0038 00       		.byte	0
 1426 0039 0B       		.uleb128 0xb
 1427 003a 0B       		.uleb128 0xb
 1428 003b 49       		.uleb128 0x49
 1429 003c 13       		.uleb128 0x13
 1430 003d 00       		.byte	0
 1431 003e 00       		.byte	0
 1432 003f 06       		.uleb128 0x6
 1433 0040 15       		.uleb128 0x15
 1434 0041 00       		.byte	0
 1435 0042 27       		.uleb128 0x27
 1436 0043 19       		.uleb128 0x19
 1437 0044 00       		.byte	0
 1438 0045 00       		.byte	0
 1439 0046 07       		.uleb128 0x7
 1440 0047 16       		.uleb128 0x16
ARM GAS  C:\Users\siman\AppData\Local\Temp\ccfyQ78N.s 			page 27


 1441 0048 00       		.byte	0
 1442 0049 03       		.uleb128 0x3
 1443 004a 0E       		.uleb128 0xe
 1444 004b 3A       		.uleb128 0x3a
 1445 004c 0B       		.uleb128 0xb
 1446 004d 3B       		.uleb128 0x3b
 1447 004e 05       		.uleb128 0x5
 1448 004f 49       		.uleb128 0x49
 1449 0050 13       		.uleb128 0x13
 1450 0051 00       		.byte	0
 1451 0052 00       		.byte	0
 1452 0053 08       		.uleb128 0x8
 1453 0054 17       		.uleb128 0x17
 1454 0055 01       		.byte	0x1
 1455 0056 0B       		.uleb128 0xb
 1456 0057 0B       		.uleb128 0xb
 1457 0058 3A       		.uleb128 0x3a
 1458 0059 0B       		.uleb128 0xb
 1459 005a 3B       		.uleb128 0x3b
 1460 005b 0B       		.uleb128 0xb
 1461 005c 01       		.uleb128 0x1
 1462 005d 13       		.uleb128 0x13
 1463 005e 00       		.byte	0
 1464 005f 00       		.byte	0
 1465 0060 09       		.uleb128 0x9
 1466 0061 0D       		.uleb128 0xd
 1467 0062 00       		.byte	0
 1468 0063 03       		.uleb128 0x3
 1469 0064 0E       		.uleb128 0xe
 1470 0065 3A       		.uleb128 0x3a
 1471 0066 0B       		.uleb128 0xb
 1472 0067 3B       		.uleb128 0x3b
 1473 0068 0B       		.uleb128 0xb
 1474 0069 49       		.uleb128 0x49
 1475 006a 13       		.uleb128 0x13
 1476 006b 00       		.byte	0
 1477 006c 00       		.byte	0
 1478 006d 0A       		.uleb128 0xa
 1479 006e 01       		.uleb128 0x1
 1480 006f 01       		.byte	0x1
 1481 0070 49       		.uleb128 0x49
 1482 0071 13       		.uleb128 0x13
 1483 0072 01       		.uleb128 0x1
 1484 0073 13       		.uleb128 0x13
 1485 0074 00       		.byte	0
 1486 0075 00       		.byte	0
 1487 0076 0B       		.uleb128 0xb
 1488 0077 21       		.uleb128 0x21
 1489 0078 00       		.byte	0
 1490 0079 49       		.uleb128 0x49
 1491 007a 13       		.uleb128 0x13
 1492 007b 2F       		.uleb128 0x2f
 1493 007c 0B       		.uleb128 0xb
 1494 007d 00       		.byte	0
 1495 007e 00       		.byte	0
 1496 007f 0C       		.uleb128 0xc
 1497 0080 13       		.uleb128 0x13
ARM GAS  C:\Users\siman\AppData\Local\Temp\ccfyQ78N.s 			page 28


 1498 0081 01       		.byte	0x1
 1499 0082 0B       		.uleb128 0xb
 1500 0083 0B       		.uleb128 0xb
 1501 0084 3A       		.uleb128 0x3a
 1502 0085 0B       		.uleb128 0xb
 1503 0086 3B       		.uleb128 0x3b
 1504 0087 0B       		.uleb128 0xb
 1505 0088 01       		.uleb128 0x1
 1506 0089 13       		.uleb128 0x13
 1507 008a 00       		.byte	0
 1508 008b 00       		.byte	0
 1509 008c 0D       		.uleb128 0xd
 1510 008d 0D       		.uleb128 0xd
 1511 008e 00       		.byte	0
 1512 008f 03       		.uleb128 0x3
 1513 0090 0E       		.uleb128 0xe
 1514 0091 3A       		.uleb128 0x3a
 1515 0092 0B       		.uleb128 0xb
 1516 0093 3B       		.uleb128 0x3b
 1517 0094 0B       		.uleb128 0xb
 1518 0095 49       		.uleb128 0x49
 1519 0096 13       		.uleb128 0x13
 1520 0097 38       		.uleb128 0x38
 1521 0098 0B       		.uleb128 0xb
 1522 0099 00       		.byte	0
 1523 009a 00       		.byte	0
 1524 009b 0E       		.uleb128 0xe
 1525 009c 0F       		.uleb128 0xf
 1526 009d 00       		.byte	0
 1527 009e 0B       		.uleb128 0xb
 1528 009f 0B       		.uleb128 0xb
 1529 00a0 00       		.byte	0
 1530 00a1 00       		.byte	0
 1531 00a2 0F       		.uleb128 0xf
 1532 00a3 13       		.uleb128 0x13
 1533 00a4 01       		.byte	0x1
 1534 00a5 03       		.uleb128 0x3
 1535 00a6 0E       		.uleb128 0xe
 1536 00a7 0B       		.uleb128 0xb
 1537 00a8 0B       		.uleb128 0xb
 1538 00a9 3A       		.uleb128 0x3a
 1539 00aa 0B       		.uleb128 0xb
 1540 00ab 3B       		.uleb128 0x3b
 1541 00ac 0B       		.uleb128 0xb
 1542 00ad 01       		.uleb128 0x1
 1543 00ae 13       		.uleb128 0x13
 1544 00af 00       		.byte	0
 1545 00b0 00       		.byte	0
 1546 00b1 10       		.uleb128 0x10
 1547 00b2 0D       		.uleb128 0xd
 1548 00b3 00       		.byte	0
 1549 00b4 03       		.uleb128 0x3
 1550 00b5 08       		.uleb128 0x8
 1551 00b6 3A       		.uleb128 0x3a
 1552 00b7 0B       		.uleb128 0xb
 1553 00b8 3B       		.uleb128 0x3b
 1554 00b9 0B       		.uleb128 0xb
ARM GAS  C:\Users\siman\AppData\Local\Temp\ccfyQ78N.s 			page 29


 1555 00ba 49       		.uleb128 0x49
 1556 00bb 13       		.uleb128 0x13
 1557 00bc 38       		.uleb128 0x38
 1558 00bd 0B       		.uleb128 0xb
 1559 00be 00       		.byte	0
 1560 00bf 00       		.byte	0
 1561 00c0 11       		.uleb128 0x11
 1562 00c1 13       		.uleb128 0x13
 1563 00c2 01       		.byte	0x1
 1564 00c3 03       		.uleb128 0x3
 1565 00c4 0E       		.uleb128 0xe
 1566 00c5 0B       		.uleb128 0xb
 1567 00c6 05       		.uleb128 0x5
 1568 00c7 3A       		.uleb128 0x3a
 1569 00c8 0B       		.uleb128 0xb
 1570 00c9 3B       		.uleb128 0x3b
 1571 00ca 0B       		.uleb128 0xb
 1572 00cb 01       		.uleb128 0x1
 1573 00cc 13       		.uleb128 0x13
 1574 00cd 00       		.byte	0
 1575 00ce 00       		.byte	0
 1576 00cf 12       		.uleb128 0x12
 1577 00d0 0D       		.uleb128 0xd
 1578 00d1 00       		.byte	0
 1579 00d2 03       		.uleb128 0x3
 1580 00d3 0E       		.uleb128 0xe
 1581 00d4 3A       		.uleb128 0x3a
 1582 00d5 0B       		.uleb128 0xb
 1583 00d6 3B       		.uleb128 0x3b
 1584 00d7 0B       		.uleb128 0xb
 1585 00d8 49       		.uleb128 0x49
 1586 00d9 13       		.uleb128 0x13
 1587 00da 38       		.uleb128 0x38
 1588 00db 05       		.uleb128 0x5
 1589 00dc 00       		.byte	0
 1590 00dd 00       		.byte	0
 1591 00de 13       		.uleb128 0x13
 1592 00df 15       		.uleb128 0x15
 1593 00e0 01       		.byte	0x1
 1594 00e1 27       		.uleb128 0x27
 1595 00e2 19       		.uleb128 0x19
 1596 00e3 49       		.uleb128 0x49
 1597 00e4 13       		.uleb128 0x13
 1598 00e5 01       		.uleb128 0x1
 1599 00e6 13       		.uleb128 0x13
 1600 00e7 00       		.byte	0
 1601 00e8 00       		.byte	0
 1602 00e9 14       		.uleb128 0x14
 1603 00ea 05       		.uleb128 0x5
 1604 00eb 00       		.byte	0
 1605 00ec 49       		.uleb128 0x49
 1606 00ed 13       		.uleb128 0x13
 1607 00ee 00       		.byte	0
 1608 00ef 00       		.byte	0
 1609 00f0 15       		.uleb128 0x15
 1610 00f1 13       		.uleb128 0x13
 1611 00f2 01       		.byte	0x1
ARM GAS  C:\Users\siman\AppData\Local\Temp\ccfyQ78N.s 			page 30


 1612 00f3 03       		.uleb128 0x3
 1613 00f4 0E       		.uleb128 0xe
 1614 00f5 0B       		.uleb128 0xb
 1615 00f6 05       		.uleb128 0x5
 1616 00f7 3A       		.uleb128 0x3a
 1617 00f8 0B       		.uleb128 0xb
 1618 00f9 3B       		.uleb128 0x3b
 1619 00fa 05       		.uleb128 0x5
 1620 00fb 01       		.uleb128 0x1
 1621 00fc 13       		.uleb128 0x13
 1622 00fd 00       		.byte	0
 1623 00fe 00       		.byte	0
 1624 00ff 16       		.uleb128 0x16
 1625 0100 0D       		.uleb128 0xd
 1626 0101 00       		.byte	0
 1627 0102 03       		.uleb128 0x3
 1628 0103 0E       		.uleb128 0xe
 1629 0104 3A       		.uleb128 0x3a
 1630 0105 0B       		.uleb128 0xb
 1631 0106 3B       		.uleb128 0x3b
 1632 0107 05       		.uleb128 0x5
 1633 0108 49       		.uleb128 0x49
 1634 0109 13       		.uleb128 0x13
 1635 010a 38       		.uleb128 0x38
 1636 010b 0B       		.uleb128 0xb
 1637 010c 00       		.byte	0
 1638 010d 00       		.byte	0
 1639 010e 17       		.uleb128 0x17
 1640 010f 0D       		.uleb128 0xd
 1641 0110 00       		.byte	0
 1642 0111 03       		.uleb128 0x3
 1643 0112 0E       		.uleb128 0xe
 1644 0113 3A       		.uleb128 0x3a
 1645 0114 0B       		.uleb128 0xb
 1646 0115 3B       		.uleb128 0x3b
 1647 0116 05       		.uleb128 0x5
 1648 0117 49       		.uleb128 0x49
 1649 0118 13       		.uleb128 0x13
 1650 0119 38       		.uleb128 0x38
 1651 011a 05       		.uleb128 0x5
 1652 011b 00       		.byte	0
 1653 011c 00       		.byte	0
 1654 011d 18       		.uleb128 0x18
 1655 011e 26       		.uleb128 0x26
 1656 011f 00       		.byte	0
 1657 0120 49       		.uleb128 0x49
 1658 0121 13       		.uleb128 0x13
 1659 0122 00       		.byte	0
 1660 0123 00       		.byte	0
 1661 0124 19       		.uleb128 0x19
 1662 0125 13       		.uleb128 0x13
 1663 0126 01       		.byte	0x1
 1664 0127 03       		.uleb128 0x3
 1665 0128 0E       		.uleb128 0xe
 1666 0129 0B       		.uleb128 0xb
 1667 012a 0B       		.uleb128 0xb
 1668 012b 3A       		.uleb128 0x3a
ARM GAS  C:\Users\siman\AppData\Local\Temp\ccfyQ78N.s 			page 31


 1669 012c 0B       		.uleb128 0xb
 1670 012d 3B       		.uleb128 0x3b
 1671 012e 05       		.uleb128 0x5
 1672 012f 01       		.uleb128 0x1
 1673 0130 13       		.uleb128 0x13
 1674 0131 00       		.byte	0
 1675 0132 00       		.byte	0
 1676 0133 1A       		.uleb128 0x1a
 1677 0134 13       		.uleb128 0x13
 1678 0135 01       		.byte	0x1
 1679 0136 0B       		.uleb128 0xb
 1680 0137 0B       		.uleb128 0xb
 1681 0138 3A       		.uleb128 0x3a
 1682 0139 0B       		.uleb128 0xb
 1683 013a 3B       		.uleb128 0x3b
 1684 013b 05       		.uleb128 0x5
 1685 013c 01       		.uleb128 0x1
 1686 013d 13       		.uleb128 0x13
 1687 013e 00       		.byte	0
 1688 013f 00       		.byte	0
 1689 0140 1B       		.uleb128 0x1b
 1690 0141 17       		.uleb128 0x17
 1691 0142 01       		.byte	0x1
 1692 0143 0B       		.uleb128 0xb
 1693 0144 0B       		.uleb128 0xb
 1694 0145 3A       		.uleb128 0x3a
 1695 0146 0B       		.uleb128 0xb
 1696 0147 3B       		.uleb128 0x3b
 1697 0148 05       		.uleb128 0x5
 1698 0149 01       		.uleb128 0x1
 1699 014a 13       		.uleb128 0x13
 1700 014b 00       		.byte	0
 1701 014c 00       		.byte	0
 1702 014d 1C       		.uleb128 0x1c
 1703 014e 0D       		.uleb128 0xd
 1704 014f 00       		.byte	0
 1705 0150 03       		.uleb128 0x3
 1706 0151 0E       		.uleb128 0xe
 1707 0152 3A       		.uleb128 0x3a
 1708 0153 0B       		.uleb128 0xb
 1709 0154 3B       		.uleb128 0x3b
 1710 0155 05       		.uleb128 0x5
 1711 0156 49       		.uleb128 0x49
 1712 0157 13       		.uleb128 0x13
 1713 0158 00       		.byte	0
 1714 0159 00       		.byte	0
 1715 015a 1D       		.uleb128 0x1d
 1716 015b 15       		.uleb128 0x15
 1717 015c 01       		.byte	0x1
 1718 015d 27       		.uleb128 0x27
 1719 015e 19       		.uleb128 0x19
 1720 015f 01       		.uleb128 0x1
 1721 0160 13       		.uleb128 0x13
 1722 0161 00       		.byte	0
 1723 0162 00       		.byte	0
 1724 0163 1E       		.uleb128 0x1e
 1725 0164 2E       		.uleb128 0x2e
ARM GAS  C:\Users\siman\AppData\Local\Temp\ccfyQ78N.s 			page 32


 1726 0165 01       		.byte	0x1
 1727 0166 3F       		.uleb128 0x3f
 1728 0167 19       		.uleb128 0x19
 1729 0168 03       		.uleb128 0x3
 1730 0169 0E       		.uleb128 0xe
 1731 016a 3A       		.uleb128 0x3a
 1732 016b 0B       		.uleb128 0xb
 1733 016c 3B       		.uleb128 0x3b
 1734 016d 0B       		.uleb128 0xb
 1735 016e 27       		.uleb128 0x27
 1736 016f 19       		.uleb128 0x19
 1737 0170 11       		.uleb128 0x11
 1738 0171 01       		.uleb128 0x1
 1739 0172 12       		.uleb128 0x12
 1740 0173 06       		.uleb128 0x6
 1741 0174 40       		.uleb128 0x40
 1742 0175 18       		.uleb128 0x18
 1743 0176 9742     		.uleb128 0x2117
 1744 0178 19       		.uleb128 0x19
 1745 0179 01       		.uleb128 0x1
 1746 017a 13       		.uleb128 0x13
 1747 017b 00       		.byte	0
 1748 017c 00       		.byte	0
 1749 017d 1F       		.uleb128 0x1f
 1750 017e 898201   		.uleb128 0x4109
 1751 0181 01       		.byte	0x1
 1752 0182 11       		.uleb128 0x11
 1753 0183 01       		.uleb128 0x1
 1754 0184 31       		.uleb128 0x31
 1755 0185 13       		.uleb128 0x13
 1756 0186 01       		.uleb128 0x1
 1757 0187 13       		.uleb128 0x13
 1758 0188 00       		.byte	0
 1759 0189 00       		.byte	0
 1760 018a 20       		.uleb128 0x20
 1761 018b 8A8201   		.uleb128 0x410a
 1762 018e 00       		.byte	0
 1763 018f 02       		.uleb128 0x2
 1764 0190 18       		.uleb128 0x18
 1765 0191 9142     		.uleb128 0x2111
 1766 0193 18       		.uleb128 0x18
 1767 0194 00       		.byte	0
 1768 0195 00       		.byte	0
 1769 0196 21       		.uleb128 0x21
 1770 0197 898201   		.uleb128 0x4109
 1771 019a 01       		.byte	0x1
 1772 019b 11       		.uleb128 0x11
 1773 019c 01       		.uleb128 0x1
 1774 019d 31       		.uleb128 0x31
 1775 019e 13       		.uleb128 0x13
 1776 019f 00       		.byte	0
 1777 01a0 00       		.byte	0
 1778 01a1 22       		.uleb128 0x22
 1779 01a2 05       		.uleb128 0x5
 1780 01a3 00       		.byte	0
 1781 01a4 03       		.uleb128 0x3
 1782 01a5 0E       		.uleb128 0xe
ARM GAS  C:\Users\siman\AppData\Local\Temp\ccfyQ78N.s 			page 33


 1783 01a6 3A       		.uleb128 0x3a
 1784 01a7 0B       		.uleb128 0xb
 1785 01a8 3B       		.uleb128 0x3b
 1786 01a9 0B       		.uleb128 0xb
 1787 01aa 49       		.uleb128 0x49
 1788 01ab 13       		.uleb128 0x13
 1789 01ac 02       		.uleb128 0x2
 1790 01ad 17       		.uleb128 0x17
 1791 01ae 00       		.byte	0
 1792 01af 00       		.byte	0
 1793 01b0 23       		.uleb128 0x23
 1794 01b1 898201   		.uleb128 0x4109
 1795 01b4 00       		.byte	0
 1796 01b5 11       		.uleb128 0x11
 1797 01b6 01       		.uleb128 0x1
 1798 01b7 31       		.uleb128 0x31
 1799 01b8 13       		.uleb128 0x13
 1800 01b9 00       		.byte	0
 1801 01ba 00       		.byte	0
 1802 01bb 24       		.uleb128 0x24
 1803 01bc 34       		.uleb128 0x34
 1804 01bd 00       		.byte	0
 1805 01be 03       		.uleb128 0x3
 1806 01bf 0E       		.uleb128 0xe
 1807 01c0 3A       		.uleb128 0x3a
 1808 01c1 0B       		.uleb128 0xb
 1809 01c2 3B       		.uleb128 0x3b
 1810 01c3 0B       		.uleb128 0xb
 1811 01c4 49       		.uleb128 0x49
 1812 01c5 13       		.uleb128 0x13
 1813 01c6 02       		.uleb128 0x2
 1814 01c7 18       		.uleb128 0x18
 1815 01c8 00       		.byte	0
 1816 01c9 00       		.byte	0
 1817 01ca 25       		.uleb128 0x25
 1818 01cb 34       		.uleb128 0x34
 1819 01cc 00       		.byte	0
 1820 01cd 03       		.uleb128 0x3
 1821 01ce 0E       		.uleb128 0xe
 1822 01cf 3A       		.uleb128 0x3a
 1823 01d0 0B       		.uleb128 0xb
 1824 01d1 3B       		.uleb128 0x3b
 1825 01d2 05       		.uleb128 0x5
 1826 01d3 49       		.uleb128 0x49
 1827 01d4 13       		.uleb128 0x13
 1828 01d5 3F       		.uleb128 0x3f
 1829 01d6 19       		.uleb128 0x19
 1830 01d7 3C       		.uleb128 0x3c
 1831 01d8 19       		.uleb128 0x19
 1832 01d9 00       		.byte	0
 1833 01da 00       		.byte	0
 1834 01db 26       		.uleb128 0x26
 1835 01dc 35       		.uleb128 0x35
 1836 01dd 00       		.byte	0
 1837 01de 49       		.uleb128 0x49
 1838 01df 13       		.uleb128 0x13
 1839 01e0 00       		.byte	0
ARM GAS  C:\Users\siman\AppData\Local\Temp\ccfyQ78N.s 			page 34


 1840 01e1 00       		.byte	0
 1841 01e2 27       		.uleb128 0x27
 1842 01e3 2E       		.uleb128 0x2e
 1843 01e4 00       		.byte	0
 1844 01e5 3F       		.uleb128 0x3f
 1845 01e6 19       		.uleb128 0x19
 1846 01e7 3C       		.uleb128 0x3c
 1847 01e8 19       		.uleb128 0x19
 1848 01e9 6E       		.uleb128 0x6e
 1849 01ea 0E       		.uleb128 0xe
 1850 01eb 03       		.uleb128 0x3
 1851 01ec 0E       		.uleb128 0xe
 1852 01ed 3A       		.uleb128 0x3a
 1853 01ee 0B       		.uleb128 0xb
 1854 01ef 3B       		.uleb128 0x3b
 1855 01f0 0B       		.uleb128 0xb
 1856 01f1 00       		.byte	0
 1857 01f2 00       		.byte	0
 1858 01f3 28       		.uleb128 0x28
 1859 01f4 2E       		.uleb128 0x2e
 1860 01f5 00       		.byte	0
 1861 01f6 3F       		.uleb128 0x3f
 1862 01f7 19       		.uleb128 0x19
 1863 01f8 3C       		.uleb128 0x3c
 1864 01f9 19       		.uleb128 0x19
 1865 01fa 6E       		.uleb128 0x6e
 1866 01fb 0E       		.uleb128 0xe
 1867 01fc 03       		.uleb128 0x3
 1868 01fd 0E       		.uleb128 0xe
 1869 01fe 3A       		.uleb128 0x3a
 1870 01ff 0B       		.uleb128 0xb
 1871 0200 3B       		.uleb128 0x3b
 1872 0201 0B       		.uleb128 0xb
 1873 0202 6E       		.uleb128 0x6e
 1874 0203 0E       		.uleb128 0xe
 1875 0204 00       		.byte	0
 1876 0205 00       		.byte	0
 1877 0206 00       		.byte	0
 1878              		.section	.debug_loc,"",%progbits
 1879              	.Ldebug_loc0:
 1880              	.LLST0:
 1881 0000 00000000 		.4byte	.LVL2
 1882 0004 08000000 		.4byte	.LVL3
 1883 0008 0100     		.2byte	0x1
 1884 000a 50       		.byte	0x50
 1885 000b 08000000 		.4byte	.LVL3
 1886 000f 22000000 		.4byte	.LVL7
 1887 0013 0100     		.2byte	0x1
 1888 0015 54       		.byte	0x54
 1889 0016 22000000 		.4byte	.LVL7
 1890 001a 2C000000 		.4byte	.LFE65
 1891 001e 0400     		.2byte	0x4
 1892 0020 F3       		.byte	0xf3
 1893 0021 01       		.uleb128 0x1
 1894 0022 50       		.byte	0x50
 1895 0023 9F       		.byte	0x9f
 1896 0024 00000000 		.4byte	0
ARM GAS  C:\Users\siman\AppData\Local\Temp\ccfyQ78N.s 			page 35


 1897 0028 00000000 		.4byte	0
 1898              		.section	.debug_aranges,"",%progbits
 1899 0000 2C000000 		.4byte	0x2c
 1900 0004 0200     		.2byte	0x2
 1901 0006 00000000 		.4byte	.Ldebug_info0
 1902 000a 04       		.byte	0x4
 1903 000b 00       		.byte	0
 1904 000c 0000     		.2byte	0
 1905 000e 0000     		.2byte	0
 1906 0010 00000000 		.4byte	.LFB64
 1907 0014 28000000 		.4byte	.LFE64-.LFB64
 1908 0018 00000000 		.4byte	.LFB65
 1909 001c 2C000000 		.4byte	.LFE65-.LFB65
 1910 0020 00000000 		.4byte	.LFB66
 1911 0024 18000000 		.4byte	.LFE66-.LFB66
 1912 0028 00000000 		.4byte	0
 1913 002c 00000000 		.4byte	0
 1914              		.section	.debug_ranges,"",%progbits
 1915              	.Ldebug_ranges0:
 1916 0000 00000000 		.4byte	.LFB64
 1917 0004 28000000 		.4byte	.LFE64
 1918 0008 00000000 		.4byte	.LFB65
 1919 000c 2C000000 		.4byte	.LFE65
 1920 0010 00000000 		.4byte	.LFB66
 1921 0014 18000000 		.4byte	.LFE66
 1922 0018 00000000 		.4byte	0
 1923 001c 00000000 		.4byte	0
 1924              		.section	.debug_line,"",%progbits
 1925              	.Ldebug_line0:
 1926 0000 A7020000 		.section	.debug_str,"MS",%progbits,1
 1926      02006A02 
 1926      00000201 
 1926      FB0E0D00 
 1926      01010101 
 1927              	.LASF42:
 1928 0000 5F6F6E5F 		.ascii	"_on_exit_args\000"
 1928      65786974 
 1928      5F617267 
 1928      7300
 1929              	.LASF109:
 1930 000e 5F776374 		.ascii	"_wctomb_state\000"
 1930      6F6D625F 
 1930      73746174 
 1930      6500
 1931              	.LASF133:
 1932 001c 6D657373 		.ascii	"message\000"
 1932      61676500 
 1933              	.LASF128:
 1934 0024 66666C75 		.ascii	"fflush\000"
 1934      736800
 1935              	.LASF106:
 1936 002b 5F723438 		.ascii	"_r48\000"
 1936      00
 1937              	.LASF111:
 1938 0030 5F736967 		.ascii	"_signal_buf\000"
 1938      6E616C5F 
 1938      62756600 
ARM GAS  C:\Users\siman\AppData\Local\Temp\ccfyQ78N.s 			page 36


 1939              	.LASF8:
 1940 003c 756E7369 		.ascii	"unsigned int\000"
 1940      676E6564 
 1940      20696E74 
 1940      00
 1941              	.LASF134:
 1942 0049 6C6F675F 		.ascii	"log_file\000"
 1942      66696C65 
 1942      00
 1943              	.LASF56:
 1944 0052 5F6C6266 		.ascii	"_lbfsize\000"
 1944      73697A65 
 1944      00
 1945              	.LASF54:
 1946 005b 5F666C61 		.ascii	"_flags\000"
 1946      677300
 1947              	.LASF9:
 1948 0062 5F5F696E 		.ascii	"__int32_t\000"
 1948      7433325F 
 1948      7400
 1949              	.LASF71:
 1950 006c 5F657272 		.ascii	"_errno\000"
 1950      6E6F00
 1951              	.LASF131:
 1952 0073 75617274 		.ascii	"uart_driver.c\000"
 1952      5F647269 
 1952      7665722E 
 1952      6300
 1953              	.LASF15:
 1954 0081 5F4C4F43 		.ascii	"_LOCK_RECURSIVE_T\000"
 1954      4B5F5245 
 1954      43555253 
 1954      4956455F 
 1954      5400
 1955              	.LASF58:
 1956 0093 5F726561 		.ascii	"_read\000"
 1956      6400
 1957              	.LASF113:
 1958 0099 5F6D6272 		.ascii	"_mbrlen_state\000"
 1958      6C656E5F 
 1958      73746174 
 1958      6500
 1959              	.LASF73:
 1960 00a7 5F737464 		.ascii	"_stdout\000"
 1960      6F757400 
 1961              	.LASF17:
 1962 00af 5F66706F 		.ascii	"_fpos_t\000"
 1962      735F7400 
 1963              	.LASF49:
 1964 00b7 5F666E73 		.ascii	"_fns\000"
 1964      00
 1965              	.LASF57:
 1966 00bc 5F636F6F 		.ascii	"_cookie\000"
 1966      6B696500 
 1967              	.LASF31:
 1968 00c4 5F426967 		.ascii	"_Bigint\000"
 1968      696E7400 
ARM GAS  C:\Users\siman\AppData\Local\Temp\ccfyQ78N.s 			page 37


 1969              	.LASF39:
 1970 00cc 5F5F746D 		.ascii	"__tm_wday\000"
 1970      5F776461 
 1970      7900
 1971              	.LASF81:
 1972 00d6 5F726573 		.ascii	"_result\000"
 1972      756C7400 
 1973              	.LASF35:
 1974 00de 5F5F746D 		.ascii	"__tm_hour\000"
 1974      5F686F75 
 1974      7200
 1975              	.LASF22:
 1976 00e8 5F5F636F 		.ascii	"__count\000"
 1976      756E7400 
 1977              	.LASF11:
 1978 00f0 666C6F61 		.ascii	"float\000"
 1978      7400
 1979              	.LASF34:
 1980 00f6 5F5F746D 		.ascii	"__tm_min\000"
 1980      5F6D696E 
 1980      00
 1981              	.LASF119:
 1982 00ff 5F6E6578 		.ascii	"_nextf\000"
 1982      746600
 1983              	.LASF96:
 1984 0106 5F72616E 		.ascii	"_rand48\000"
 1984      64343800 
 1985              	.LASF123:
 1986 010e 55415254 		.ascii	"UART_Init\000"
 1986      5F496E69 
 1986      7400
 1987              	.LASF82:
 1988 0118 5F726573 		.ascii	"_result_k\000"
 1988      756C745F 
 1988      6B00
 1989              	.LASF7:
 1990 0122 6C6F6E67 		.ascii	"long long unsigned int\000"
 1990      206C6F6E 
 1990      6720756E 
 1990      7369676E 
 1990      65642069 
 1991              	.LASF102:
 1992 0139 5F617363 		.ascii	"_asctime_buf\000"
 1992      74696D65 
 1992      5F627566 
 1992      00
 1993              	.LASF53:
 1994 0146 5F5F7346 		.ascii	"__sFILE\000"
 1994      494C4500 
 1995              	.LASF30:
 1996 014e 5F776473 		.ascii	"_wds\000"
 1996      00
 1997              	.LASF92:
 1998 0153 5F5F4649 		.ascii	"__FILE\000"
 1998      4C4500
 1999              	.LASF65:
 2000 015a 5F6F6666 		.ascii	"_offset\000"
ARM GAS  C:\Users\siman\AppData\Local\Temp\ccfyQ78N.s 			page 38


 2000      73657400 
 2001              	.LASF127:
 2002 0162 66707269 		.ascii	"fprintf\000"
 2002      6E746600 
 2003              	.LASF76:
 2004 016a 5F656D65 		.ascii	"_emergency\000"
 2004      7267656E 
 2004      637900
 2005              	.LASF130:
 2006 0175 474E5520 		.ascii	"GNU C11 5.4.1 20160609 (release) [ARM/embedded-5-br"
 2006      43313120 
 2006      352E342E 
 2006      31203230 
 2006      31363036 
 2007 01a8 616E6368 		.ascii	"anch revision 237715] -mcpu=cortex-m3 -mthumb -g -O"
 2007      20726576 
 2007      6973696F 
 2007      6E203233 
 2007      37373135 
 2008 01db 67202D66 		.ascii	"g -ffunction-sections -ffat-lto-objects\000"
 2008      66756E63 
 2008      74696F6E 
 2008      2D736563 
 2008      74696F6E 
 2009              	.LASF136:
 2010 0203 70757473 		.ascii	"puts\000"
 2010      00
 2011              	.LASF33:
 2012 0208 5F5F746D 		.ascii	"__tm_sec\000"
 2012      5F736563 
 2012      00
 2013              	.LASF40:
 2014 0211 5F5F746D 		.ascii	"__tm_yday\000"
 2014      5F796461 
 2014      7900
 2015              	.LASF75:
 2016 021b 5F696E63 		.ascii	"_inc\000"
 2016      00
 2017              	.LASF48:
 2018 0220 5F696E64 		.ascii	"_ind\000"
 2018      00
 2019              	.LASF132:
 2020 0225 433A5C55 		.ascii	"C:\\Users\\siman\\OneDrive\\Documents\\PSoC Creator"
 2020      73657273 
 2020      5C73696D 
 2020      616E5C4F 
 2020      6E654472 
 2021 0253 5C417373 		.ascii	"\\Assignment\\MoonRider.cydsn\000"
 2021      69676E6D 
 2021      656E745C 
 2021      4D6F6F6E 
 2021      52696465 
 2022              	.LASF27:
 2023 026f 5F6E6578 		.ascii	"_next\000"
 2023      7400
 2024              	.LASF115:
 2025 0275 5F6D6273 		.ascii	"_mbsrtowcs_state\000"
ARM GAS  C:\Users\siman\AppData\Local\Temp\ccfyQ78N.s 			page 39


 2025      72746F77 
 2025      63735F73 
 2025      74617465 
 2025      00
 2026              	.LASF23:
 2027 0286 5F5F7661 		.ascii	"__value\000"
 2027      6C756500 
 2028              	.LASF83:
 2029 028e 5F703573 		.ascii	"_p5s\000"
 2029      00
 2030              	.LASF117:
 2031 0293 5F776373 		.ascii	"_wcsrtombs_state\000"
 2031      72746F6D 
 2031      62735F73 
 2031      74617465 
 2031      00
 2032              	.LASF107:
 2033 02a4 5F6D626C 		.ascii	"_mblen_state\000"
 2033      656E5F73 
 2033      74617465 
 2033      00
 2034              	.LASF13:
 2035 02b1 63686172 		.ascii	"char\000"
 2035      00
 2036              	.LASF36:
 2037 02b6 5F5F746D 		.ascii	"__tm_mday\000"
 2037      5F6D6461 
 2037      7900
 2038              	.LASF89:
 2039 02c0 5F736967 		.ascii	"_sig_func\000"
 2039      5F66756E 
 2039      6300
 2040              	.LASF114:
 2041 02ca 5F6D6272 		.ascii	"_mbrtowc_state\000"
 2041      746F7763 
 2041      5F737461 
 2041      746500
 2042              	.LASF88:
 2043 02d9 5F617465 		.ascii	"_atexit0\000"
 2043      78697430 
 2043      00
 2044              	.LASF124:
 2045 02e2 55415254 		.ascii	"UART_Log\000"
 2045      5F4C6F67 
 2045      00
 2046              	.LASF25:
 2047 02eb 5F666C6F 		.ascii	"_flock_t\000"
 2047      636B5F74 
 2047      00
 2048              	.LASF19:
 2049 02f4 5F5F7763 		.ascii	"__wch\000"
 2049      6800
 2050              	.LASF95:
 2051 02fa 5F696F62 		.ascii	"_iobs\000"
 2051      7300
 2052              	.LASF137:
 2053 0300 5F5F6275 		.ascii	"__builtin_puts\000"
ARM GAS  C:\Users\siman\AppData\Local\Temp\ccfyQ78N.s 			page 40


 2053      696C7469 
 2053      6E5F7075 
 2053      747300
 2054              	.LASF61:
 2055 030f 5F636C6F 		.ascii	"_close\000"
 2055      736500
 2056              	.LASF79:
 2057 0316 5F5F7364 		.ascii	"__sdidinit\000"
 2057      6964696E 
 2057      697400
 2058              	.LASF72:
 2059 0321 5F737464 		.ascii	"_stdin\000"
 2059      696E00
 2060              	.LASF104:
 2061 0328 5F67616D 		.ascii	"_gamma_signgam\000"
 2061      6D615F73 
 2061      69676E67 
 2061      616D00
 2062              	.LASF6:
 2063 0337 6C6F6E67 		.ascii	"long long int\000"
 2063      206C6F6E 
 2063      6720696E 
 2063      7400
 2064              	.LASF51:
 2065 0345 5F626173 		.ascii	"_base\000"
 2065      6500
 2066              	.LASF84:
 2067 034b 5F667265 		.ascii	"_freelist\000"
 2067      656C6973 
 2067      7400
 2068              	.LASF98:
 2069 0355 5F6D756C 		.ascii	"_mult\000"
 2069      7400
 2070              	.LASF26:
 2071 035b 5F5F554C 		.ascii	"__ULong\000"
 2071      6F6E6700 
 2072              	.LASF116:
 2073 0363 5F776372 		.ascii	"_wcrtomb_state\000"
 2073      746F6D62 
 2073      5F737461 
 2073      746500
 2074              	.LASF55:
 2075 0372 5F66696C 		.ascii	"_file\000"
 2075      6500
 2076              	.LASF80:
 2077 0378 5F5F636C 		.ascii	"__cleanup\000"
 2077      65616E75 
 2077      7000
 2078              	.LASF24:
 2079 0382 5F6D6273 		.ascii	"_mbstate_t\000"
 2079      74617465 
 2079      5F7400
 2080              	.LASF41:
 2081 038d 5F5F746D 		.ascii	"__tm_isdst\000"
 2081      5F697364 
 2081      737400
 2082              	.LASF118:
ARM GAS  C:\Users\siman\AppData\Local\Temp\ccfyQ78N.s 			page 41


 2083 0398 5F685F65 		.ascii	"_h_errno\000"
 2083      72726E6F 
 2083      00
 2084              	.LASF126:
 2085 03a1 666F7065 		.ascii	"fopen\000"
 2085      6E00
 2086              	.LASF37:
 2087 03a7 5F5F746D 		.ascii	"__tm_mon\000"
 2087      5F6D6F6E 
 2087      00
 2088              	.LASF14:
 2089 03b0 6C6F6E67 		.ascii	"long double\000"
 2089      20646F75 
 2089      626C6500 
 2090              	.LASF59:
 2091 03bc 5F777269 		.ascii	"_write\000"
 2091      746500
 2092              	.LASF47:
 2093 03c3 5F617465 		.ascii	"_atexit\000"
 2093      78697400 
 2094              	.LASF68:
 2095 03cb 5F6D6273 		.ascii	"_mbstate\000"
 2095      74617465 
 2095      00
 2096              	.LASF2:
 2097 03d4 73686F72 		.ascii	"short int\000"
 2097      7420696E 
 2097      7400
 2098              	.LASF4:
 2099 03de 6C6F6E67 		.ascii	"long int\000"
 2099      20696E74 
 2099      00
 2100              	.LASF135:
 2101 03e7 49544D5F 		.ascii	"ITM_RxBuffer\000"
 2101      52784275 
 2101      66666572 
 2101      00
 2102              	.LASF91:
 2103 03f4 5F5F7366 		.ascii	"__sf\000"
 2103      00
 2104              	.LASF29:
 2105 03f9 5F736967 		.ascii	"_sign\000"
 2105      6E00
 2106              	.LASF78:
 2107 03ff 5F637572 		.ascii	"_current_locale\000"
 2107      72656E74 
 2107      5F6C6F63 
 2107      616C6500 
 2108              	.LASF66:
 2109 040f 5F646174 		.ascii	"_data\000"
 2109      6100
 2110              	.LASF20:
 2111 0415 5F5F7763 		.ascii	"__wchb\000"
 2111      686200
 2112              	.LASF129:
 2113 041c 66636C6F 		.ascii	"fclose\000"
 2113      736500
ARM GAS  C:\Users\siman\AppData\Local\Temp\ccfyQ78N.s 			page 42


 2114              	.LASF38:
 2115 0423 5F5F746D 		.ascii	"__tm_year\000"
 2115      5F796561 
 2115      7200
 2116              	.LASF103:
 2117 042d 5F6C6F63 		.ascii	"_localtime_buf\000"
 2117      616C7469 
 2117      6D655F62 
 2117      756600
 2118              	.LASF121:
 2119 043c 5F756E75 		.ascii	"_unused\000"
 2119      73656400 
 2120              	.LASF87:
 2121 0444 5F6E6577 		.ascii	"_new\000"
 2121      00
 2122              	.LASF85:
 2123 0449 5F637674 		.ascii	"_cvtlen\000"
 2123      6C656E00 
 2124              	.LASF28:
 2125 0451 5F6D6178 		.ascii	"_maxwds\000"
 2125      77647300 
 2126              	.LASF110:
 2127 0459 5F6C3634 		.ascii	"_l64a_buf\000"
 2127      615F6275 
 2127      6600
 2128              	.LASF77:
 2129 0463 5F637572 		.ascii	"_current_category\000"
 2129      72656E74 
 2129      5F636174 
 2129      65676F72 
 2129      7900
 2130              	.LASF64:
 2131 0475 5F626C6B 		.ascii	"_blksize\000"
 2131      73697A65 
 2131      00
 2132              	.LASF32:
 2133 047e 5F5F746D 		.ascii	"__tm\000"
 2133      00
 2134              	.LASF67:
 2135 0483 5F6C6F63 		.ascii	"_lock\000"
 2135      6B00
 2136              	.LASF21:
 2137 0489 73697A65 		.ascii	"sizetype\000"
 2137      74797065 
 2137      00
 2138              	.LASF5:
 2139 0492 6C6F6E67 		.ascii	"long unsigned int\000"
 2139      20756E73 
 2139      69676E65 
 2139      6420696E 
 2139      7400
 2140              	.LASF94:
 2141 04a4 5F6E696F 		.ascii	"_niobs\000"
 2141      627300
 2142              	.LASF18:
 2143 04ab 77696E74 		.ascii	"wint_t\000"
 2143      5F7400
ARM GAS  C:\Users\siman\AppData\Local\Temp\ccfyQ78N.s 			page 43


 2144              	.LASF10:
 2145 04b2 696E7433 		.ascii	"int32_t\000"
 2145      325F7400 
 2146              	.LASF44:
 2147 04ba 5F64736F 		.ascii	"_dso_handle\000"
 2147      5F68616E 
 2147      646C6500 
 2148              	.LASF125:
 2149 04c6 55415254 		.ascii	"UART_Close\000"
 2149      5F436C6F 
 2149      736500
 2150              	.LASF86:
 2151 04d1 5F637674 		.ascii	"_cvtbuf\000"
 2151      62756600 
 2152              	.LASF1:
 2153 04d9 756E7369 		.ascii	"unsigned char\000"
 2153      676E6564 
 2153      20636861 
 2153      7200
 2154              	.LASF112:
 2155 04e7 5F676574 		.ascii	"_getdate_err\000"
 2155      64617465 
 2155      5F657272 
 2155      00
 2156              	.LASF99:
 2157 04f4 5F616464 		.ascii	"_add\000"
 2157      00
 2158              	.LASF50:
 2159 04f9 5F5F7362 		.ascii	"__sbuf\000"
 2159      756600
 2160              	.LASF93:
 2161 0500 5F676C75 		.ascii	"_glue\000"
 2161      6500
 2162              	.LASF90:
 2163 0506 5F5F7367 		.ascii	"__sglue\000"
 2163      6C756500 
 2164              	.LASF101:
 2165 050e 5F737472 		.ascii	"_strtok_last\000"
 2165      746F6B5F 
 2165      6C617374 
 2165      00
 2166              	.LASF108:
 2167 051b 5F6D6274 		.ascii	"_mbtowc_state\000"
 2167      6F77635F 
 2167      73746174 
 2167      6500
 2168              	.LASF43:
 2169 0529 5F666E61 		.ascii	"_fnargs\000"
 2169      72677300 
 2170              	.LASF0:
 2171 0531 7369676E 		.ascii	"signed char\000"
 2171      65642063 
 2171      68617200 
 2172              	.LASF70:
 2173 053d 5F726565 		.ascii	"_reent\000"
 2173      6E7400
 2174              	.LASF3:
ARM GAS  C:\Users\siman\AppData\Local\Temp\ccfyQ78N.s 			page 44


 2175 0544 73686F72 		.ascii	"short unsigned int\000"
 2175      7420756E 
 2175      7369676E 
 2175      65642069 
 2175      6E7400
 2176              	.LASF45:
 2177 0557 5F666E74 		.ascii	"_fntypes\000"
 2177      79706573 
 2177      00
 2178              	.LASF52:
 2179 0560 5F73697A 		.ascii	"_size\000"
 2179      6500
 2180              	.LASF12:
 2181 0566 646F7562 		.ascii	"double\000"
 2181      6C6500
 2182              	.LASF16:
 2183 056d 5F6F6666 		.ascii	"_off_t\000"
 2183      5F7400
 2184              	.LASF63:
 2185 0574 5F6E6275 		.ascii	"_nbuf\000"
 2185      6600
 2186              	.LASF100:
 2187 057a 5F756E75 		.ascii	"_unused_rand\000"
 2187      7365645F 
 2187      72616E64 
 2187      00
 2188              	.LASF122:
 2189 0587 46494C45 		.ascii	"FILE\000"
 2189      00
 2190              	.LASF69:
 2191 058c 5F666C61 		.ascii	"_flags2\000"
 2191      67733200 
 2192              	.LASF46:
 2193 0594 5F69735F 		.ascii	"_is_cxa\000"
 2193      63786100 
 2194              	.LASF97:
 2195 059c 5F736565 		.ascii	"_seed\000"
 2195      6400
 2196              	.LASF105:
 2197 05a2 5F72616E 		.ascii	"_rand_next\000"
 2197      645F6E65 
 2197      787400
 2198              	.LASF60:
 2199 05ad 5F736565 		.ascii	"_seek\000"
 2199      6B00
 2200              	.LASF74:
 2201 05b3 5F737464 		.ascii	"_stderr\000"
 2201      65727200 
 2202              	.LASF120:
 2203 05bb 5F6E6D61 		.ascii	"_nmalloc\000"
 2203      6C6C6F63 
 2203      00
 2204              	.LASF62:
 2205 05c4 5F756275 		.ascii	"_ubuf\000"
 2205      6600
 2206              		.ident	"GCC: (GNU Tools for ARM Embedded Processors) 5.4.1 20160609 (release) [ARM/embedded-5-bran
